Initializing document watcher...
laravel_flutter/database/seeders/PostSeeder.php: {"insertSpaces":true,"tabSize":4}
laravel_flutter/database/seeders/UserSeeder.php: {"insertSpaces":true,"tabSize":4}
laravel_flutter/app/Http/Resources/PostResource.php: {"insertSpaces":true,"tabSize":4}
laravel_flutter/database/seeders/PostSeeder.php: {"insertSpaces":true,"tabSize":4}
laravel_flutter/database/seeders/PostSeeder.php: Using EditorConfig core...
database/seeders/PostSeeder.php: setEndOfLine(LF)
database/seeders/PostSeeder.php: editor.action.trimTrailingWhitespace
laravel_flutter/database/seeders/PostSeeder.php: Using EditorConfig core...
database/seeders/PostSeeder.php: setEndOfLine(LF)
database/seeders/PostSeeder.php: editor.action.trimTrailingWhitespace
laravel_flutter/database/seeders/PostSeeder.php: Using EditorConfig core...
database/seeders/PostSeeder.php: setEndOfLine(LF)
database/seeders/PostSeeder.php: editor.action.trimTrailingWhitespace
laravel_flutter/database/seeders/PostSeeder.php: Using EditorConfig core...
database/seeders/PostSeeder.php: setEndOfLine(LF)
database/seeders/PostSeeder.php: editor.action.trimTrailingWhitespace
laravel_flutter/database/seeders/PostSeeder.php: Using EditorConfig core...
database/seeders/PostSeeder.php: setEndOfLine(LF)
database/seeders/PostSeeder.php: editor.action.trimTrailingWhitespace
laravel_flutter/database/seeders/PostSeeder.php: Using EditorConfig core...
database/seeders/PostSeeder.php: setEndOfLine(LF)
database/seeders/PostSeeder.php: editor.action.trimTrailingWhitespace
laravel_flutter/database/seeders/PostSeeder.php: Using EditorConfig core...
database/seeders/PostSeeder.php: setEndOfLine(LF)
database/seeders/PostSeeder.php: editor.action.trimTrailingWhitespace
laravel_flutter/database/seeders/PostSeeder.php: Using EditorConfig core...
database/seeders/PostSeeder.php: setEndOfLine(LF)
database/seeders/PostSeeder.php: editor.action.trimTrailingWhitespace
laravel_flutter/database/seeders/PostSeeder.php: Using EditorConfig core...
database/seeders/PostSeeder.php: setEndOfLine(LF)
database/seeders/PostSeeder.php: editor.action.trimTrailingWhitespace
laravel_flutter/database/seeders/PostSeeder.php: Using EditorConfig core...
database/seeders/PostSeeder.php: setEndOfLine(LF)
database/seeders/PostSeeder.php: editor.action.trimTrailingWhitespace
laravel_flutter/database/seeders/PostSeeder.php: Using EditorConfig core...
database/seeders/PostSeeder.php: setEndOfLine(LF)
database/seeders/PostSeeder.php: editor.action.trimTrailingWhitespace
laravel_flutter/database/seeders/PostSeeder.php: Using EditorConfig core...
database/seeders/PostSeeder.php: setEndOfLine(LF)
database/seeders/PostSeeder.php: editor.action.trimTrailingWhitespace
laravel_flutter/database/seeders/PostSeeder.php: Using EditorConfig core...
database/seeders/PostSeeder.php: setEndOfLine(LF)
database/seeders/PostSeeder.php: editor.action.trimTrailingWhitespace
laravel_flutter/database/seeders/PostSeeder.php: Using EditorConfig core...
database/seeders/PostSeeder.php: setEndOfLine(LF)
database/seeders/PostSeeder.php: editor.action.trimTrailingWhitespace
laravel_flutter/database/seeders/PostSeeder.php: Using EditorConfig core...
database/seeders/PostSeeder.php: setEndOfLine(LF)
database/seeders/PostSeeder.php: editor.action.trimTrailingWhitespace
laravel_flutter/database/seeders/PostSeeder.php: Using EditorConfig core...
database/seeders/PostSeeder.php: setEndOfLine(LF)
database/seeders/PostSeeder.php: editor.action.trimTrailingWhitespace
laravel_flutter/database/seeders/PostSeeder.php: Using EditorConfig core...
database/seeders/PostSeeder.php: setEndOfLine(LF)
database/seeders/PostSeeder.php: editor.action.trimTrailingWhitespace
laravel_flutter/database/seeders/PostSeeder.php: {"insertSpaces":true,"tabSize":4}
laravel_flutter/database/seeders/PostSeeder.php: {"insertSpaces":true,"tabSize":4}
laravel_flutter/database/seeders/PostSeeder.php: Using EditorConfig core...
database/seeders/PostSeeder.php: setEndOfLine(LF)
database/seeders/PostSeeder.php: editor.action.trimTrailingWhitespace
laravel_flutter/database/seeders/PostSeeder.php: Using EditorConfig core...
database/seeders/PostSeeder.php: setEndOfLine(LF)
database/seeders/PostSeeder.php: editor.action.trimTrailingWhitespace
laravel_flutter/database/seeders/PostSeeder.php: Using EditorConfig core...
database/seeders/PostSeeder.php: setEndOfLine(LF)
database/seeders/PostSeeder.php: editor.action.trimTrailingWhitespace
laravel_flutter/app/Http/Resources/PostResource.php: {"insertSpaces":true,"tabSize":4}
laravel_flutter/app/Http/Resources/PostResource.php: Using EditorConfig core...
app/Http/Resources/PostResource.php: setEndOfLine(LF)
app/Http/Resources/PostResource.php: editor.action.trimTrailingWhitespace
laravel_flutter/app/Http/Resources/PostResource.php: Using EditorConfig core...
app/Http/Resources/PostResource.php: setEndOfLine(LF)
app/Http/Resources/PostResource.php: editor.action.trimTrailingWhitespace
laravel_flutter/app/Http/Resources/PostResource.php: Using EditorConfig core...
app/Http/Resources/PostResource.php: setEndOfLine(LF)
app/Http/Resources/PostResource.php: editor.action.trimTrailingWhitespace
laravel_flutter/app/Http/Resources/PostResource.php: Using EditorConfig core...
app/Http/Resources/PostResource.php: setEndOfLine(LF)
app/Http/Resources/PostResource.php: editor.action.trimTrailingWhitespace
laravel_flutter/app/Http/Resources/PostResource.php: Using EditorConfig core...
app/Http/Resources/PostResource.php: setEndOfLine(LF)
app/Http/Resources/PostResource.php: editor.action.trimTrailingWhitespace
laravel_flutter/app/Http/Resources/PostResource.php: Using EditorConfig core...
app/Http/Resources/PostResource.php: setEndOfLine(LF)
app/Http/Resources/PostResource.php: editor.action.trimTrailingWhitespace
laravel_flutter/app/Http/Resources/PostResource.php: Using EditorConfig core...
app/Http/Resources/PostResource.php: setEndOfLine(LF)
app/Http/Resources/PostResource.php: editor.action.trimTrailingWhitespace
laravel_flutter/app/Http/Resources/PostResource.php: Using EditorConfig core...
app/Http/Resources/PostResource.php: setEndOfLine(LF)
app/Http/Resources/PostResource.php: editor.action.trimTrailingWhitespace
laravel_flutter/app/Http/Resources/PostResource.php: Using EditorConfig core...
app/Http/Resources/PostResource.php: setEndOfLine(LF)
app/Http/Resources/PostResource.php: editor.action.trimTrailingWhitespace
laravel_flutter/app/Http/Resources/PostResource.php: Using EditorConfig core...
app/Http/Resources/PostResource.php: setEndOfLine(LF)
app/Http/Resources/PostResource.php: editor.action.trimTrailingWhitespace
laravel_flutter/app/Http/Resources/PostResource.php: Using EditorConfig core...
app/Http/Resources/PostResource.php: setEndOfLine(LF)
app/Http/Resources/PostResource.php: editor.action.trimTrailingWhitespace
laravel_flutter/app/Http/Resources/PostResource.php: Using EditorConfig core...
app/Http/Resources/PostResource.php: setEndOfLine(LF)
app/Http/Resources/PostResource.php: editor.action.trimTrailingWhitespace
laravel_flutter/app/Http/Resources/PostResource.php: Using EditorConfig core...
app/Http/Resources/PostResource.php: setEndOfLine(LF)
app/Http/Resources/PostResource.php: editor.action.trimTrailingWhitespace
laravel_flutter/app/Http/Resources/PostResource.php: {"insertSpaces":true,"tabSize":4}
laravel_flutter/app/Http/Resources/PostResource.php: Using EditorConfig core...
app/Http/Resources/PostResource.php: setEndOfLine(LF)
app/Http/Resources/PostResource.php: editor.action.trimTrailingWhitespace
laravel_flutter/app/Http/Resources/PostResource.php: Using EditorConfig core...
app/Http/Resources/PostResource.php: setEndOfLine(LF)
app/Http/Resources/PostResource.php: editor.action.trimTrailingWhitespace
laravel_flutter/app/Http/Resources/PostResource.php: Using EditorConfig core...
app/Http/Resources/PostResource.php: setEndOfLine(LF)
app/Http/Resources/PostResource.php: editor.action.trimTrailingWhitespace
laravel_flutter/app/Http/Resources/PostResource.php: Using EditorConfig core...
app/Http/Resources/PostResource.php: setEndOfLine(LF)
app/Http/Resources/PostResource.php: editor.action.trimTrailingWhitespace
laravel_flutter/app/Http/Resources/PostResource.php: Using EditorConfig core...
app/Http/Resources/PostResource.php: setEndOfLine(LF)
app/Http/Resources/PostResource.php: editor.action.trimTrailingWhitespace
laravel_flutter/app/Http/Resources/PostResource.php: Using EditorConfig core...
app/Http/Resources/PostResource.php: setEndOfLine(LF)
app/Http/Resources/PostResource.php: editor.action.trimTrailingWhitespace
laravel_flutter/app/Http/Resources/PostResource.php: Using EditorConfig core...
app/Http/Resources/PostResource.php: setEndOfLine(LF)
app/Http/Resources/PostResource.php: editor.action.trimTrailingWhitespace
laravel_flutter/app/Http/Resources/PostResource.php: Using EditorConfig core...
app/Http/Resources/PostResource.php: setEndOfLine(LF)
app/Http/Resources/PostResource.php: editor.action.trimTrailingWhitespace
laravel_flutter/app/Http/Resources/PostResource.php: Using EditorConfig core...
app/Http/Resources/PostResource.php: setEndOfLine(LF)
app/Http/Resources/PostResource.php: editor.action.trimTrailingWhitespace
laravel_flutter/app/Http/Resources/PostResource.php: Using EditorConfig core...
app/Http/Resources/PostResource.php: setEndOfLine(LF)
app/Http/Resources/PostResource.php: editor.action.trimTrailingWhitespace
laravel_flutter/app/Http/Resources/PostResource.php: Using EditorConfig core...
app/Http/Resources/PostResource.php: setEndOfLine(LF)
app/Http/Resources/PostResource.php: editor.action.trimTrailingWhitespace
laravel_flutter/app/Http/Resources/PostResource.php: Using EditorConfig core...
app/Http/Resources/PostResource.php: setEndOfLine(LF)
app/Http/Resources/PostResource.php: editor.action.trimTrailingWhitespace
laravel_flutter/app/Http/Resources/PostResource.php: {"insertSpaces":true,"tabSize":4}
laravel_flutter/database/seeders/PostSeeder.php: {"insertSpaces":true,"tabSize":4}
laravel_flutter/database/seeders/PostSeeder.php: {"insertSpaces":true,"tabSize":4}
laravel_flutter/database/seeders/PostSeeder.php: {"insertSpaces":true,"tabSize":4}
laravel_flutter/database/seeders/PostSeeder.php: {"insertSpaces":true,"tabSize":4}
laravel_flutter/database/seeders/PostSeeder.php: {"insertSpaces":true,"tabSize":4}
laravel_flutter/routes/api.php: {"insertSpaces":true,"tabSize":4}
laravel_flutter/routes/api.php: {"insertSpaces":true,"tabSize":4}
laravel_flutter/routes/api.php: {"insertSpaces":true,"tabSize":4}
laravel_flutter/database/seeders/PostSeeder.php: {"insertSpaces":true,"tabSize":4}
laravel_flutter/database/seeders/PostSeeder.php: Using EditorConfig core...
database/seeders/PostSeeder.php: setEndOfLine(LF)
database/seeders/PostSeeder.php: editor.action.trimTrailingWhitespace
laravel_flutter/database/seeders/PostSeeder.php: Using EditorConfig core...
database/seeders/PostSeeder.php: setEndOfLine(LF)
database/seeders/PostSeeder.php: editor.action.trimTrailingWhitespace
laravel_flutter/database/seeders/PostSeeder.php: {"insertSpaces":true,"tabSize":4}
laravel_flutter/database/seeders/PostSeeder.php: {"insertSpaces":true,"tabSize":4}
laravel_flutter/database/seeders/PostSeeder.php: {"insertSpaces":true,"tabSize":4}
laravel_flutter/database/seeders/PostSeeder.php: Using EditorConfig core...
database/seeders/PostSeeder.php: setEndOfLine(LF)
database/seeders/PostSeeder.php: editor.action.trimTrailingWhitespace
laravel_flutter/database/seeders/PostSeeder.php: {"insertSpaces":true,"tabSize":4}
laravel_flutter/app/Http/Resources/PostResource.php: {"insertSpaces":true,"tabSize":4}
laravel_flutter/vendor/laravel/framework/src/Illuminate/Database/Query/Builder.php: {"insertSpaces":true,"tabSize":4}
laravel_flutter/app/Http/Resources/PostResource.php: {"insertSpaces":true,"tabSize":4}
laravel_flutter/app/Http/Resources/PostResource.php: {"insertSpaces":true,"tabSize":4}
laravel_flutter/app/Http/Resources/PostResource.php: {"insertSpaces":true,"tabSize":4}
laravel_flutter/app/Http/Resources/PostResource.php: Using EditorConfig core...
app/Http/Resources/PostResource.php: setEndOfLine(LF)
app/Http/Resources/PostResource.php: editor.action.trimTrailingWhitespace
laravel_flutter/app/Http/Resources/PostResource.php: Using EditorConfig core...
app/Http/Resources/PostResource.php: setEndOfLine(LF)
app/Http/Resources/PostResource.php: editor.action.trimTrailingWhitespace
laravel_flutter/app/Http/Resources/PostResource.php: {"insertSpaces":true,"tabSize":4}
laravel_flutter/app/Http/Resources/PostResource.php: {"insertSpaces":true,"tabSize":4}
laravel_flutter/app/Http/Resources/TagResource.php: {"insertSpaces":true,"tabSize":4}
laravel_flutter/app/Http/Resources/TagResource.php: Using EditorConfig core...
app/Http/Resources/TagResource.php: setEndOfLine(LF)
app/Http/Resources/TagResource.php: editor.action.trimTrailingWhitespace
laravel_flutter/app/Http/Resources/TagResource.php: Using EditorConfig core...
app/Http/Resources/TagResource.php: setEndOfLine(LF)
app/Http/Resources/TagResource.php: editor.action.trimTrailingWhitespace
laravel_flutter/app/Http/Resources/TagResource.php: Using EditorConfig core...
app/Http/Resources/TagResource.php: setEndOfLine(LF)
app/Http/Resources/TagResource.php: editor.action.trimTrailingWhitespace
laravel_flutter/app/Http/Resources/TagResource.php: Using EditorConfig core...
app/Http/Resources/TagResource.php: setEndOfLine(LF)
app/Http/Resources/TagResource.php: editor.action.trimTrailingWhitespace
laravel_flutter/app/Http/Resources/TagResource.php: Using EditorConfig core...
app/Http/Resources/TagResource.php: setEndOfLine(LF)
app/Http/Resources/TagResource.php: editor.action.trimTrailingWhitespace
laravel_flutter/app/Http/Resources/TagResource.php: Using EditorConfig core...
app/Http/Resources/TagResource.php: setEndOfLine(LF)
app/Http/Resources/TagResource.php: editor.action.trimTrailingWhitespace
laravel_flutter/app/Http/Resources/TagResource.php: Using EditorConfig core...
app/Http/Resources/TagResource.php: setEndOfLine(LF)
app/Http/Resources/TagResource.php: editor.action.trimTrailingWhitespace
laravel_flutter/app/Http/Resources/TagResource.php: Using EditorConfig core...
app/Http/Resources/TagResource.php: setEndOfLine(LF)
app/Http/Resources/TagResource.php: editor.action.trimTrailingWhitespace
laravel_flutter/app/Http/Resources/TagResource.php: Using EditorConfig core...
app/Http/Resources/TagResource.php: setEndOfLine(LF)
app/Http/Resources/TagResource.php: editor.action.trimTrailingWhitespace
laravel_flutter/app/Http/Resources/TagResource.php: Using EditorConfig core...
app/Http/Resources/TagResource.php: setEndOfLine(LF)
app/Http/Resources/TagResource.php: editor.action.trimTrailingWhitespace
laravel_flutter/app/Http/Resources/TagResource.php: Using EditorConfig core...
app/Http/Resources/TagResource.php: setEndOfLine(LF)
app/Http/Resources/TagResource.php: editor.action.trimTrailingWhitespace
laravel_flutter/app/Http/Resources/TagResource.php: Using EditorConfig core...
app/Http/Resources/TagResource.php: setEndOfLine(LF)
app/Http/Resources/TagResource.php: editor.action.trimTrailingWhitespace
laravel_flutter/app/Http/Resources/TagResource.php: Using EditorConfig core...
app/Http/Resources/TagResource.php: setEndOfLine(LF)
app/Http/Resources/TagResource.php: editor.action.trimTrailingWhitespace
laravel_flutter/app/Http/Resources/TagResource.php: Using EditorConfig core...
app/Http/Resources/TagResource.php: setEndOfLine(LF)
app/Http/Resources/TagResource.php: editor.action.trimTrailingWhitespace
laravel_flutter/app/Http/Resources/PostWithTagResource.php: {"insertSpaces":true,"tabSize":4}
laravel_flutter/app/Http/Resources/PostWithTagResource.php: Using EditorConfig core...
app/Http/Resources/PostWithTagResource.php: setEndOfLine(LF)
app/Http/Resources/PostWithTagResource.php: editor.action.trimTrailingWhitespace
laravel_flutter/app/Http/Resources/PostWithTagResource.php: Using EditorConfig core...
app/Http/Resources/PostWithTagResource.php: setEndOfLine(LF)
app/Http/Resources/PostWithTagResource.php: editor.action.trimTrailingWhitespace
laravel_flutter/app/Http/Resources/PostWithTagResource.php: Using EditorConfig core...
app/Http/Resources/PostWithTagResource.php: setEndOfLine(LF)
app/Http/Resources/PostWithTagResource.php: editor.action.trimTrailingWhitespace
laravel_flutter/app/Http/Resources/PostWithTagResource.php: Using EditorConfig core...
app/Http/Resources/PostWithTagResource.php: setEndOfLine(LF)
app/Http/Resources/PostWithTagResource.php: editor.action.trimTrailingWhitespace
laravel_flutter/app/Http/Resources/PostWithTagResource.php: Using EditorConfig core...
app/Http/Resources/PostWithTagResource.php: setEndOfLine(LF)
app/Http/Resources/PostWithTagResource.php: editor.action.trimTrailingWhitespace
laravel_flutter/app/Http/Resources/PostWithTagResource.php: Using EditorConfig core...
app/Http/Resources/PostWithTagResource.php: setEndOfLine(LF)
app/Http/Resources/PostWithTagResource.php: editor.action.trimTrailingWhitespace
laravel_flutter/app/Http/Resources/PostWithTagResource.php: Using EditorConfig core...
app/Http/Resources/PostWithTagResource.php: setEndOfLine(LF)
app/Http/Resources/PostWithTagResource.php: editor.action.trimTrailingWhitespace
laravel_flutter/app/Http/Resources/PostWithTagResource.php: Using EditorConfig core...
app/Http/Resources/PostWithTagResource.php: setEndOfLine(LF)
app/Http/Resources/PostWithTagResource.php: editor.action.trimTrailingWhitespace
laravel_flutter/app/Http/Resources/PostWithTagResource.php: Using EditorConfig core...
app/Http/Resources/PostWithTagResource.php: setEndOfLine(LF)
app/Http/Resources/PostWithTagResource.php: editor.action.trimTrailingWhitespace
laravel_flutter/app/Http/Resources/PostWithTagResource.php: Using EditorConfig core...
app/Http/Resources/PostWithTagResource.php: setEndOfLine(LF)
app/Http/Resources/PostWithTagResource.php: editor.action.trimTrailingWhitespace
laravel_flutter/app/Http/Resources/PostWithTagResource.php: Using EditorConfig core...
app/Http/Resources/PostWithTagResource.php: setEndOfLine(LF)
app/Http/Resources/PostWithTagResource.php: editor.action.trimTrailingWhitespace
laravel_flutter/app/Http/Resources/PostWithTagResource.php: Using EditorConfig core...
app/Http/Resources/PostWithTagResource.php: setEndOfLine(LF)
app/Http/Resources/PostWithTagResource.php: editor.action.trimTrailingWhitespace
laravel_flutter/app/Http/Resources/PostWithTagResource.php: Using EditorConfig core...
app/Http/Resources/PostWithTagResource.php: setEndOfLine(LF)
app/Http/Resources/PostWithTagResource.php: editor.action.trimTrailingWhitespace
laravel_flutter/app/Http/Resources/PostWithTagResource.php: Using EditorConfig core...
app/Http/Resources/PostWithTagResource.php: setEndOfLine(LF)
app/Http/Resources/PostWithTagResource.php: editor.action.trimTrailingWhitespace
laravel_flutter/app/Http/Resources/PostWithTagResource.php: Using EditorConfig core...
app/Http/Resources/PostWithTagResource.php: setEndOfLine(LF)
app/Http/Resources/PostWithTagResource.php: editor.action.trimTrailingWhitespace
laravel_flutter/app/Http/Resources/PostWithTagResource.php: Using EditorConfig core...
app/Http/Resources/PostWithTagResource.php: setEndOfLine(LF)
app/Http/Resources/PostWithTagResource.php: editor.action.trimTrailingWhitespace
laravel_flutter/app/Http/Resources/TagResource.php: {"insertSpaces":true,"tabSize":4}
laravel_flutter/app/Http/Resources/PostWithTagResource.php: {"insertSpaces":true,"tabSize":4}
laravel_flutter/app/Http/Resources/PostResource.php: {"insertSpaces":true,"tabSize":4}
laravel_flutter/app/Http/Resources/PostWithTagResource.php: {"insertSpaces":true,"tabSize":4}
laravel_flutter/app/Http/Resources/PostWithTagResource.php: Using EditorConfig core...
app/Http/Resources/PostWithTagResource.php: setEndOfLine(LF)
app/Http/Resources/PostWithTagResource.php: editor.action.trimTrailingWhitespace
laravel_flutter/app/Http/Resources/PostWithTagResource.php: Using EditorConfig core...
app/Http/Resources/PostWithTagResource.php: setEndOfLine(LF)
app/Http/Resources/PostWithTagResource.php: editor.action.trimTrailingWhitespace
laravel_flutter/app/Http/Resources/PostWithTagResource.php: {"insertSpaces":true,"tabSize":4}
laravel_flutter/app/Http/Resources/PostWithTagResource.php: {"insertSpaces":true,"tabSize":4}
laravel_flutter/app/Http/Resources/PostWithTagResource.php: {"insertSpaces":true,"tabSize":4}
laravel_flutter/app/Http/Resources/PostWithTagResource.php: {"insertSpaces":true,"tabSize":4}
laravel_flutter/app/Http/Resources/PostWithTagResource.php: {"insertSpaces":true,"tabSize":4}
laravel_flutter/app/Http/Resources/TagResource.php: {"insertSpaces":true,"tabSize":4}
laravel_flutter/app/Http/Resources/PostResource.php: {"insertSpaces":true,"tabSize":4}
laravel_flutter/app/Http/Resources/PostResource.php: Using EditorConfig core...
app/Http/Resources/PostResource.php: setEndOfLine(LF)
app/Http/Resources/PostResource.php: editor.action.trimTrailingWhitespace
laravel_flutter/app/Http/Resources/PostResource.php: Using EditorConfig core...
app/Http/Resources/PostResource.php: setEndOfLine(LF)
app/Http/Resources/PostResource.php: editor.action.trimTrailingWhitespace
laravel_flutter/app/Http/Resources/PostResource.php: Using EditorConfig core...
app/Http/Resources/PostResource.php: setEndOfLine(LF)
app/Http/Resources/PostResource.php: editor.action.trimTrailingWhitespace
laravel_flutter/app/Http/Resources/PostResource.php: Using EditorConfig core...
app/Http/Resources/PostResource.php: setEndOfLine(LF)
app/Http/Resources/PostResource.php: editor.action.trimTrailingWhitespace
laravel_flutter/app/Http/Resources/PostResource.php: Using EditorConfig core...
app/Http/Resources/PostResource.php: setEndOfLine(LF)
app/Http/Resources/PostResource.php: editor.action.trimTrailingWhitespace
laravel_flutter/app/Http/Resources/PostResource.php: Using EditorConfig core...
app/Http/Resources/PostResource.php: setEndOfLine(LF)
app/Http/Resources/PostResource.php: editor.action.trimTrailingWhitespace
laravel_flutter/app/Http/Resources/PostResource.php: Using EditorConfig core...
app/Http/Resources/PostResource.php: setEndOfLine(LF)
app/Http/Resources/PostResource.php: editor.action.trimTrailingWhitespace
laravel_flutter/app/Http/Resources/PostResource.php: Using EditorConfig core...
app/Http/Resources/PostResource.php: setEndOfLine(LF)
app/Http/Resources/PostResource.php: editor.action.trimTrailingWhitespace
laravel_flutter/app/Http/Resources/PostResource.php: Using EditorConfig core...
app/Http/Resources/PostResource.php: setEndOfLine(LF)
app/Http/Resources/PostResource.php: editor.action.trimTrailingWhitespace
laravel_flutter/app/Http/Resources/PostResource.php: Using EditorConfig core...
app/Http/Resources/PostResource.php: setEndOfLine(LF)
app/Http/Resources/PostResource.php: editor.action.trimTrailingWhitespace
laravel_flutter/app/Http/Resources/PostResource.php: Using EditorConfig core...
app/Http/Resources/PostResource.php: setEndOfLine(LF)
app/Http/Resources/PostResource.php: editor.action.trimTrailingWhitespace
laravel_flutter/app/Http/Resources/PostResource.php: Using EditorConfig core...
app/Http/Resources/PostResource.php: setEndOfLine(LF)
app/Http/Resources/PostResource.php: editor.action.trimTrailingWhitespace
laravel_flutter/app/Http/Resources/PostResource.php: {"insertSpaces":true,"tabSize":4}
laravel_flutter/app/Http/Resources/PostResource.php: Using EditorConfig core...
app/Http/Resources/PostResource.php: setEndOfLine(LF)
app/Http/Resources/PostResource.php: editor.action.trimTrailingWhitespace
laravel_flutter/app/Http/Resources/PostResource.php: Using EditorConfig core...
app/Http/Resources/PostResource.php: setEndOfLine(LF)
app/Http/Resources/PostResource.php: editor.action.trimTrailingWhitespace
laravel_flutter/app/Http/Resources/TagResource.php: {"insertSpaces":true,"tabSize":4}
laravel_flutter/app/Http/Resources/PostResource.php: {"insertSpaces":true,"tabSize":4}
laravel_flutter/app/Http/Resources/PostResource.php: {"insertSpaces":true,"tabSize":4}
laravel_flutter/app/Http/Resources/PostResource.php: Using EditorConfig core...
app/Http/Resources/PostResource.php: setEndOfLine(LF)
app/Http/Resources/PostResource.php: editor.action.trimTrailingWhitespace
laravel_flutter/app/Http/Resources/PostResource.php: Using EditorConfig core...
app/Http/Resources/PostResource.php: setEndOfLine(LF)
app/Http/Resources/PostResource.php: editor.action.trimTrailingWhitespace
laravel_flutter/app/Http/Resources/PostResource.php: {"insertSpaces":true,"tabSize":4}
laravel_flutter/app/Http/Resources/PostWithTagResource.php: {"insertSpaces":true,"tabSize":4}
laravel_flutter/app/Http/Resources/PostWithTagResource.php: {"insertSpaces":true,"tabSize":4}
laravel_flutter/app/Http/Resources/PostWithTagResource.php: {"insertSpaces":true,"tabSize":4}
laravel_flutter/app/Http/Resources/PostWithTagResource.php: {"insertSpaces":true,"tabSize":4}
laravel_flutter/app/Http/Resources/PostWithTagResource.php: {"insertSpaces":true,"tabSize":4}
laravel_flutter/app/Http/Resources/PostWithTagResource.php: Using EditorConfig core...
app/Http/Resources/PostWithTagResource.php: setEndOfLine(LF)
app/Http/Resources/PostWithTagResource.php: editor.action.trimTrailingWhitespace
laravel_flutter/app/Http/Resources/PostWithTagResource.php: {"insertSpaces":true,"tabSize":4}
laravel_flutter/app/Http/Controllers/CommentController.php: {"insertSpaces":true,"tabSize":4}
laravel_flutter/app/Http/Controllers/CommentController.php: {"insertSpaces":true,"tabSize":4}
laravel_flutter/app/Http/Resources/PostWithTagResource.php: {"insertSpaces":true,"tabSize":4}
laravel_flutter/app/Http/Resources/PostWithTagResource.php: Using EditorConfig core...
app/Http/Resources/PostWithTagResource.php: setEndOfLine(LF)
app/Http/Resources/PostWithTagResource.php: editor.action.trimTrailingWhitespace
laravel_flutter/app/Http/Resources/PostWithTagResource.php: Using EditorConfig core...
app/Http/Resources/PostWithTagResource.php: setEndOfLine(LF)
app/Http/Resources/PostWithTagResource.php: editor.action.trimTrailingWhitespace
laravel_flutter/app/Http/Resources/PostResource.php: {"insertSpaces":true,"tabSize":4}
laravel_flutter/app/Http/Resources/PostResource.php: Using EditorConfig core...
app/Http/Resources/PostResource.php: setEndOfLine(LF)
app/Http/Resources/PostResource.php: editor.action.trimTrailingWhitespace
laravel_flutter/app/Http/Resources/PostResource.php: Using EditorConfig core...
app/Http/Resources/PostResource.php: setEndOfLine(LF)
app/Http/Resources/PostResource.php: editor.action.trimTrailingWhitespace
laravel_flutter/app/Http/Resources/PostResource.php: Using EditorConfig core...
app/Http/Resources/PostResource.php: setEndOfLine(LF)
app/Http/Resources/PostResource.php: editor.action.trimTrailingWhitespace
laravel_flutter/app/Http/Resources/PostResource.php: Using EditorConfig core...
app/Http/Resources/PostResource.php: setEndOfLine(LF)
app/Http/Resources/PostResource.php: editor.action.trimTrailingWhitespace
laravel_flutter/app/Http/Resources/PostResource.php: Using EditorConfig core...
app/Http/Resources/PostResource.php: setEndOfLine(LF)
app/Http/Resources/PostResource.php: editor.action.trimTrailingWhitespace
laravel_flutter/app/Http/Resources/PostResource.php: Using EditorConfig core...
app/Http/Resources/PostResource.php: setEndOfLine(LF)
app/Http/Resources/PostResource.php: editor.action.trimTrailingWhitespace
laravel_flutter/app/Http/Resources/PostResource.php: Using EditorConfig core...
app/Http/Resources/PostResource.php: setEndOfLine(LF)
app/Http/Resources/PostResource.php: editor.action.trimTrailingWhitespace
laravel_flutter/app/Http/Resources/PostWithTagResource.php: {"insertSpaces":true,"tabSize":4}
laravel_flutter/app/Http/Resources/PostWithTagResource.php: Using EditorConfig core...
app/Http/Resources/PostWithTagResource.php: setEndOfLine(LF)
app/Http/Resources/PostWithTagResource.php: editor.action.trimTrailingWhitespace
laravel_flutter/app/Http/Resources/PostWithTagResource.php: {"insertSpaces":true,"tabSize":4}
laravel_flutter/app/Http/Resources/PostResource.php: {"insertSpaces":true,"tabSize":4}
laravel_flutter/app/Http/Resources/PostWithTagResource.php: {"insertSpaces":true,"tabSize":4}
laravel_flutter/app/Http/Resources/PostWithTagResource.php: Using EditorConfig core...
app/Http/Resources/PostWithTagResource.php: setEndOfLine(LF)
app/Http/Resources/PostWithTagResource.php: editor.action.trimTrailingWhitespace
laravel_flutter/app/Http/Resources/PostWithTagResource.php: Using EditorConfig core...
app/Http/Resources/PostWithTagResource.php: setEndOfLine(LF)
app/Http/Resources/PostWithTagResource.php: editor.action.trimTrailingWhitespace
laravel_flutter/app/Http/Resources/PostWithTagResource.php: Using EditorConfig core...
app/Http/Resources/PostWithTagResource.php: setEndOfLine(LF)
app/Http/Resources/PostWithTagResource.php: editor.action.trimTrailingWhitespace
laravel_flutter/app/Http/Resources/PostWithTagResource.php: Using EditorConfig core...
app/Http/Resources/PostWithTagResource.php: setEndOfLine(LF)
app/Http/Resources/PostWithTagResource.php: editor.action.trimTrailingWhitespace
laravel_flutter/app/Http/Resources/PostWithTagResource.php: Using EditorConfig core...
app/Http/Resources/PostWithTagResource.php: setEndOfLine(LF)
app/Http/Resources/PostWithTagResource.php: editor.action.trimTrailingWhitespace
laravel_flutter/app/Http/Resources/PostWithTagResource.php: Using EditorConfig core...
app/Http/Resources/PostWithTagResource.php: setEndOfLine(LF)
app/Http/Resources/PostWithTagResource.php: editor.action.trimTrailingWhitespace
laravel_flutter/app/Http/Resources/PostWithTagResource.php: Using EditorConfig core...
app/Http/Resources/PostWithTagResource.php: setEndOfLine(LF)
app/Http/Resources/PostWithTagResource.php: editor.action.trimTrailingWhitespace
laravel_flutter/app/Http/Resources/PostWithTagResource.php: Using EditorConfig core...
app/Http/Resources/PostWithTagResource.php: setEndOfLine(LF)
app/Http/Resources/PostWithTagResource.php: editor.action.trimTrailingWhitespace
laravel_flutter/app/Http/Resources/PostWithTagResource.php: Using EditorConfig core...
app/Http/Resources/PostWithTagResource.php: setEndOfLine(LF)
app/Http/Resources/PostWithTagResource.php: editor.action.trimTrailingWhitespace
laravel_flutter/app/Http/Resources/PostWithTagResource.php: Using EditorConfig core...
app/Http/Resources/PostWithTagResource.php: setEndOfLine(LF)
app/Http/Resources/PostWithTagResource.php: editor.action.trimTrailingWhitespace
laravel_flutter/app/Http/Resources/PostWithTagResource.php: {"insertSpaces":true,"tabSize":4}
laravel_flutter/app/Http/Resources/PostWithTagResource.php: Using EditorConfig core...
app/Http/Resources/PostWithTagResource.php: setEndOfLine(LF)
app/Http/Resources/PostWithTagResource.php: editor.action.trimTrailingWhitespace
laravel_flutter/app/Http/Resources/PostWithTagResource.php: Using EditorConfig core...
app/Http/Resources/PostWithTagResource.php: setEndOfLine(LF)
app/Http/Resources/PostWithTagResource.php: editor.action.trimTrailingWhitespace
laravel_flutter/app/Http/Resources/PostWithTagResource.php: {"insertSpaces":true,"tabSize":4}
laravel_flutter/app/Http/Resources/PostWithTagResource.php: Using EditorConfig core...
app/Http/Resources/PostWithTagResource.php: setEndOfLine(LF)
app/Http/Resources/PostWithTagResource.php: editor.action.trimTrailingWhitespace
laravel_flutter/app/Http/Resources/PostWithTagResource.php: {"insertSpaces":true,"tabSize":4}
laravel_flutter/app/Http/Resources/PostWithTagResource.php: {"insertSpaces":true,"tabSize":4}
laravel_flutter/app/Http/Resources/PostResource.php: {"insertSpaces":true,"tabSize":4}
laravel_flutter/app/Http/Resources/PostResource.php: {"insertSpaces":true,"tabSize":4}
laravel_flutter/app/Http/Resources/PostResource.php: {"insertSpaces":true,"tabSize":4}
laravel_flutter/app/Http/Resources/PostResource.php: Using EditorConfig core...
app/Http/Resources/PostResource.php: setEndOfLine(LF)
app/Http/Resources/PostResource.php: editor.action.trimTrailingWhitespace
laravel_flutter/app/Http/Resources/PostResource.php: {"insertSpaces":true,"tabSize":4}
laravel_flutter/app/Http/Resources/PostResource.php: Using EditorConfig core...
app/Http/Resources/PostResource.php: setEndOfLine(LF)
app/Http/Resources/PostResource.php: editor.action.trimTrailingWhitespace
laravel_flutter/app/Http/Resources/PostResource.php: {"insertSpaces":true,"tabSize":4}
laravel_flutter/app/Http/Resources/PostWithTagResource.php: {"insertSpaces":true,"tabSize":4}
laravel_flutter/app/Http/Resources/PostWithTagResource.php: Using EditorConfig core...
app/Http/Resources/PostWithTagResource.php: setEndOfLine(LF)
app/Http/Resources/PostWithTagResource.php: editor.action.trimTrailingWhitespace
laravel_flutter/app/Http/Resources/PostWithTagResource.php: {"insertSpaces":true,"tabSize":4}
laravel_flutter/app/Http/Resources/PostWithTagResource.php: Using EditorConfig core...
app/Http/Resources/PostWithTagResource.php: setEndOfLine(LF)
app/Http/Resources/PostWithTagResource.php: editor.action.trimTrailingWhitespace
laravel_flutter/app/Http/Resources/PostWithTagResource.php: {"insertSpaces":true,"tabSize":4}
laravel_flutter/app/Http/Resources/PostWithTagResource.php: Using EditorConfig core...
app/Http/Resources/PostWithTagResource.php: setEndOfLine(LF)
app/Http/Resources/PostWithTagResource.php: editor.action.trimTrailingWhitespace
laravel_flutter/app/Http/Resources/PostWithTagResource.php: Using EditorConfig core...
app/Http/Resources/PostWithTagResource.php: setEndOfLine(LF)
app/Http/Resources/PostWithTagResource.php: editor.action.trimTrailingWhitespace
laravel_flutter/app/Http/Resources/PostWithTagResource.php: {"insertSpaces":true,"tabSize":4}
laravel_flutter/app/Http/Resources/PostResource.php: {"insertSpaces":true,"tabSize":4}
laravel_flutter/app/Http/Resources/PostResource.php: Using EditorConfig core...
app/Http/Resources/PostResource.php: setEndOfLine(LF)
app/Http/Resources/PostResource.php: editor.action.trimTrailingWhitespace
laravel_flutter/app/Http/Resources/PostResource.php: Using EditorConfig core...
app/Http/Resources/PostResource.php: setEndOfLine(LF)
app/Http/Resources/PostResource.php: editor.action.trimTrailingWhitespace
laravel_flutter/app/Http/Resources/PostResource.php: Using EditorConfig core...
app/Http/Resources/PostResource.php: setEndOfLine(LF)
app/Http/Resources/PostResource.php: editor.action.trimTrailingWhitespace
laravel_flutter/app/Http/Resources/PostResource.php: Using EditorConfig core...
app/Http/Resources/PostResource.php: setEndOfLine(LF)
app/Http/Resources/PostResource.php: editor.action.trimTrailingWhitespace
laravel_flutter/app/Http/Resources/PostResource.php: Using EditorConfig core...
app/Http/Resources/PostResource.php: setEndOfLine(LF)
app/Http/Resources/PostResource.php: editor.action.trimTrailingWhitespace
laravel_flutter/app/Http/Resources/PostResource.php: Using EditorConfig core...
app/Http/Resources/PostResource.php: setEndOfLine(LF)
app/Http/Resources/PostResource.php: editor.action.trimTrailingWhitespace
laravel_flutter/app/Http/Resources/PostResource.php: {"insertSpaces":true,"tabSize":4}
laravel_flutter/app/Http/Resources/PostResource.php: Using EditorConfig core...
app/Http/Resources/PostResource.php: setEndOfLine(LF)
app/Http/Resources/PostResource.php: editor.action.trimTrailingWhitespace
laravel_flutter/app/Http/Resources/PostResource.php: {"insertSpaces":true,"tabSize":4}
laravel_flutter/app/Http/Resources/PostResource.php: Using EditorConfig core...
app/Http/Resources/PostResource.php: setEndOfLine(LF)
app/Http/Resources/PostResource.php: editor.action.trimTrailingWhitespace
laravel_flutter/app/Http/Resources/PostResource.php: {"insertSpaces":true,"tabSize":4}
laravel_flutter/app/Http/Resources/PostResource.php: {"insertSpaces":true,"tabSize":4}
laravel_flutter/app/Http/Resources/PostResource.php: Using EditorConfig core...
app/Http/Resources/PostResource.php: setEndOfLine(LF)
app/Http/Resources/PostResource.php: editor.action.trimTrailingWhitespace
laravel_flutter/app/Http/Resources/PostResource.php: Using EditorConfig core...
app/Http/Resources/PostResource.php: setEndOfLine(LF)
app/Http/Resources/PostResource.php: editor.action.trimTrailingWhitespace
laravel_flutter/app/Http/Resources/PostResource.php: {"insertSpaces":true,"tabSize":4}
laravel_flutter/app/Http/Resources/PostResource.php: Using EditorConfig core...
app/Http/Resources/PostResource.php: setEndOfLine(LF)
app/Http/Resources/PostResource.php: editor.action.trimTrailingWhitespace
laravel_flutter/app/Http/Resources/PostResource.php: Using EditorConfig core...
app/Http/Resources/PostResource.php: setEndOfLine(LF)
app/Http/Resources/PostResource.php: editor.action.trimTrailingWhitespace
laravel_flutter/app/Http/Resources/PostResource.php: Using EditorConfig core...
app/Http/Resources/PostResource.php: setEndOfLine(LF)
app/Http/Resources/PostResource.php: editor.action.trimTrailingWhitespace
laravel_flutter/app/Http/Resources/PostResource.php: Using EditorConfig core...
app/Http/Resources/PostResource.php: setEndOfLine(LF)
app/Http/Resources/PostResource.php: editor.action.trimTrailingWhitespace
laravel_flutter/app/Http/Resources/PostResource.php: Using EditorConfig core...
app/Http/Resources/PostResource.php: setEndOfLine(LF)
app/Http/Resources/PostResource.php: editor.action.trimTrailingWhitespace
laravel_flutter/app/Http/Resources/PostResource.php: {"insertSpaces":true,"tabSize":4}
laravel_flutter/app/Http/Resources/PostResource.php: {"insertSpaces":true,"tabSize":4}
laravel_flutter/app/Http/Resources/PostResource.php: Using EditorConfig core...
app/Http/Resources/PostResource.php: setEndOfLine(LF)
app/Http/Resources/PostResource.php: editor.action.trimTrailingWhitespace
laravel_flutter/app/Http/Resources/PostResource.php: {"insertSpaces":true,"tabSize":4}
laravel_flutter/app/Http/Resources/PostResource.php: Using EditorConfig core...
app/Http/Resources/PostResource.php: setEndOfLine(LF)
app/Http/Resources/PostResource.php: editor.action.trimTrailingWhitespace
laravel_flutter/app/Http/Resources/PostResource.php: {"insertSpaces":true,"tabSize":4}
laravel_flutter/app/Http/Resources/PostResource.php: Using EditorConfig core...
app/Http/Resources/PostResource.php: setEndOfLine(LF)
app/Http/Resources/PostResource.php: editor.action.trimTrailingWhitespace
laravel_flutter/app/Http/Resources/PostResource.php: {"insertSpaces":true,"tabSize":4}
laravel_flutter/app/Http/Resources/PostResource.php: Using EditorConfig core...
app/Http/Resources/PostResource.php: setEndOfLine(LF)
app/Http/Resources/PostResource.php: editor.action.trimTrailingWhitespace
laravel_flutter/app/Http/Resources/PostResource.php: {"insertSpaces":true,"tabSize":4}
laravel_flutter/app/Http/Resources/PostResource.php: Using EditorConfig core...
app/Http/Resources/PostResource.php: setEndOfLine(LF)
app/Http/Resources/PostResource.php: editor.action.trimTrailingWhitespace
laravel_flutter/app/Http/Resources/PostResource.php: {"insertSpaces":true,"tabSize":4}
laravel_flutter/app/Http/Resources/PostResource.php: Using EditorConfig core...
app/Http/Resources/PostResource.php: setEndOfLine(LF)
app/Http/Resources/PostResource.php: editor.action.trimTrailingWhitespace
laravel_flutter/app/Http/Resources/PostResource.php: {"insertSpaces":true,"tabSize":4}
laravel_flutter/app/Http/Resources/PostResource.php: Using EditorConfig core...
app/Http/Resources/PostResource.php: setEndOfLine(LF)
app/Http/Resources/PostResource.php: editor.action.trimTrailingWhitespace
laravel_flutter/app/Http/Resources/PostResource.php: Using EditorConfig core...
app/Http/Resources/PostResource.php: setEndOfLine(LF)
app/Http/Resources/PostResource.php: editor.action.trimTrailingWhitespace
laravel_flutter/app/Http/Resources/PostResource.php: {"insertSpaces":true,"tabSize":4}
laravel_flutter/app/Http/Resources/PostResource.php: Using EditorConfig core...
app/Http/Resources/PostResource.php: setEndOfLine(LF)
app/Http/Resources/PostResource.php: editor.action.trimTrailingWhitespace
laravel_flutter/app/Http/Resources/PostResource.php: {"insertSpaces":true,"tabSize":4}
laravel_flutter/app/Http/Resources/PostResource.php: Using EditorConfig core...
app/Http/Resources/PostResource.php: setEndOfLine(LF)
app/Http/Resources/PostResource.php: editor.action.trimTrailingWhitespace
laravel_flutter/app/Http/Resources/PostResource.php: Using EditorConfig core...
app/Http/Resources/PostResource.php: setEndOfLine(LF)
app/Http/Resources/PostResource.php: editor.action.trimTrailingWhitespace
laravel_flutter/app/Http/Resources/PostResource.php: Using EditorConfig core...
app/Http/Resources/PostResource.php: setEndOfLine(LF)
app/Http/Resources/PostResource.php: editor.action.trimTrailingWhitespace
laravel_flutter/app/Http/Resources/PostResource.php: {"insertSpaces":true,"tabSize":4}
laravel_flutter/routes/api.php: {"insertSpaces":true,"tabSize":4}
laravel_flutter/app/Http/Controllers/TagController.php: {"insertSpaces":true,"tabSize":4}
laravel_flutter/app/Http/Controllers/TagController.php: Using EditorConfig core...
app/Http/Controllers/TagController.php: setEndOfLine(LF)
app/Http/Controllers/TagController.php: editor.action.trimTrailingWhitespace
laravel_flutter/app/Http/Controllers/TagController.php: Using EditorConfig core...
app/Http/Controllers/TagController.php: setEndOfLine(LF)
app/Http/Controllers/TagController.php: editor.action.trimTrailingWhitespace
laravel_flutter/app/Http/Controllers/TagController.php: Using EditorConfig core...
app/Http/Controllers/TagController.php: setEndOfLine(LF)
app/Http/Controllers/TagController.php: editor.action.trimTrailingWhitespace
laravel_flutter/app/Http/Controllers/TagController.php: Using EditorConfig core...
app/Http/Controllers/TagController.php: setEndOfLine(LF)
app/Http/Controllers/TagController.php: editor.action.trimTrailingWhitespace
laravel_flutter/app/Http/Controllers/TagController.php: Using EditorConfig core...
app/Http/Controllers/TagController.php: setEndOfLine(LF)
app/Http/Controllers/TagController.php: editor.action.trimTrailingWhitespace
laravel_flutter/app/Http/Controllers/TagController.php: Using EditorConfig core...
app/Http/Controllers/TagController.php: setEndOfLine(LF)
app/Http/Controllers/TagController.php: editor.action.trimTrailingWhitespace
laravel_flutter/app/Http/Controllers/TagController.php: Using EditorConfig core...
app/Http/Controllers/TagController.php: setEndOfLine(LF)
app/Http/Controllers/TagController.php: editor.action.trimTrailingWhitespace
laravel_flutter/app/Http/Controllers/TagController.php: Using EditorConfig core...
app/Http/Controllers/TagController.php: setEndOfLine(LF)
app/Http/Controllers/TagController.php: editor.action.trimTrailingWhitespace
laravel_flutter/app/Http/Controllers/TagController.php: Using EditorConfig core...
app/Http/Controllers/TagController.php: setEndOfLine(LF)
app/Http/Controllers/TagController.php: editor.action.trimTrailingWhitespace
laravel_flutter/app/Http/Controllers/TagController.php: Using EditorConfig core...
app/Http/Controllers/TagController.php: setEndOfLine(LF)
app/Http/Controllers/TagController.php: editor.action.trimTrailingWhitespace
laravel_flutter/app/Http/Controllers/TagController.php: Using EditorConfig core...
app/Http/Controllers/TagController.php: setEndOfLine(LF)
app/Http/Controllers/TagController.php: editor.action.trimTrailingWhitespace
laravel_flutter/app/Http/Controllers/TagController.php: Using EditorConfig core...
app/Http/Controllers/TagController.php: setEndOfLine(LF)
app/Http/Controllers/TagController.php: editor.action.trimTrailingWhitespace
laravel_flutter/app/Http/Controllers/TagController.php: Using EditorConfig core...
app/Http/Controllers/TagController.php: setEndOfLine(LF)
app/Http/Controllers/TagController.php: editor.action.trimTrailingWhitespace
laravel_flutter/app/Http/Controllers/PostWithTagController.php: {"insertSpaces":true,"tabSize":4}
laravel_flutter/routes/api.php: {"insertSpaces":true,"tabSize":4}
laravel_flutter/routes/api.php: Using EditorConfig core...
routes/api.php: setEndOfLine(LF)
routes/api.php: editor.action.trimTrailingWhitespace
laravel_flutter/routes/api.php: Using EditorConfig core...
routes/api.php: setEndOfLine(LF)
routes/api.php: editor.action.trimTrailingWhitespace
laravel_flutter/routes/api.php: Using EditorConfig core...
routes/api.php: setEndOfLine(LF)
routes/api.php: editor.action.trimTrailingWhitespace
laravel_flutter/routes/api.php: Using EditorConfig core...
routes/api.php: setEndOfLine(LF)
routes/api.php: editor.action.trimTrailingWhitespace
laravel_flutter/routes/api.php: Using EditorConfig core...
routes/api.php: setEndOfLine(LF)
routes/api.php: editor.action.trimTrailingWhitespace
laravel_flutter/routes/api.php: {"insertSpaces":true,"tabSize":4}
laravel_flutter/routes/api.php: {"insertSpaces":true,"tabSize":4}
laravel_flutter/app/Http/Resources/PostResource.php: {"insertSpaces":true,"tabSize":4}
laravel_flutter/app/Http/Resources/TagResource.php: {"insertSpaces":true,"tabSize":4}
laravel_flutter/app/Http/Resources/PostResource.php: {"insertSpaces":true,"tabSize":4}
laravel_flutter/app/Http/Resources/PostResource.php: Using EditorConfig core...
app/Http/Resources/PostResource.php: setEndOfLine(LF)
app/Http/Resources/PostResource.php: editor.action.trimTrailingWhitespace
laravel_flutter/app/Http/Resources/PostResource.php: Using EditorConfig core...
app/Http/Resources/PostResource.php: setEndOfLine(LF)
app/Http/Resources/PostResource.php: editor.action.trimTrailingWhitespace
laravel_flutter/app/Http/Resources/PostResource.php: Using EditorConfig core...
app/Http/Resources/PostResource.php: setEndOfLine(LF)
app/Http/Resources/PostResource.php: editor.action.trimTrailingWhitespace
laravel_flutter/app/Http/Resources/PostResource.php: Using EditorConfig core...
app/Http/Resources/PostResource.php: setEndOfLine(LF)
app/Http/Resources/PostResource.php: editor.action.trimTrailingWhitespace
laravel_flutter/app/Http/Resources/PostResource.php: Using EditorConfig core...
app/Http/Resources/PostResource.php: setEndOfLine(LF)
app/Http/Resources/PostResource.php: editor.action.trimTrailingWhitespace
laravel_flutter/app/Http/Resources/PostResource.php: Using EditorConfig core...
app/Http/Resources/PostResource.php: setEndOfLine(LF)
app/Http/Resources/PostResource.php: editor.action.trimTrailingWhitespace
laravel_flutter/app/Http/Resources/PostResource.php: Using EditorConfig core...
app/Http/Resources/PostResource.php: setEndOfLine(LF)
app/Http/Resources/PostResource.php: editor.action.trimTrailingWhitespace
laravel_flutter/app/Http/Resources/PostResource.php: Using EditorConfig core...
app/Http/Resources/PostResource.php: setEndOfLine(LF)
app/Http/Resources/PostResource.php: editor.action.trimTrailingWhitespace
laravel_flutter/app/Http/Resources/PostResource.php: Using EditorConfig core...
app/Http/Resources/PostResource.php: setEndOfLine(LF)
app/Http/Resources/PostResource.php: editor.action.trimTrailingWhitespace
laravel_flutter/app/Http/Resources/PostResource.php: Using EditorConfig core...
app/Http/Resources/PostResource.php: setEndOfLine(LF)
app/Http/Resources/PostResource.php: editor.action.trimTrailingWhitespace
laravel_flutter/app/Http/Resources/PostResource.php: Using EditorConfig core...
app/Http/Resources/PostResource.php: setEndOfLine(LF)
app/Http/Resources/PostResource.php: editor.action.trimTrailingWhitespace
laravel_flutter/app/Http/Resources/PostResource.php: Using EditorConfig core...
app/Http/Resources/PostResource.php: setEndOfLine(LF)
app/Http/Resources/PostResource.php: editor.action.trimTrailingWhitespace
laravel_flutter/app/Http/Resources/PostResource.php: Using EditorConfig core...
app/Http/Resources/PostResource.php: setEndOfLine(LF)
app/Http/Resources/PostResource.php: editor.action.trimTrailingWhitespace
laravel_flutter/app/Http/Resources/PostResource.php: Using EditorConfig core...
app/Http/Resources/PostResource.php: setEndOfLine(LF)
app/Http/Resources/PostResource.php: editor.action.trimTrailingWhitespace
laravel_flutter/app/Http/Resources/PostResource.php: Using EditorConfig core...
app/Http/Resources/PostResource.php: setEndOfLine(LF)
app/Http/Resources/PostResource.php: editor.action.trimTrailingWhitespace
laravel_flutter/app/Http/Resources/PostResource.php: Using EditorConfig core...
app/Http/Resources/PostResource.php: setEndOfLine(LF)
app/Http/Resources/PostResource.php: editor.action.trimTrailingWhitespace
laravel_flutter/app/Http/Resources/PostResource.php: Using EditorConfig core...
app/Http/Resources/PostResource.php: setEndOfLine(LF)
app/Http/Resources/PostResource.php: editor.action.trimTrailingWhitespace
laravel_flutter/app/Http/Resources/PostResource.php: Using EditorConfig core...
app/Http/Resources/PostResource.php: setEndOfLine(LF)
app/Http/Resources/PostResource.php: editor.action.trimTrailingWhitespace
laravel_flutter/app/Http/Resources/PostResource.php: Using EditorConfig core...
app/Http/Resources/PostResource.php: setEndOfLine(LF)
app/Http/Resources/PostResource.php: editor.action.trimTrailingWhitespace
laravel_flutter/app/Http/Resources/PostResource.php: Using EditorConfig core...
app/Http/Resources/PostResource.php: setEndOfLine(LF)
app/Http/Resources/PostResource.php: editor.action.trimTrailingWhitespace
laravel_flutter/app/Http/Resources/PostResource.php: Using EditorConfig core...
app/Http/Resources/PostResource.php: setEndOfLine(LF)
app/Http/Resources/PostResource.php: editor.action.trimTrailingWhitespace
laravel_flutter/app/Http/Resources/PostResource.php: Using EditorConfig core...
app/Http/Resources/PostResource.php: setEndOfLine(LF)
app/Http/Resources/PostResource.php: editor.action.trimTrailingWhitespace
laravel_flutter/app/Http/Resources/PostResource.php: Using EditorConfig core...
app/Http/Resources/PostResource.php: setEndOfLine(LF)
app/Http/Resources/PostResource.php: editor.action.trimTrailingWhitespace
laravel_flutter/app/Http/Resources/PostResource.php: Using EditorConfig core...
app/Http/Resources/PostResource.php: setEndOfLine(LF)
app/Http/Resources/PostResource.php: editor.action.trimTrailingWhitespace
laravel_flutter/app/Http/Resources/PostResource.php: Using EditorConfig core...
app/Http/Resources/PostResource.php: setEndOfLine(LF)
app/Http/Resources/PostResource.php: editor.action.trimTrailingWhitespace
laravel_flutter/app/Http/Resources/PostResource.php: Using EditorConfig core...
app/Http/Resources/PostResource.php: setEndOfLine(LF)
app/Http/Resources/PostResource.php: editor.action.trimTrailingWhitespace
laravel_flutter/app/Http/Resources/PostResource.php: Using EditorConfig core...
app/Http/Resources/PostResource.php: setEndOfLine(LF)
app/Http/Resources/PostResource.php: editor.action.trimTrailingWhitespace
laravel_flutter/app/Http/Resources/PostResource.php: Using EditorConfig core...
app/Http/Resources/PostResource.php: setEndOfLine(LF)
app/Http/Resources/PostResource.php: editor.action.trimTrailingWhitespace
laravel_flutter/app/Http/Resources/PostResource.php: Using EditorConfig core...
app/Http/Resources/PostResource.php: setEndOfLine(LF)
app/Http/Resources/PostResource.php: editor.action.trimTrailingWhitespace
laravel_flutter/app/Http/Resources/PostResource.php: Using EditorConfig core...
app/Http/Resources/PostResource.php: setEndOfLine(LF)
app/Http/Resources/PostResource.php: editor.action.trimTrailingWhitespace
laravel_flutter/app/Http/Resources/PostResource.php: Using EditorConfig core...
app/Http/Resources/PostResource.php: setEndOfLine(LF)
app/Http/Resources/PostResource.php: editor.action.trimTrailingWhitespace
laravel_flutter/app/Http/Resources/PostResource.php: Using EditorConfig core...
app/Http/Resources/PostResource.php: setEndOfLine(LF)
app/Http/Resources/PostResource.php: editor.action.trimTrailingWhitespace
laravel_flutter/app/Http/Resources/PostResource.php: {"insertSpaces":true,"tabSize":4}
laravel_flutter/app/Http/Resources/PostResource.php: {"insertSpaces":true,"tabSize":4}
laravel_flutter/app/Http/Resources/PostResource.php: {"insertSpaces":true,"tabSize":4}
laravel_flutter/app/Http/Resources/PostResource.php: Using EditorConfig core...
app/Http/Resources/PostResource.php: setEndOfLine(LF)
app/Http/Resources/PostResource.php: editor.action.trimTrailingWhitespace
laravel_flutter/app/Http/Resources/PostResource.php: Using EditorConfig core...
app/Http/Resources/PostResource.php: setEndOfLine(LF)
app/Http/Resources/PostResource.php: editor.action.trimTrailingWhitespace
laravel_flutter/app/Http/Resources/PostResource.php: Using EditorConfig core...
app/Http/Resources/PostResource.php: setEndOfLine(LF)
app/Http/Resources/PostResource.php: editor.action.trimTrailingWhitespace
laravel_flutter/app/Http/Resources/PostResource.php: Using EditorConfig core...
app/Http/Resources/PostResource.php: setEndOfLine(LF)
app/Http/Resources/PostResource.php: editor.action.trimTrailingWhitespace
laravel_flutter/app/Http/Resources/PostResource.php: Using EditorConfig core...
app/Http/Resources/PostResource.php: setEndOfLine(LF)
app/Http/Resources/PostResource.php: editor.action.trimTrailingWhitespace
laravel_flutter/app/Http/Resources/PostResource.php: Using EditorConfig core...
app/Http/Resources/PostResource.php: setEndOfLine(LF)
app/Http/Resources/PostResource.php: editor.action.trimTrailingWhitespace
laravel_flutter/app/Http/Resources/PostResource.php: Using EditorConfig core...
app/Http/Resources/PostResource.php: setEndOfLine(LF)
app/Http/Resources/PostResource.php: editor.action.trimTrailingWhitespace
laravel_flutter/app/Http/Resources/PostResource.php: Using EditorConfig core...
app/Http/Resources/PostResource.php: setEndOfLine(LF)
app/Http/Resources/PostResource.php: editor.action.trimTrailingWhitespace
laravel_flutter/app/Http/Resources/PostResource.php: Using EditorConfig core...
app/Http/Resources/PostResource.php: setEndOfLine(LF)
app/Http/Resources/PostResource.php: editor.action.trimTrailingWhitespace
laravel_flutter/app/Http/Resources/PostResource.php: Using EditorConfig core...
app/Http/Resources/PostResource.php: setEndOfLine(LF)
app/Http/Resources/PostResource.php: editor.action.trimTrailingWhitespace
laravel_flutter/app/Http/Resources/PostResource.php: Using EditorConfig core...
app/Http/Resources/PostResource.php: setEndOfLine(LF)
app/Http/Resources/PostResource.php: editor.action.trimTrailingWhitespace
laravel_flutter/app/Http/Resources/PostResource.php: Using EditorConfig core...
app/Http/Resources/PostResource.php: setEndOfLine(LF)
app/Http/Resources/PostResource.php: editor.action.trimTrailingWhitespace
laravel_flutter/app/Http/Resources/PostResource.php: Using EditorConfig core...
app/Http/Resources/PostResource.php: setEndOfLine(LF)
app/Http/Resources/PostResource.php: editor.action.trimTrailingWhitespace
laravel_flutter/app/Http/Resources/PostResource.php: Using EditorConfig core...
app/Http/Resources/PostResource.php: setEndOfLine(LF)
app/Http/Resources/PostResource.php: editor.action.trimTrailingWhitespace
laravel_flutter/app/Http/Resources/PostResource.php: Using EditorConfig core...
app/Http/Resources/PostResource.php: setEndOfLine(LF)
app/Http/Resources/PostResource.php: editor.action.trimTrailingWhitespace
laravel_flutter/app/Http/Resources/PostResource.php: Using EditorConfig core...
app/Http/Resources/PostResource.php: setEndOfLine(LF)
app/Http/Resources/PostResource.php: editor.action.trimTrailingWhitespace
laravel_flutter/app/Http/Resources/PostResource.php: Using EditorConfig core...
app/Http/Resources/PostResource.php: setEndOfLine(LF)
app/Http/Resources/PostResource.php: editor.action.trimTrailingWhitespace
laravel_flutter/app/Http/Resources/PostResource.php: Using EditorConfig core...
app/Http/Resources/PostResource.php: setEndOfLine(LF)
app/Http/Resources/PostResource.php: editor.action.trimTrailingWhitespace
laravel_flutter/app/Http/Resources/PostResource.php: Using EditorConfig core...
app/Http/Resources/PostResource.php: setEndOfLine(LF)
app/Http/Resources/PostResource.php: editor.action.trimTrailingWhitespace
laravel_flutter/app/Http/Resources/PostResource.php: Using EditorConfig core...
app/Http/Resources/PostResource.php: setEndOfLine(LF)
app/Http/Resources/PostResource.php: editor.action.trimTrailingWhitespace
laravel_flutter/app/Http/Resources/PostResource.php: Using EditorConfig core...
app/Http/Resources/PostResource.php: setEndOfLine(LF)
app/Http/Resources/PostResource.php: editor.action.trimTrailingWhitespace
laravel_flutter/app/Http/Resources/PostResource.php: Using EditorConfig core...
app/Http/Resources/PostResource.php: setEndOfLine(LF)
app/Http/Resources/PostResource.php: editor.action.trimTrailingWhitespace
laravel_flutter/app/Http/Resources/PostResource.php: Using EditorConfig core...
app/Http/Resources/PostResource.php: setEndOfLine(LF)
app/Http/Resources/PostResource.php: editor.action.trimTrailingWhitespace
laravel_flutter/app/Http/Resources/PostResource.php: Using EditorConfig core...
app/Http/Resources/PostResource.php: setEndOfLine(LF)
app/Http/Resources/PostResource.php: editor.action.trimTrailingWhitespace
laravel_flutter/app/Http/Resources/PostResource.php: Using EditorConfig core...
app/Http/Resources/PostResource.php: setEndOfLine(LF)
app/Http/Resources/PostResource.php: editor.action.trimTrailingWhitespace
laravel_flutter/app/Http/Resources/PostResource.php: Using EditorConfig core...
app/Http/Resources/PostResource.php: setEndOfLine(LF)
app/Http/Resources/PostResource.php: editor.action.trimTrailingWhitespace
laravel_flutter/app/Http/Resources/PostResource.php: Using EditorConfig core...
app/Http/Resources/PostResource.php: setEndOfLine(LF)
app/Http/Resources/PostResource.php: editor.action.trimTrailingWhitespace
laravel_flutter/app/Http/Resources/PostResource.php: Using EditorConfig core...
app/Http/Resources/PostResource.php: setEndOfLine(LF)
app/Http/Resources/PostResource.php: editor.action.trimTrailingWhitespace
laravel_flutter/app/Http/Resources/PostResource.php: Using EditorConfig core...
app/Http/Resources/PostResource.php: setEndOfLine(LF)
app/Http/Resources/PostResource.php: editor.action.trimTrailingWhitespace
laravel_flutter/app/Http/Resources/PostResource.php: Using EditorConfig core...
app/Http/Resources/PostResource.php: setEndOfLine(LF)
app/Http/Resources/PostResource.php: editor.action.trimTrailingWhitespace
laravel_flutter/app/Http/Resources/PostResource.php: Using EditorConfig core...
app/Http/Resources/PostResource.php: setEndOfLine(LF)
app/Http/Resources/PostResource.php: editor.action.trimTrailingWhitespace
laravel_flutter/app/Http/Resources/PostResource.php: Using EditorConfig core...
app/Http/Resources/PostResource.php: setEndOfLine(LF)
app/Http/Resources/PostResource.php: editor.action.trimTrailingWhitespace
laravel_flutter/app/Http/Resources/PostResource.php: Using EditorConfig core...
app/Http/Resources/PostResource.php: setEndOfLine(LF)
app/Http/Resources/PostResource.php: editor.action.trimTrailingWhitespace
laravel_flutter/app/Http/Resources/PostResource.php: Using EditorConfig core...
app/Http/Resources/PostResource.php: setEndOfLine(LF)
app/Http/Resources/PostResource.php: editor.action.trimTrailingWhitespace
laravel_flutter/app/Http/Resources/PostResource.php: Using EditorConfig core...
app/Http/Resources/PostResource.php: setEndOfLine(LF)
app/Http/Resources/PostResource.php: editor.action.trimTrailingWhitespace
laravel_flutter/app/Http/Resources/PostResource.php: Using EditorConfig core...
app/Http/Resources/PostResource.php: setEndOfLine(LF)
app/Http/Resources/PostResource.php: editor.action.trimTrailingWhitespace
laravel_flutter/app/Http/Resources/PostResource.php: Using EditorConfig core...
app/Http/Resources/PostResource.php: setEndOfLine(LF)
app/Http/Resources/PostResource.php: editor.action.trimTrailingWhitespace
laravel_flutter/app/Http/Resources/PostResource.php: Using EditorConfig core...
app/Http/Resources/PostResource.php: setEndOfLine(LF)
app/Http/Resources/PostResource.php: editor.action.trimTrailingWhitespace
laravel_flutter/app/Http/Resources/PostResource.php: Using EditorConfig core...
app/Http/Resources/PostResource.php: setEndOfLine(LF)
app/Http/Resources/PostResource.php: editor.action.trimTrailingWhitespace
laravel_flutter/app/Http/Resources/PostResource.php: Using EditorConfig core...
app/Http/Resources/PostResource.php: setEndOfLine(LF)
app/Http/Resources/PostResource.php: editor.action.trimTrailingWhitespace
laravel_flutter/app/Http/Resources/PostResource.php: Using EditorConfig core...
app/Http/Resources/PostResource.php: setEndOfLine(LF)
app/Http/Resources/PostResource.php: editor.action.trimTrailingWhitespace
laravel_flutter/app/Http/Resources/PostResource.php: Using EditorConfig core...
app/Http/Resources/PostResource.php: setEndOfLine(LF)
app/Http/Resources/PostResource.php: editor.action.trimTrailingWhitespace
laravel_flutter/app/Http/Resources/PostResource.php: Using EditorConfig core...
app/Http/Resources/PostResource.php: setEndOfLine(LF)
app/Http/Resources/PostResource.php: editor.action.trimTrailingWhitespace
laravel_flutter/app/Http/Resources/PostResource.php: Using EditorConfig core...
app/Http/Resources/PostResource.php: setEndOfLine(LF)
app/Http/Resources/PostResource.php: editor.action.trimTrailingWhitespace
laravel_flutter/app/Http/Resources/PostResource.php: Using EditorConfig core...
app/Http/Resources/PostResource.php: setEndOfLine(LF)
app/Http/Resources/PostResource.php: editor.action.trimTrailingWhitespace
laravel_flutter/app/Http/Resources/PostResource.php: Using EditorConfig core...
app/Http/Resources/PostResource.php: setEndOfLine(LF)
app/Http/Resources/PostResource.php: editor.action.trimTrailingWhitespace
laravel_flutter/app/Http/Resources/PostResource.php: Using EditorConfig core...
app/Http/Resources/PostResource.php: setEndOfLine(LF)
app/Http/Resources/PostResource.php: editor.action.trimTrailingWhitespace
laravel_flutter/app/Http/Resources/PostResource.php: Using EditorConfig core...
app/Http/Resources/PostResource.php: setEndOfLine(LF)
app/Http/Resources/PostResource.php: editor.action.trimTrailingWhitespace
laravel_flutter/app/Http/Resources/PostResource.php: Using EditorConfig core...
app/Http/Resources/PostResource.php: setEndOfLine(LF)
app/Http/Resources/PostResource.php: editor.action.trimTrailingWhitespace
laravel_flutter/app/Http/Resources/PostResource.php: Using EditorConfig core...
app/Http/Resources/PostResource.php: setEndOfLine(LF)
app/Http/Resources/PostResource.php: editor.action.trimTrailingWhitespace
laravel_flutter/app/Http/Resources/PostResource.php: Using EditorConfig core...
app/Http/Resources/PostResource.php: setEndOfLine(LF)
app/Http/Resources/PostResource.php: editor.action.trimTrailingWhitespace
laravel_flutter/app/Http/Resources/PostResource.php: Using EditorConfig core...
app/Http/Resources/PostResource.php: setEndOfLine(LF)
app/Http/Resources/PostResource.php: editor.action.trimTrailingWhitespace
laravel_flutter/app/Http/Resources/PostResource.php: Using EditorConfig core...
app/Http/Resources/PostResource.php: setEndOfLine(LF)
app/Http/Resources/PostResource.php: editor.action.trimTrailingWhitespace
laravel_flutter/app/Http/Resources/PostResource.php: Using EditorConfig core...
app/Http/Resources/PostResource.php: setEndOfLine(LF)
app/Http/Resources/PostResource.php: editor.action.trimTrailingWhitespace
laravel_flutter/app/Http/Resources/PostResource.php: Using EditorConfig core...
app/Http/Resources/PostResource.php: setEndOfLine(LF)
app/Http/Resources/PostResource.php: editor.action.trimTrailingWhitespace
laravel_flutter/app/Http/Resources/PostResource.php: {"insertSpaces":true,"tabSize":4}
laravel_flutter/app/Http/Resources/PostResource.php: {"insertSpaces":true,"tabSize":4}
laravel_flutter/app/Http/Resources/PostResource.php: {"insertSpaces":true,"tabSize":4}
laravel_flutter/app/Http/Resources/PostResource.php: {"insertSpaces":true,"tabSize":4}
laravel_flutter/app/Http/Resources/PostResource.php: Using EditorConfig core...
app/Http/Resources/PostResource.php: setEndOfLine(LF)
app/Http/Resources/PostResource.php: editor.action.trimTrailingWhitespace
