Looking for git in: git
Using git 2.7.4 from git
> git rev-parse --show-toplevel
> git rev-parse --git-dir
Open repository: /opt/lampp/htdocs/laravel_flutter
> git status -z -u
> git show :routes/api.php
> git show :app/Http/Resources/CommentResource.php
> git check-ignore -v -z --stdin
> git symbolic-ref --short HEAD
> git rev-parse main
> git rev-parse --symbolic-full-name main@{u}
> git rev-list --left-right main...refs/remotes/origin/main
> git for-each-ref --format %(refname) %(objectname) --sort -committerdate
> git remote --verbose
> git config --get commit.template
> git show :routes/api.php
> git show :app/Http/Resources/CommentResource.php
> git check-ignore -v -z --stdin
> git check-ignore -v -z --stdin
> git show :app/Http/Middleware/JwtMiddleware.php
> git show :vendor/tymon/jwt-auth/src/Exceptions/TokenExpiredException.php
> git ls-files --stage -- vendor/tymon/jwt-auth/src/Exceptions/
> git check-ignore -v -z --stdin
> git check-ignore -v -z --stdin
> git show :app/Http/Controllers/AuthController.php
> git show :vendor/tymon/jwt-auth/src/Facades/JWTAuth.php
> git ls-files --stage -- vendor/tymon/jwt-auth/src/Facades/
> git check-ignore -v -z --stdin
> git show :vendor/tymon/jwt-auth/src/Exceptions/JWTException.php
> git ls-files --stage -- vendor/tymon/jwt-auth/src/Exceptions/
> git check-ignore -v -z --stdin
> git check-ignore -v -z --stdin
> git show :config/jwt.php
