Initializing document watcher...
laravel_flutter/app/Http/Middleware/JwtMiddleware.php: {"insertSpaces":true,"tabSize":4}
laravel_flutter/vendor/tymon/jwt-auth/src/Exceptions/TokenExpiredException.php: {"insertSpaces":true,"tabSize":4}
laravel_flutter/app/Http/Controllers/AuthController.php: {"insertSpaces":true,"tabSize":4}
laravel_flutter/app/Http/Controllers/AuthController.php: Using EditorConfig core...
app/Http/Controllers/AuthController.php: setEndOfLine(LF)
app/Http/Controllers/AuthController.php: editor.action.trimTrailingWhitespace
laravel_flutter/vendor/tymon/jwt-auth/src/Facades/JWTAuth.php: {"insertSpaces":true,"tabSize":4}
laravel_flutter/vendor/tymon/jwt-auth/src/Exceptions/JWTException.php: {"insertSpaces":true,"tabSize":4}
laravel_flutter/config/jwt.php: {"insertSpaces":true,"tabSize":4}
laravel_flutter/config/jwt.php: Using EditorConfig core...
config/jwt.php: setEndOfLine(LF)
config/jwt.php: editor.action.trimTrailingWhitespace
laravel_flutter/config/jwt.php: Using EditorConfig core...
config/jwt.php: setEndOfLine(LF)
config/jwt.php: editor.action.trimTrailingWhitespace
laravel_flutter/config/jwt.php: Using EditorConfig core...
config/jwt.php: setEndOfLine(LF)
config/jwt.php: editor.action.trimTrailingWhitespace
laravel_flutter/config/jwt.php: Using EditorConfig core...
config/jwt.php: setEndOfLine(LF)
config/jwt.php: editor.action.trimTrailingWhitespace
laravel_flutter/config/jwt.php: Using EditorConfig core...
config/jwt.php: setEndOfLine(LF)
config/jwt.php: editor.action.trimTrailingWhitespace
laravel_flutter/config/jwt.php: Using EditorConfig core...
config/jwt.php: setEndOfLine(LF)
config/jwt.php: editor.action.trimTrailingWhitespace
laravel_flutter/config/jwt.php: Using EditorConfig core...
config/jwt.php: setEndOfLine(LF)
config/jwt.php: editor.action.trimTrailingWhitespace
laravel_flutter/config/jwt.php: {"insertSpaces":true,"tabSize":4}
