[2021-04-20 13:33:12.833] [exthost] [info] extension host started
[2021-04-20 13:33:12.941] [exthost] [info] ExtensionService#_doActivateExtension vscode.debug-auto-launch {"startup":true,"extensionId":{"value":"vscode.debug-auto-launch","_lower":"vscode.debug-auto-launch"},"activationEvent":"*"}
[2021-04-20 13:33:12.942] [exthost] [info] ExtensionService#loadCommonJSModule file:///usr/share/code/resources/app/extensions/debug-auto-launch/dist/extension
[2021-04-20 13:33:13.014] [exthost] [info] ExtensionService#_doActivateExtension vscode.emmet {"startup":true,"extensionId":{"value":"vscode.emmet","_lower":"vscode.emmet"},"activationEvent":"*"}
[2021-04-20 13:33:13.014] [exthost] [info] ExtensionService#loadCommonJSModule file:///usr/share/code/resources/app/extensions/emmet/dist/extension
[2021-04-20 13:33:13.103] [exthost] [info] ExtensionService#_doActivateExtension vscode.git {"startup":true,"extensionId":{"value":"vscode.git","_lower":"vscode.git"},"activationEvent":"*"}
[2021-04-20 13:33:13.103] [exthost] [info] ExtensionService#loadCommonJSModule file:///usr/share/code/resources/app/extensions/git/dist/main
[2021-04-20 13:33:13.221] [exthost] [info] ExtensionService#_doActivateExtension vscode.merge-conflict {"startup":true,"extensionId":{"value":"vscode.merge-conflict","_lower":"vscode.merge-conflict"},"activationEvent":"*"}
[2021-04-20 13:33:13.221] [exthost] [info] ExtensionService#loadCommonJSModule file:///usr/share/code/resources/app/extensions/merge-conflict/dist/extension
[2021-04-20 13:33:13.283] [exthost] [info] ExtensionService#_doActivateExtension apility.beautify-blade {"startup":true,"extensionId":{"value":"apility.beautify-blade","_lower":"apility.beautify-blade"},"activationEvent":"*"}
[2021-04-20 13:33:13.283] [exthost] [info] ExtensionService#loadCommonJSModule file:///root/.vscode/extensions/apility.beautify-blade-1.0.1/extension
[2021-04-20 13:33:13.597] [exthost] [info] ExtensionService#_doActivateExtension austenc.laravel-blade-spacer {"startup":true,"extensionId":{"value":"austenc.laravel-blade-spacer","_lower":"austenc.laravel-blade-spacer"},"activationEvent":"*"}
[2021-04-20 13:33:13.597] [exthost] [info] ExtensionService#loadCommonJSModule file:///root/.vscode/extensions/austenc.laravel-blade-spacer-2.1.2/out/extension
[2021-04-20 13:33:13.621] [exthost] [info] ExtensionService#_doActivateExtension EditorConfig.EditorConfig {"startup":true,"extensionId":{"value":"EditorConfig.EditorConfig","_lower":"editorconfig.editorconfig"},"activationEvent":"*"}
[2021-04-20 13:33:13.621] [exthost] [info] ExtensionService#loadCommonJSModule file:///root/.vscode/extensions/editorconfig.editorconfig-0.14.2/out/editorConfigMain.js
[2021-04-20 13:33:13.749] [exthost] [info] ExtensionService#_doActivateExtension Gruntfuggly.bettercomment {"startup":true,"extensionId":{"value":"Gruntfuggly.bettercomment","_lower":"gruntfuggly.bettercomment"},"activationEvent":"*"}
[2021-04-20 13:33:13.749] [exthost] [info] ExtensionService#loadCommonJSModule file:///root/.vscode/extensions/gruntfuggly.bettercomment-0.0.11/extension
[2021-04-20 13:33:13.816] [exthost] [info] ExtensionService#_doActivateExtension Gruntfuggly.todo-tree {"startup":true,"extensionId":{"value":"Gruntfuggly.todo-tree","_lower":"gruntfuggly.todo-tree"},"activationEvent":"*"}
[2021-04-20 13:33:13.816] [exthost] [info] ExtensionService#loadCommonJSModule file:///root/.vscode/extensions/gruntfuggly.todo-tree-0.0.188/dist/extension
[2021-04-20 13:33:13.876] [exthost] [info] ExtensionService#_doActivateExtension kevinkyang.auto-comment-blocks {"startup":true,"extensionId":{"value":"kevinkyang.auto-comment-blocks","_lower":"kevinkyang.auto-comment-blocks"},"activationEvent":"*"}
[2021-04-20 13:33:13.877] [exthost] [info] ExtensionService#loadCommonJSModule file:///root/.vscode/extensions/kevinkyang.auto-comment-blocks-1.0.1/out/src/extension
[2021-04-20 13:33:13.894] [exthost] [info] ExtensionService#_doActivateExtension stef-k.laravel-goto-controller {"startup":true,"extensionId":{"value":"stef-k.laravel-goto-controller","_lower":"stef-k.laravel-goto-controller"},"activationEvent":"*"}
[2021-04-20 13:33:13.894] [exthost] [info] ExtensionService#loadCommonJSModule file:///root/.vscode/extensions/stef-k.laravel-goto-controller-0.0.12/out/extension
[2021-04-20 13:33:13.904] [exthost] [info] eager extensions activated
[2021-04-20 13:33:14.184] [exthost] [info] ExtensionService#_doActivateExtension vscode.configuration-editing {"startup":false,"extensionId":{"value":"vscode.configuration-editing","_lower":"vscode.configuration-editing"},"activationEvent":"onLanguage:jsonc"}
[2021-04-20 13:33:14.185] [exthost] [info] ExtensionService#loadCommonJSModule file:///usr/share/code/resources/app/extensions/configuration-editing/dist/extension
[2021-04-20 13:33:14.247] [exthost] [info] ExtensionService#_doActivateExtension vscode.json-language-features {"startup":false,"extensionId":{"value":"vscode.json-language-features","_lower":"vscode.json-language-features"},"activationEvent":"onLanguage:jsonc"}
[2021-04-20 13:33:14.247] [exthost] [info] ExtensionService#loadCommonJSModule file:///usr/share/code/resources/app/extensions/json-language-features/client/dist/jsonMain
[2021-04-20 13:33:14.367] [exthost] [info] ExtensionService#_doActivateExtension vscode.typescript-language-features {"startup":false,"extensionId":{"value":"vscode.typescript-language-features","_lower":"vscode.typescript-language-features"},"activationEvent":"onLanguage:jsonc"}
[2021-04-20 13:33:14.367] [exthost] [info] ExtensionService#loadCommonJSModule file:///usr/share/code/resources/app/extensions/typescript-language-features/dist/extension
[2021-04-20 13:33:49.002] [exthost] [info] extension host started
[2021-04-20 13:33:49.124] [exthost] [info] ExtensionService#_doActivateExtension vscode.debug-auto-launch {"startup":true,"extensionId":{"value":"vscode.debug-auto-launch","_lower":"vscode.debug-auto-launch"},"activationEvent":"*"}
[2021-04-20 13:33:49.124] [exthost] [info] ExtensionService#loadCommonJSModule file:///usr/share/code/resources/app/extensions/debug-auto-launch/dist/extension
[2021-04-20 13:33:49.134] [exthost] [info] ExtensionService#_doActivateExtension vscode.emmet {"startup":true,"extensionId":{"value":"vscode.emmet","_lower":"vscode.emmet"},"activationEvent":"*"}
[2021-04-20 13:33:49.135] [exthost] [info] ExtensionService#loadCommonJSModule file:///usr/share/code/resources/app/extensions/emmet/dist/extension
[2021-04-20 13:33:49.165] [exthost] [info] ExtensionService#_doActivateExtension vscode.git {"startup":true,"extensionId":{"value":"vscode.git","_lower":"vscode.git"},"activationEvent":"*"}
[2021-04-20 13:33:49.165] [exthost] [info] ExtensionService#loadCommonJSModule file:///usr/share/code/resources/app/extensions/git/dist/main
[2021-04-20 13:33:49.188] [exthost] [info] ExtensionService#_doActivateExtension vscode.merge-conflict {"startup":true,"extensionId":{"value":"vscode.merge-conflict","_lower":"vscode.merge-conflict"},"activationEvent":"*"}
[2021-04-20 13:33:49.189] [exthost] [info] ExtensionService#loadCommonJSModule file:///usr/share/code/resources/app/extensions/merge-conflict/dist/extension
[2021-04-20 13:33:49.191] [exthost] [info] ExtensionService#_doActivateExtension apility.beautify-blade {"startup":true,"extensionId":{"value":"apility.beautify-blade","_lower":"apility.beautify-blade"},"activationEvent":"*"}
[2021-04-20 13:33:49.191] [exthost] [info] ExtensionService#loadCommonJSModule file:///root/.vscode/extensions/apility.beautify-blade-1.0.1/extension
[2021-04-20 13:33:49.231] [exthost] [info] ExtensionService#_doActivateExtension austenc.laravel-blade-spacer {"startup":true,"extensionId":{"value":"austenc.laravel-blade-spacer","_lower":"austenc.laravel-blade-spacer"},"activationEvent":"*"}
[2021-04-20 13:33:49.231] [exthost] [info] ExtensionService#loadCommonJSModule file:///root/.vscode/extensions/austenc.laravel-blade-spacer-2.1.2/out/extension
[2021-04-20 13:33:49.234] [exthost] [info] ExtensionService#_doActivateExtension EditorConfig.EditorConfig {"startup":true,"extensionId":{"value":"EditorConfig.EditorConfig","_lower":"editorconfig.editorconfig"},"activationEvent":"*"}
[2021-04-20 13:33:49.234] [exthost] [info] ExtensionService#loadCommonJSModule file:///root/.vscode/extensions/editorconfig.editorconfig-0.14.2/out/editorConfigMain.js
[2021-04-20 13:33:49.265] [exthost] [info] ExtensionService#_doActivateExtension Gruntfuggly.bettercomment {"startup":true,"extensionId":{"value":"Gruntfuggly.bettercomment","_lower":"gruntfuggly.bettercomment"},"activationEvent":"*"}
[2021-04-20 13:33:49.265] [exthost] [info] ExtensionService#loadCommonJSModule file:///root/.vscode/extensions/gruntfuggly.bettercomment-0.0.11/extension
[2021-04-20 13:33:49.271] [exthost] [info] ExtensionService#_doActivateExtension Gruntfuggly.todo-tree {"startup":true,"extensionId":{"value":"Gruntfuggly.todo-tree","_lower":"gruntfuggly.todo-tree"},"activationEvent":"*"}
[2021-04-20 13:33:49.271] [exthost] [info] ExtensionService#loadCommonJSModule file:///root/.vscode/extensions/gruntfuggly.todo-tree-0.0.188/dist/extension
[2021-04-20 13:33:49.361] [exthost] [info] ExtensionService#_doActivateExtension kevinkyang.auto-comment-blocks {"startup":true,"extensionId":{"value":"kevinkyang.auto-comment-blocks","_lower":"kevinkyang.auto-comment-blocks"},"activationEvent":"*"}
[2021-04-20 13:33:49.361] [exthost] [info] ExtensionService#loadCommonJSModule file:///root/.vscode/extensions/kevinkyang.auto-comment-blocks-1.0.1/out/src/extension
[2021-04-20 13:33:49.364] [exthost] [info] ExtensionService#_doActivateExtension stef-k.laravel-goto-controller {"startup":true,"extensionId":{"value":"stef-k.laravel-goto-controller","_lower":"stef-k.laravel-goto-controller"},"activationEvent":"*"}
[2021-04-20 13:33:49.365] [exthost] [info] ExtensionService#loadCommonJSModule file:///root/.vscode/extensions/stef-k.laravel-goto-controller-0.0.12/out/extension
[2021-04-20 13:33:49.380] [exthost] [info] ExtensionService#_doActivateExtension vscode.npm {"startup":true,"extensionId":{"value":"vscode.npm","_lower":"vscode.npm"},"activationEvent":"workspaceContains:package.json"}
[2021-04-20 13:33:49.380] [exthost] [info] ExtensionService#loadCommonJSModule file:///usr/share/code/resources/app/extensions/npm/dist/main
[2021-04-20 13:33:54.383] [exthost] [info] ExtensionService#_doActivateExtension ryannaddy.laravel-artisan {"startup":true,"extensionId":{"value":"ryannaddy.laravel-artisan","_lower":"ryannaddy.laravel-artisan"},"activationEvent":"workspaceContains:**/artisan"}
[2021-04-20 13:33:54.383] [exthost] [info] ExtensionService#loadCommonJSModule file:///root/.vscode/extensions/ryannaddy.laravel-artisan-0.0.27/out/src/extension
[2021-04-20 13:34:03.522] [exthost] [info] eager extensions activated
[2021-04-20 13:34:05.260] [exthost] [info] ExtensionService#_doActivateExtension vscode.php-language-features {"startup":false,"extensionId":{"value":"vscode.php-language-features","_lower":"vscode.php-language-features"},"activationEvent":"onLanguage:php"}
[2021-04-20 13:34:05.263] [exthost] [info] ExtensionService#loadCommonJSModule file:///usr/share/code/resources/app/extensions/php-language-features/dist/phpMain
[2021-04-20 13:34:05.320] [exthost] [info] ExtensionService#_doActivateExtension amiralizadeh9480.laravel-extra-intellisense {"startup":false,"extensionId":{"value":"amiralizadeh9480.laravel-extra-intellisense","_lower":"amiralizadeh9480.laravel-extra-intellisense"},"activationEvent":"onLanguage:php"}
[2021-04-20 13:34:05.320] [exthost] [info] ExtensionService#loadCommonJSModule file:///root/.vscode/extensions/amiralizadeh9480.laravel-extra-intellisense-0.6.1/dist/extension.js
[2021-04-20 13:34:05.366] [exthost] [info] ExtensionService#_doActivateExtension bmewburn.vscode-intelephense-client {"startup":false,"extensionId":{"value":"bmewburn.vscode-intelephense-client","_lower":"bmewburn.vscode-intelephense-client"},"activationEvent":"onLanguage:php"}
[2021-04-20 13:34:05.366] [exthost] [info] ExtensionService#loadCommonJSModule file:///root/.vscode/extensions/bmewburn.vscode-intelephense-client-1.3.11/lib/extension
[2021-04-20 13:34:05.421] [exthost] [info] ExtensionService#_doActivateExtension codingyu.laravel-goto-view {"startup":false,"extensionId":{"value":"codingyu.laravel-goto-view","_lower":"codingyu.laravel-goto-view"},"activationEvent":"onLanguage:php"}
[2021-04-20 13:34:05.421] [exthost] [info] ExtensionService#loadCommonJSModule file:///root/.vscode/extensions/codingyu.laravel-goto-view-1.3.4/out/src/extension
[2021-04-20 13:34:05.450] [exthost] [info] ExtensionService#_doActivateExtension ecmel.vscode-html-css {"startup":false,"extensionId":{"value":"ecmel.vscode-html-css","_lower":"ecmel.vscode-html-css"},"activationEvent":"onLanguage:php"}
[2021-04-20 13:34:05.450] [exthost] [info] ExtensionService#loadCommonJSModule file:///root/.vscode/extensions/ecmel.vscode-html-css-0.2.3/dist/extension
[2021-04-20 13:34:05.765] [exthost] [info] ExtensionService#_doActivateExtension predrag-nikolic.php-class-helper {"startup":false,"extensionId":{"value":"predrag-nikolic.php-class-helper","_lower":"predrag-nikolic.php-class-helper"},"activationEvent":"onLanguage:php"}
[2021-04-20 13:34:05.765] [exthost] [info] ExtensionService#loadCommonJSModule file:///root/.vscode/extensions/predrag-nikolic.php-class-helper-0.1.8/out/extension
[2021-04-20 13:34:15.636] [exthost] [error] [stef-k.laravel-goto-controller] provider FAILED
[2021-04-20 13:34:15.637] [exthost] [error] TypeError: Cannot read property 'substring' of undefined
	at LinkProvider.provideDocumentLinks (/root/.vscode/extensions/stef-k.laravel-goto-controller-0.0.12/out/link.js:42:69)
	at /usr/share/code/resources/app/out/vs/workbench/services/extensions/node/extensionHostProcess.js:572:295
	at /usr/share/code/resources/app/out/vs/workbench/services/extensions/node/extensionHostProcess.js:52:363
	at new Promise (<anonymous>)
	at Object.t.asPromise (/usr/share/code/resources/app/out/vs/workbench/services/extensions/node/extensionHostProcess.js:52:335)
	at O.provideLinks (/usr/share/code/resources/app/out/vs/workbench/services/extensions/node/extensionHostProcess.js:572:266)
	at /usr/share/code/resources/app/out/vs/workbench/services/extensions/node/extensionHostProcess.js:584:853
	at H._withAdapter (/usr/share/code/resources/app/out/vs/workbench/services/extensions/node/extensionHostProcess.js:576:901)
	at H.$provideDocumentLinks (/usr/share/code/resources/app/out/vs/workbench/services/extensions/node/extensionHostProcess.js:584:831)
	at f._doInvokeHandler (/usr/share/code/resources/app/out/vs/workbench/services/extensions/node/extensionHostProcess.js:646:285)
	at f._invokeHandler (/usr/share/code/resources/app/out/vs/workbench/services/extensions/node/extensionHostProcess.js:645:999)
	at f._receiveRequest (/usr/share/code/resources/app/out/vs/workbench/services/extensions/node/extensionHostProcess.js:644:613)
	at f._receiveOneMessage (/usr/share/code/resources/app/out/vs/workbench/services/extensions/node/extensionHostProcess.js:643:477)
	at /usr/share/code/resources/app/out/vs/workbench/services/extensions/node/extensionHostProcess.js:641:754
	at l.fire (/usr/share/code/resources/app/out/vs/workbench/services/extensions/node/extensionHostProcess.js:47:207)
	at _.fire (/usr/share/code/resources/app/out/vs/workbench/services/extensions/node/extensionHostProcess.js:187:274)
	at /usr/share/code/resources/app/out/vs/workbench/services/extensions/node/extensionHostProcess.js:798:285
	at l.fire (/usr/share/code/resources/app/out/vs/workbench/services/extensions/node/extensionHostProcess.js:47:207)
	at _.fire (/usr/share/code/resources/app/out/vs/workbench/services/extensions/node/extensionHostProcess.js:187:274)
	at t.PersistentProtocol._receiveMessage (/usr/share/code/resources/app/out/vs/workbench/services/extensions/node/extensionHostProcess.js:191:629)
	at /usr/share/code/resources/app/out/vs/workbench/services/extensions/node/extensionHostProcess.js:188:824
	at l.fire (/usr/share/code/resources/app/out/vs/workbench/services/extensions/node/extensionHostProcess.js:47:207)
	at f.acceptChunk (/usr/share/code/resources/app/out/vs/workbench/services/extensions/node/extensionHostProcess.js:184:737)
	at /usr/share/code/resources/app/out/vs/workbench/services/extensions/node/extensionHostProcess.js:184:89
	at Socket.t (/usr/share/code/resources/app/out/vs/workbench/services/extensions/node/extensionHostProcess.js:193:68)
	at Socket.emit (events.js:200:13)
	at addChunk (_stream_readable.js:294:12)
	at readableAddChunk (_stream_readable.js:275:11)
	at Socket.Readable.push (_stream_readable.js:210:10)
	at Pipe.onStreamRead (internal/stream_base_commons.js:166:17)
[2021-04-20 13:34:52.487] [exthost] [info] ExtensionService#_doActivateExtension vscode.configuration-editing {"startup":false,"extensionId":{"value":"vscode.configuration-editing","_lower":"vscode.configuration-editing"},"activationEvent":"onLanguage:jsonc"}
[2021-04-20 13:34:52.487] [exthost] [info] ExtensionService#loadCommonJSModule file:///usr/share/code/resources/app/extensions/configuration-editing/dist/extension
[2021-04-20 13:34:52.494] [exthost] [info] ExtensionService#_doActivateExtension vscode.json-language-features {"startup":false,"extensionId":{"value":"vscode.json-language-features","_lower":"vscode.json-language-features"},"activationEvent":"onLanguage:jsonc"}
[2021-04-20 13:34:52.494] [exthost] [info] ExtensionService#loadCommonJSModule file:///usr/share/code/resources/app/extensions/json-language-features/client/dist/jsonMain
[2021-04-20 13:34:52.514] [exthost] [info] ExtensionService#_doActivateExtension vscode.typescript-language-features {"startup":false,"extensionId":{"value":"vscode.typescript-language-features","_lower":"vscode.typescript-language-features"},"activationEvent":"onLanguage:jsonc"}
[2021-04-20 13:34:52.514] [exthost] [info] ExtensionService#loadCommonJSModule file:///usr/share/code/resources/app/extensions/typescript-language-features/dist/extension
[2021-04-20 14:04:33.841] [exthost] [error] [stef-k.laravel-goto-controller] provider FAILED
[2021-04-20 14:04:33.842] [exthost] [error] TypeError: Cannot read property 'substring' of undefined
	at LinkProvider.provideDocumentLinks (/root/.vscode/extensions/stef-k.laravel-goto-controller-0.0.12/out/link.js:42:69)
	at /usr/share/code/resources/app/out/vs/workbench/services/extensions/node/extensionHostProcess.js:572:295
	at /usr/share/code/resources/app/out/vs/workbench/services/extensions/node/extensionHostProcess.js:52:363
	at new Promise (<anonymous>)
	at Object.t.asPromise (/usr/share/code/resources/app/out/vs/workbench/services/extensions/node/extensionHostProcess.js:52:335)
	at O.provideLinks (/usr/share/code/resources/app/out/vs/workbench/services/extensions/node/extensionHostProcess.js:572:266)
	at /usr/share/code/resources/app/out/vs/workbench/services/extensions/node/extensionHostProcess.js:584:853
	at H._withAdapter (/usr/share/code/resources/app/out/vs/workbench/services/extensions/node/extensionHostProcess.js:576:901)
	at H.$provideDocumentLinks (/usr/share/code/resources/app/out/vs/workbench/services/extensions/node/extensionHostProcess.js:584:831)
	at f._doInvokeHandler (/usr/share/code/resources/app/out/vs/workbench/services/extensions/node/extensionHostProcess.js:646:285)
	at f._invokeHandler (/usr/share/code/resources/app/out/vs/workbench/services/extensions/node/extensionHostProcess.js:645:999)
	at f._receiveRequest (/usr/share/code/resources/app/out/vs/workbench/services/extensions/node/extensionHostProcess.js:644:613)
	at f._receiveOneMessage (/usr/share/code/resources/app/out/vs/workbench/services/extensions/node/extensionHostProcess.js:643:477)
	at /usr/share/code/resources/app/out/vs/workbench/services/extensions/node/extensionHostProcess.js:641:754
	at l.fire (/usr/share/code/resources/app/out/vs/workbench/services/extensions/node/extensionHostProcess.js:47:207)
	at _.fire (/usr/share/code/resources/app/out/vs/workbench/services/extensions/node/extensionHostProcess.js:187:274)
	at /usr/share/code/resources/app/out/vs/workbench/services/extensions/node/extensionHostProcess.js:798:285
	at l.fire (/usr/share/code/resources/app/out/vs/workbench/services/extensions/node/extensionHostProcess.js:47:207)
	at _.fire (/usr/share/code/resources/app/out/vs/workbench/services/extensions/node/extensionHostProcess.js:187:274)
	at t.PersistentProtocol._receiveMessage (/usr/share/code/resources/app/out/vs/workbench/services/extensions/node/extensionHostProcess.js:191:629)
	at /usr/share/code/resources/app/out/vs/workbench/services/extensions/node/extensionHostProcess.js:188:824
	at l.fire (/usr/share/code/resources/app/out/vs/workbench/services/extensions/node/extensionHostProcess.js:47:207)
	at f.acceptChunk (/usr/share/code/resources/app/out/vs/workbench/services/extensions/node/extensionHostProcess.js:184:737)
	at /usr/share/code/resources/app/out/vs/workbench/services/extensions/node/extensionHostProcess.js:184:89
	at Socket.t (/usr/share/code/resources/app/out/vs/workbench/services/extensions/node/extensionHostProcess.js:193:68)
	at Socket.emit (events.js:200:13)
	at addChunk (_stream_readable.js:294:12)
	at readableAddChunk (_stream_readable.js:275:11)
	at Socket.Readable.push (_stream_readable.js:210:10)
	at Pipe.onStreamRead (internal/stream_base_commons.js:166:17)
[2021-04-20 14:17:28.317] [exthost] [error] [stef-k.laravel-goto-controller] provider FAILED
[2021-04-20 14:17:28.318] [exthost] [error] TypeError: Cannot read property 'substring' of undefined
	at LinkProvider.provideDocumentLinks (/root/.vscode/extensions/stef-k.laravel-goto-controller-0.0.12/out/link.js:42:69)
	at /usr/share/code/resources/app/out/vs/workbench/services/extensions/node/extensionHostProcess.js:572:295
	at /usr/share/code/resources/app/out/vs/workbench/services/extensions/node/extensionHostProcess.js:52:363
	at new Promise (<anonymous>)
	at Object.t.asPromise (/usr/share/code/resources/app/out/vs/workbench/services/extensions/node/extensionHostProcess.js:52:335)
	at O.provideLinks (/usr/share/code/resources/app/out/vs/workbench/services/extensions/node/extensionHostProcess.js:572:266)
	at /usr/share/code/resources/app/out/vs/workbench/services/extensions/node/extensionHostProcess.js:584:853
	at H._withAdapter (/usr/share/code/resources/app/out/vs/workbench/services/extensions/node/extensionHostProcess.js:576:901)
	at H.$provideDocumentLinks (/usr/share/code/resources/app/out/vs/workbench/services/extensions/node/extensionHostProcess.js:584:831)
	at f._doInvokeHandler (/usr/share/code/resources/app/out/vs/workbench/services/extensions/node/extensionHostProcess.js:646:285)
	at f._invokeHandler (/usr/share/code/resources/app/out/vs/workbench/services/extensions/node/extensionHostProcess.js:645:999)
	at f._receiveRequest (/usr/share/code/resources/app/out/vs/workbench/services/extensions/node/extensionHostProcess.js:644:613)
	at f._receiveOneMessage (/usr/share/code/resources/app/out/vs/workbench/services/extensions/node/extensionHostProcess.js:643:477)
	at /usr/share/code/resources/app/out/vs/workbench/services/extensions/node/extensionHostProcess.js:641:754
	at l.fire (/usr/share/code/resources/app/out/vs/workbench/services/extensions/node/extensionHostProcess.js:47:207)
	at _.fire (/usr/share/code/resources/app/out/vs/workbench/services/extensions/node/extensionHostProcess.js:187:274)
	at /usr/share/code/resources/app/out/vs/workbench/services/extensions/node/extensionHostProcess.js:798:285
	at l.fire (/usr/share/code/resources/app/out/vs/workbench/services/extensions/node/extensionHostProcess.js:47:207)
	at _.fire (/usr/share/code/resources/app/out/vs/workbench/services/extensions/node/extensionHostProcess.js:187:274)
	at t.PersistentProtocol._receiveMessage (/usr/share/code/resources/app/out/vs/workbench/services/extensions/node/extensionHostProcess.js:191:629)
	at /usr/share/code/resources/app/out/vs/workbench/services/extensions/node/extensionHostProcess.js:188:824
	at l.fire (/usr/share/code/resources/app/out/vs/workbench/services/extensions/node/extensionHostProcess.js:47:207)
	at f.acceptChunk (/usr/share/code/resources/app/out/vs/workbench/services/extensions/node/extensionHostProcess.js:184:737)
	at /usr/share/code/resources/app/out/vs/workbench/services/extensions/node/extensionHostProcess.js:184:89
	at Socket.t (/usr/share/code/resources/app/out/vs/workbench/services/extensions/node/extensionHostProcess.js:193:68)
	at Socket.emit (events.js:200:13)
	at addChunk (_stream_readable.js:294:12)
	at readableAddChunk (_stream_readable.js:275:11)
	at Socket.Readable.push (_stream_readable.js:210:10)
	at Pipe.onStreamRead (internal/stream_base_commons.js:166:17)
[2021-04-20 14:17:35.988] [exthost] [error] [stef-k.laravel-goto-controller] provider FAILED
[2021-04-20 14:17:35.988] [exthost] [error] TypeError: Cannot read property 'substring' of undefined
	at LinkProvider.provideDocumentLinks (/root/.vscode/extensions/stef-k.laravel-goto-controller-0.0.12/out/link.js:42:69)
	at /usr/share/code/resources/app/out/vs/workbench/services/extensions/node/extensionHostProcess.js:572:295
	at /usr/share/code/resources/app/out/vs/workbench/services/extensions/node/extensionHostProcess.js:52:363
	at new Promise (<anonymous>)
	at Object.t.asPromise (/usr/share/code/resources/app/out/vs/workbench/services/extensions/node/extensionHostProcess.js:52:335)
	at O.provideLinks (/usr/share/code/resources/app/out/vs/workbench/services/extensions/node/extensionHostProcess.js:572:266)
	at /usr/share/code/resources/app/out/vs/workbench/services/extensions/node/extensionHostProcess.js:584:853
	at H._withAdapter (/usr/share/code/resources/app/out/vs/workbench/services/extensions/node/extensionHostProcess.js:576:901)
	at H.$provideDocumentLinks (/usr/share/code/resources/app/out/vs/workbench/services/extensions/node/extensionHostProcess.js:584:831)
	at f._doInvokeHandler (/usr/share/code/resources/app/out/vs/workbench/services/extensions/node/extensionHostProcess.js:646:285)
	at f._invokeHandler (/usr/share/code/resources/app/out/vs/workbench/services/extensions/node/extensionHostProcess.js:645:999)
	at f._receiveRequest (/usr/share/code/resources/app/out/vs/workbench/services/extensions/node/extensionHostProcess.js:644:613)
	at f._receiveOneMessage (/usr/share/code/resources/app/out/vs/workbench/services/extensions/node/extensionHostProcess.js:643:477)
	at /usr/share/code/resources/app/out/vs/workbench/services/extensions/node/extensionHostProcess.js:641:754
	at l.fire (/usr/share/code/resources/app/out/vs/workbench/services/extensions/node/extensionHostProcess.js:47:207)
	at _.fire (/usr/share/code/resources/app/out/vs/workbench/services/extensions/node/extensionHostProcess.js:187:274)
	at /usr/share/code/resources/app/out/vs/workbench/services/extensions/node/extensionHostProcess.js:798:285
	at l.fire (/usr/share/code/resources/app/out/vs/workbench/services/extensions/node/extensionHostProcess.js:47:207)
	at _.fire (/usr/share/code/resources/app/out/vs/workbench/services/extensions/node/extensionHostProcess.js:187:274)
	at t.PersistentProtocol._receiveMessage (/usr/share/code/resources/app/out/vs/workbench/services/extensions/node/extensionHostProcess.js:191:629)
	at /usr/share/code/resources/app/out/vs/workbench/services/extensions/node/extensionHostProcess.js:188:824
	at l.fire (/usr/share/code/resources/app/out/vs/workbench/services/extensions/node/extensionHostProcess.js:47:207)
	at f.acceptChunk (/usr/share/code/resources/app/out/vs/workbench/services/extensions/node/extensionHostProcess.js:184:737)
	at /usr/share/code/resources/app/out/vs/workbench/services/extensions/node/extensionHostProcess.js:184:89
	at Socket.t (/usr/share/code/resources/app/out/vs/workbench/services/extensions/node/extensionHostProcess.js:193:68)
	at Socket.emit (events.js:200:13)
	at addChunk (_stream_readable.js:294:12)
	at readableAddChunk (_stream_readable.js:275:11)
	at Socket.Readable.push (_stream_readable.js:210:10)
	at Pipe.onStreamRead (internal/stream_base_commons.js:166:17)
[2021-04-20 14:17:37.146] [exthost] [error] [stef-k.laravel-goto-controller] provider FAILED
[2021-04-20 14:17:37.147] [exthost] [error] TypeError: Cannot read property 'substring' of undefined
	at LinkProvider.provideDocumentLinks (/root/.vscode/extensions/stef-k.laravel-goto-controller-0.0.12/out/link.js:42:69)
	at /usr/share/code/resources/app/out/vs/workbench/services/extensions/node/extensionHostProcess.js:572:295
	at /usr/share/code/resources/app/out/vs/workbench/services/extensions/node/extensionHostProcess.js:52:363
	at new Promise (<anonymous>)
	at Object.t.asPromise (/usr/share/code/resources/app/out/vs/workbench/services/extensions/node/extensionHostProcess.js:52:335)
	at O.provideLinks (/usr/share/code/resources/app/out/vs/workbench/services/extensions/node/extensionHostProcess.js:572:266)
	at /usr/share/code/resources/app/out/vs/workbench/services/extensions/node/extensionHostProcess.js:584:853
	at H._withAdapter (/usr/share/code/resources/app/out/vs/workbench/services/extensions/node/extensionHostProcess.js:576:901)
	at H.$provideDocumentLinks (/usr/share/code/resources/app/out/vs/workbench/services/extensions/node/extensionHostProcess.js:584:831)
	at f._doInvokeHandler (/usr/share/code/resources/app/out/vs/workbench/services/extensions/node/extensionHostProcess.js:646:285)
	at f._invokeHandler (/usr/share/code/resources/app/out/vs/workbench/services/extensions/node/extensionHostProcess.js:645:999)
	at f._receiveRequest (/usr/share/code/resources/app/out/vs/workbench/services/extensions/node/extensionHostProcess.js:644:613)
	at f._receiveOneMessage (/usr/share/code/resources/app/out/vs/workbench/services/extensions/node/extensionHostProcess.js:643:477)
	at /usr/share/code/resources/app/out/vs/workbench/services/extensions/node/extensionHostProcess.js:641:754
	at l.fire (/usr/share/code/resources/app/out/vs/workbench/services/extensions/node/extensionHostProcess.js:47:207)
	at _.fire (/usr/share/code/resources/app/out/vs/workbench/services/extensions/node/extensionHostProcess.js:187:274)
	at /usr/share/code/resources/app/out/vs/workbench/services/extensions/node/extensionHostProcess.js:798:285
	at l.fire (/usr/share/code/resources/app/out/vs/workbench/services/extensions/node/extensionHostProcess.js:47:207)
	at _.fire (/usr/share/code/resources/app/out/vs/workbench/services/extensions/node/extensionHostProcess.js:187:274)
	at t.PersistentProtocol._receiveMessage (/usr/share/code/resources/app/out/vs/workbench/services/extensions/node/extensionHostProcess.js:191:629)
	at /usr/share/code/resources/app/out/vs/workbench/services/extensions/node/extensionHostProcess.js:188:824
	at l.fire (/usr/share/code/resources/app/out/vs/workbench/services/extensions/node/extensionHostProcess.js:47:207)
	at f.acceptChunk (/usr/share/code/resources/app/out/vs/workbench/services/extensions/node/extensionHostProcess.js:184:737)
	at /usr/share/code/resources/app/out/vs/workbench/services/extensions/node/extensionHostProcess.js:184:89
	at Socket.t (/usr/share/code/resources/app/out/vs/workbench/services/extensions/node/extensionHostProcess.js:193:68)
	at Socket.emit (events.js:200:13)
	at addChunk (_stream_readable.js:294:12)
	at readableAddChunk (_stream_readable.js:275:11)
	at Socket.Readable.push (_stream_readable.js:210:10)
	at Pipe.onStreamRead (internal/stream_base_commons.js:166:17)
[2021-04-20 14:17:39.850] [exthost] [error] [stef-k.laravel-goto-controller] provider FAILED
[2021-04-20 14:17:39.850] [exthost] [error] TypeError: Cannot read property 'substring' of undefined
	at LinkProvider.provideDocumentLinks (/root/.vscode/extensions/stef-k.laravel-goto-controller-0.0.12/out/link.js:42:69)
	at /usr/share/code/resources/app/out/vs/workbench/services/extensions/node/extensionHostProcess.js:572:295
	at /usr/share/code/resources/app/out/vs/workbench/services/extensions/node/extensionHostProcess.js:52:363
	at new Promise (<anonymous>)
	at Object.t.asPromise (/usr/share/code/resources/app/out/vs/workbench/services/extensions/node/extensionHostProcess.js:52:335)
	at O.provideLinks (/usr/share/code/resources/app/out/vs/workbench/services/extensions/node/extensionHostProcess.js:572:266)
	at /usr/share/code/resources/app/out/vs/workbench/services/extensions/node/extensionHostProcess.js:584:853
	at H._withAdapter (/usr/share/code/resources/app/out/vs/workbench/services/extensions/node/extensionHostProcess.js:576:901)
	at H.$provideDocumentLinks (/usr/share/code/resources/app/out/vs/workbench/services/extensions/node/extensionHostProcess.js:584:831)
	at f._doInvokeHandler (/usr/share/code/resources/app/out/vs/workbench/services/extensions/node/extensionHostProcess.js:646:285)
	at f._invokeHandler (/usr/share/code/resources/app/out/vs/workbench/services/extensions/node/extensionHostProcess.js:645:999)
	at f._receiveRequest (/usr/share/code/resources/app/out/vs/workbench/services/extensions/node/extensionHostProcess.js:644:613)
	at f._receiveOneMessage (/usr/share/code/resources/app/out/vs/workbench/services/extensions/node/extensionHostProcess.js:643:477)
	at /usr/share/code/resources/app/out/vs/workbench/services/extensions/node/extensionHostProcess.js:641:754
	at l.fire (/usr/share/code/resources/app/out/vs/workbench/services/extensions/node/extensionHostProcess.js:47:207)
	at _.fire (/usr/share/code/resources/app/out/vs/workbench/services/extensions/node/extensionHostProcess.js:187:274)
	at /usr/share/code/resources/app/out/vs/workbench/services/extensions/node/extensionHostProcess.js:798:285
	at l.fire (/usr/share/code/resources/app/out/vs/workbench/services/extensions/node/extensionHostProcess.js:47:207)
	at _.fire (/usr/share/code/resources/app/out/vs/workbench/services/extensions/node/extensionHostProcess.js:187:274)
	at t.PersistentProtocol._receiveMessage (/usr/share/code/resources/app/out/vs/workbench/services/extensions/node/extensionHostProcess.js:191:629)
	at /usr/share/code/resources/app/out/vs/workbench/services/extensions/node/extensionHostProcess.js:188:824
	at l.fire (/usr/share/code/resources/app/out/vs/workbench/services/extensions/node/extensionHostProcess.js:47:207)
	at f.acceptChunk (/usr/share/code/resources/app/out/vs/workbench/services/extensions/node/extensionHostProcess.js:184:737)
	at /usr/share/code/resources/app/out/vs/workbench/services/extensions/node/extensionHostProcess.js:184:89
	at Socket.t (/usr/share/code/resources/app/out/vs/workbench/services/extensions/node/extensionHostProcess.js:193:68)
	at Socket.emit (events.js:200:13)
	at addChunk (_stream_readable.js:294:12)
	at readableAddChunk (_stream_readable.js:275:11)
	at Socket.Readable.push (_stream_readable.js:210:10)
	at Pipe.onStreamRead (internal/stream_base_commons.js:166:17)
[2021-04-20 14:17:40.882] [exthost] [error] [stef-k.laravel-goto-controller] provider FAILED
[2021-04-20 14:17:40.883] [exthost] [error] TypeError: Cannot read property 'substring' of undefined
	at LinkProvider.provideDocumentLinks (/root/.vscode/extensions/stef-k.laravel-goto-controller-0.0.12/out/link.js:42:69)
	at /usr/share/code/resources/app/out/vs/workbench/services/extensions/node/extensionHostProcess.js:572:295
	at /usr/share/code/resources/app/out/vs/workbench/services/extensions/node/extensionHostProcess.js:52:363
	at new Promise (<anonymous>)
	at Object.t.asPromise (/usr/share/code/resources/app/out/vs/workbench/services/extensions/node/extensionHostProcess.js:52:335)
	at O.provideLinks (/usr/share/code/resources/app/out/vs/workbench/services/extensions/node/extensionHostProcess.js:572:266)
	at /usr/share/code/resources/app/out/vs/workbench/services/extensions/node/extensionHostProcess.js:584:853
	at H._withAdapter (/usr/share/code/resources/app/out/vs/workbench/services/extensions/node/extensionHostProcess.js:576:901)
	at H.$provideDocumentLinks (/usr/share/code/resources/app/out/vs/workbench/services/extensions/node/extensionHostProcess.js:584:831)
	at f._doInvokeHandler (/usr/share/code/resources/app/out/vs/workbench/services/extensions/node/extensionHostProcess.js:646:285)
	at f._invokeHandler (/usr/share/code/resources/app/out/vs/workbench/services/extensions/node/extensionHostProcess.js:645:999)
	at f._receiveRequest (/usr/share/code/resources/app/out/vs/workbench/services/extensions/node/extensionHostProcess.js:644:613)
	at f._receiveOneMessage (/usr/share/code/resources/app/out/vs/workbench/services/extensions/node/extensionHostProcess.js:643:477)
	at /usr/share/code/resources/app/out/vs/workbench/services/extensions/node/extensionHostProcess.js:641:754
	at l.fire (/usr/share/code/resources/app/out/vs/workbench/services/extensions/node/extensionHostProcess.js:47:207)
	at _.fire (/usr/share/code/resources/app/out/vs/workbench/services/extensions/node/extensionHostProcess.js:187:274)
	at /usr/share/code/resources/app/out/vs/workbench/services/extensions/node/extensionHostProcess.js:798:285
	at l.fire (/usr/share/code/resources/app/out/vs/workbench/services/extensions/node/extensionHostProcess.js:47:207)
	at _.fire (/usr/share/code/resources/app/out/vs/workbench/services/extensions/node/extensionHostProcess.js:187:274)
	at t.PersistentProtocol._receiveMessage (/usr/share/code/resources/app/out/vs/workbench/services/extensions/node/extensionHostProcess.js:191:629)
	at /usr/share/code/resources/app/out/vs/workbench/services/extensions/node/extensionHostProcess.js:188:824
	at l.fire (/usr/share/code/resources/app/out/vs/workbench/services/extensions/node/extensionHostProcess.js:47:207)
	at f.acceptChunk (/usr/share/code/resources/app/out/vs/workbench/services/extensions/node/extensionHostProcess.js:184:737)
	at /usr/share/code/resources/app/out/vs/workbench/services/extensions/node/extensionHostProcess.js:184:89
	at Socket.t (/usr/share/code/resources/app/out/vs/workbench/services/extensions/node/extensionHostProcess.js:193:68)
	at Socket.emit (events.js:200:13)
	at addChunk (_stream_readable.js:294:12)
	at readableAddChunk (_stream_readable.js:275:11)
	at Socket.Readable.push (_stream_readable.js:210:10)
	at Pipe.onStreamRead (internal/stream_base_commons.js:166:17)
[2021-04-20 14:17:42.003] [exthost] [error] [stef-k.laravel-goto-controller] provider FAILED
[2021-04-20 14:17:42.004] [exthost] [error] TypeError: Cannot read property 'substring' of undefined
	at LinkProvider.provideDocumentLinks (/root/.vscode/extensions/stef-k.laravel-goto-controller-0.0.12/out/link.js:42:69)
	at /usr/share/code/resources/app/out/vs/workbench/services/extensions/node/extensionHostProcess.js:572:295
	at /usr/share/code/resources/app/out/vs/workbench/services/extensions/node/extensionHostProcess.js:52:363
	at new Promise (<anonymous>)
	at Object.t.asPromise (/usr/share/code/resources/app/out/vs/workbench/services/extensions/node/extensionHostProcess.js:52:335)
	at O.provideLinks (/usr/share/code/resources/app/out/vs/workbench/services/extensions/node/extensionHostProcess.js:572:266)
	at /usr/share/code/resources/app/out/vs/workbench/services/extensions/node/extensionHostProcess.js:584:853
	at H._withAdapter (/usr/share/code/resources/app/out/vs/workbench/services/extensions/node/extensionHostProcess.js:576:901)
	at H.$provideDocumentLinks (/usr/share/code/resources/app/out/vs/workbench/services/extensions/node/extensionHostProcess.js:584:831)
	at f._doInvokeHandler (/usr/share/code/resources/app/out/vs/workbench/services/extensions/node/extensionHostProcess.js:646:285)
	at f._invokeHandler (/usr/share/code/resources/app/out/vs/workbench/services/extensions/node/extensionHostProcess.js:645:999)
	at f._receiveRequest (/usr/share/code/resources/app/out/vs/workbench/services/extensions/node/extensionHostProcess.js:644:613)
	at f._receiveOneMessage (/usr/share/code/resources/app/out/vs/workbench/services/extensions/node/extensionHostProcess.js:643:477)
	at /usr/share/code/resources/app/out/vs/workbench/services/extensions/node/extensionHostProcess.js:641:754
	at l.fire (/usr/share/code/resources/app/out/vs/workbench/services/extensions/node/extensionHostProcess.js:47:207)
	at _.fire (/usr/share/code/resources/app/out/vs/workbench/services/extensions/node/extensionHostProcess.js:187:274)
	at /usr/share/code/resources/app/out/vs/workbench/services/extensions/node/extensionHostProcess.js:798:285
	at l.fire (/usr/share/code/resources/app/out/vs/workbench/services/extensions/node/extensionHostProcess.js:47:207)
	at _.fire (/usr/share/code/resources/app/out/vs/workbench/services/extensions/node/extensionHostProcess.js:187:274)
	at t.PersistentProtocol._receiveMessage (/usr/share/code/resources/app/out/vs/workbench/services/extensions/node/extensionHostProcess.js:191:629)
	at /usr/share/code/resources/app/out/vs/workbench/services/extensions/node/extensionHostProcess.js:188:824
	at l.fire (/usr/share/code/resources/app/out/vs/workbench/services/extensions/node/extensionHostProcess.js:47:207)
	at f.acceptChunk (/usr/share/code/resources/app/out/vs/workbench/services/extensions/node/extensionHostProcess.js:184:737)
	at /usr/share/code/resources/app/out/vs/workbench/services/extensions/node/extensionHostProcess.js:184:89
	at Socket.t (/usr/share/code/resources/app/out/vs/workbench/services/extensions/node/extensionHostProcess.js:193:68)
	at Socket.emit (events.js:200:13)
	at addChunk (_stream_readable.js:294:12)
	at readableAddChunk (_stream_readable.js:275:11)
	at Socket.Readable.push (_stream_readable.js:210:10)
	at Pipe.onStreamRead (internal/stream_base_commons.js:166:17)
[2021-04-20 14:49:37.798] [exthost] [error] [stef-k.laravel-goto-controller] provider FAILED
[2021-04-20 14:49:37.798] [exthost] [error] TypeError: Cannot read property 'substring' of undefined
	at LinkProvider.provideDocumentLinks (/root/.vscode/extensions/stef-k.laravel-goto-controller-0.0.12/out/link.js:42:69)
	at /usr/share/code/resources/app/out/vs/workbench/services/extensions/node/extensionHostProcess.js:572:295
	at /usr/share/code/resources/app/out/vs/workbench/services/extensions/node/extensionHostProcess.js:52:363
	at new Promise (<anonymous>)
	at Object.t.asPromise (/usr/share/code/resources/app/out/vs/workbench/services/extensions/node/extensionHostProcess.js:52:335)
	at O.provideLinks (/usr/share/code/resources/app/out/vs/workbench/services/extensions/node/extensionHostProcess.js:572:266)
	at /usr/share/code/resources/app/out/vs/workbench/services/extensions/node/extensionHostProcess.js:584:853
	at H._withAdapter (/usr/share/code/resources/app/out/vs/workbench/services/extensions/node/extensionHostProcess.js:576:901)
	at H.$provideDocumentLinks (/usr/share/code/resources/app/out/vs/workbench/services/extensions/node/extensionHostProcess.js:584:831)
	at f._doInvokeHandler (/usr/share/code/resources/app/out/vs/workbench/services/extensions/node/extensionHostProcess.js:646:285)
	at f._invokeHandler (/usr/share/code/resources/app/out/vs/workbench/services/extensions/node/extensionHostProcess.js:645:999)
	at f._receiveRequest (/usr/share/code/resources/app/out/vs/workbench/services/extensions/node/extensionHostProcess.js:644:613)
	at f._receiveOneMessage (/usr/share/code/resources/app/out/vs/workbench/services/extensions/node/extensionHostProcess.js:643:477)
	at /usr/share/code/resources/app/out/vs/workbench/services/extensions/node/extensionHostProcess.js:641:754
	at l.fire (/usr/share/code/resources/app/out/vs/workbench/services/extensions/node/extensionHostProcess.js:47:207)
	at _.fire (/usr/share/code/resources/app/out/vs/workbench/services/extensions/node/extensionHostProcess.js:187:274)
	at /usr/share/code/resources/app/out/vs/workbench/services/extensions/node/extensionHostProcess.js:798:285
	at l.fire (/usr/share/code/resources/app/out/vs/workbench/services/extensions/node/extensionHostProcess.js:47:207)
	at _.fire (/usr/share/code/resources/app/out/vs/workbench/services/extensions/node/extensionHostProcess.js:187:274)
	at t.PersistentProtocol._receiveMessage (/usr/share/code/resources/app/out/vs/workbench/services/extensions/node/extensionHostProcess.js:191:629)
	at /usr/share/code/resources/app/out/vs/workbench/services/extensions/node/extensionHostProcess.js:188:824
	at l.fire (/usr/share/code/resources/app/out/vs/workbench/services/extensions/node/extensionHostProcess.js:47:207)
	at f.acceptChunk (/usr/share/code/resources/app/out/vs/workbench/services/extensions/node/extensionHostProcess.js:184:737)
	at /usr/share/code/resources/app/out/vs/workbench/services/extensions/node/extensionHostProcess.js:184:89
	at Socket.t (/usr/share/code/resources/app/out/vs/workbench/services/extensions/node/extensionHostProcess.js:193:68)
	at Socket.emit (events.js:200:13)
	at addChunk (_stream_readable.js:294:12)
	at readableAddChunk (_stream_readable.js:275:11)
	at Socket.Readable.push (_stream_readable.js:210:10)
	at Pipe.onStreamRead (internal/stream_base_commons.js:166:17)
[2021-04-20 14:49:44.194] [exthost] [error] [stef-k.laravel-goto-controller] provider FAILED
[2021-04-20 14:49:44.195] [exthost] [error] TypeError: Cannot read property 'substring' of undefined
	at LinkProvider.provideDocumentLinks (/root/.vscode/extensions/stef-k.laravel-goto-controller-0.0.12/out/link.js:42:69)
	at /usr/share/code/resources/app/out/vs/workbench/services/extensions/node/extensionHostProcess.js:572:295
	at /usr/share/code/resources/app/out/vs/workbench/services/extensions/node/extensionHostProcess.js:52:363
	at new Promise (<anonymous>)
	at Object.t.asPromise (/usr/share/code/resources/app/out/vs/workbench/services/extensions/node/extensionHostProcess.js:52:335)
	at O.provideLinks (/usr/share/code/resources/app/out/vs/workbench/services/extensions/node/extensionHostProcess.js:572:266)
	at /usr/share/code/resources/app/out/vs/workbench/services/extensions/node/extensionHostProcess.js:584:853
	at H._withAdapter (/usr/share/code/resources/app/out/vs/workbench/services/extensions/node/extensionHostProcess.js:576:901)
	at H.$provideDocumentLinks (/usr/share/code/resources/app/out/vs/workbench/services/extensions/node/extensionHostProcess.js:584:831)
	at f._doInvokeHandler (/usr/share/code/resources/app/out/vs/workbench/services/extensions/node/extensionHostProcess.js:646:285)
	at f._invokeHandler (/usr/share/code/resources/app/out/vs/workbench/services/extensions/node/extensionHostProcess.js:645:999)
	at f._receiveRequest (/usr/share/code/resources/app/out/vs/workbench/services/extensions/node/extensionHostProcess.js:644:613)
	at f._receiveOneMessage (/usr/share/code/resources/app/out/vs/workbench/services/extensions/node/extensionHostProcess.js:643:477)
	at /usr/share/code/resources/app/out/vs/workbench/services/extensions/node/extensionHostProcess.js:641:754
	at l.fire (/usr/share/code/resources/app/out/vs/workbench/services/extensions/node/extensionHostProcess.js:47:207)
	at _.fire (/usr/share/code/resources/app/out/vs/workbench/services/extensions/node/extensionHostProcess.js:187:274)
	at /usr/share/code/resources/app/out/vs/workbench/services/extensions/node/extensionHostProcess.js:798:285
	at l.fire (/usr/share/code/resources/app/out/vs/workbench/services/extensions/node/extensionHostProcess.js:47:207)
	at _.fire (/usr/share/code/resources/app/out/vs/workbench/services/extensions/node/extensionHostProcess.js:187:274)
	at t.PersistentProtocol._receiveMessage (/usr/share/code/resources/app/out/vs/workbench/services/extensions/node/extensionHostProcess.js:191:629)
	at /usr/share/code/resources/app/out/vs/workbench/services/extensions/node/extensionHostProcess.js:188:824
	at l.fire (/usr/share/code/resources/app/out/vs/workbench/services/extensions/node/extensionHostProcess.js:47:207)
	at f.acceptChunk (/usr/share/code/resources/app/out/vs/workbench/services/extensions/node/extensionHostProcess.js:184:737)
	at /usr/share/code/resources/app/out/vs/workbench/services/extensions/node/extensionHostProcess.js:184:89
	at Socket.t (/usr/share/code/resources/app/out/vs/workbench/services/extensions/node/extensionHostProcess.js:193:68)
	at Socket.emit (events.js:200:13)
	at addChunk (_stream_readable.js:294:12)
	at readableAddChunk (_stream_readable.js:275:11)
	at Socket.Readable.push (_stream_readable.js:210:10)
	at Pipe.onStreamRead (internal/stream_base_commons.js:166:17)
[2021-04-20 14:49:46.317] [exthost] [error] [stef-k.laravel-goto-controller] provider FAILED
[2021-04-20 14:49:46.317] [exthost] [error] TypeError: Cannot read property 'substring' of undefined
	at LinkProvider.provideDocumentLinks (/root/.vscode/extensions/stef-k.laravel-goto-controller-0.0.12/out/link.js:42:69)
	at /usr/share/code/resources/app/out/vs/workbench/services/extensions/node/extensionHostProcess.js:572:295
	at /usr/share/code/resources/app/out/vs/workbench/services/extensions/node/extensionHostProcess.js:52:363
	at new Promise (<anonymous>)
	at Object.t.asPromise (/usr/share/code/resources/app/out/vs/workbench/services/extensions/node/extensionHostProcess.js:52:335)
	at O.provideLinks (/usr/share/code/resources/app/out/vs/workbench/services/extensions/node/extensionHostProcess.js:572:266)
	at /usr/share/code/resources/app/out/vs/workbench/services/extensions/node/extensionHostProcess.js:584:853
	at H._withAdapter (/usr/share/code/resources/app/out/vs/workbench/services/extensions/node/extensionHostProcess.js:576:901)
	at H.$provideDocumentLinks (/usr/share/code/resources/app/out/vs/workbench/services/extensions/node/extensionHostProcess.js:584:831)
	at f._doInvokeHandler (/usr/share/code/resources/app/out/vs/workbench/services/extensions/node/extensionHostProcess.js:646:285)
	at f._invokeHandler (/usr/share/code/resources/app/out/vs/workbench/services/extensions/node/extensionHostProcess.js:645:999)
	at f._receiveRequest (/usr/share/code/resources/app/out/vs/workbench/services/extensions/node/extensionHostProcess.js:644:613)
	at f._receiveOneMessage (/usr/share/code/resources/app/out/vs/workbench/services/extensions/node/extensionHostProcess.js:643:477)
	at /usr/share/code/resources/app/out/vs/workbench/services/extensions/node/extensionHostProcess.js:641:754
	at l.fire (/usr/share/code/resources/app/out/vs/workbench/services/extensions/node/extensionHostProcess.js:47:207)
	at _.fire (/usr/share/code/resources/app/out/vs/workbench/services/extensions/node/extensionHostProcess.js:187:274)
	at /usr/share/code/resources/app/out/vs/workbench/services/extensions/node/extensionHostProcess.js:798:285
	at l.fire (/usr/share/code/resources/app/out/vs/workbench/services/extensions/node/extensionHostProcess.js:47:207)
	at _.fire (/usr/share/code/resources/app/out/vs/workbench/services/extensions/node/extensionHostProcess.js:187:274)
	at t.PersistentProtocol._receiveMessage (/usr/share/code/resources/app/out/vs/workbench/services/extensions/node/extensionHostProcess.js:191:629)
	at /usr/share/code/resources/app/out/vs/workbench/services/extensions/node/extensionHostProcess.js:188:824
	at l.fire (/usr/share/code/resources/app/out/vs/workbench/services/extensions/node/extensionHostProcess.js:47:207)
	at f.acceptChunk (/usr/share/code/resources/app/out/vs/workbench/services/extensions/node/extensionHostProcess.js:184:737)
	at /usr/share/code/resources/app/out/vs/workbench/services/extensions/node/extensionHostProcess.js:184:89
	at Socket.t (/usr/share/code/resources/app/out/vs/workbench/services/extensions/node/extensionHostProcess.js:193:68)
	at Socket.emit (events.js:200:13)
	at addChunk (_stream_readable.js:294:12)
	at readableAddChunk (_stream_readable.js:275:11)
	at Socket.Readable.push (_stream_readable.js:210:10)
	at Pipe.onStreamRead (internal/stream_base_commons.js:166:17)
[2021-04-20 14:49:47.667] [exthost] [error] [stef-k.laravel-goto-controller] provider FAILED
[2021-04-20 14:49:47.667] [exthost] [error] TypeError: Cannot read property 'substring' of undefined
	at LinkProvider.provideDocumentLinks (/root/.vscode/extensions/stef-k.laravel-goto-controller-0.0.12/out/link.js:42:69)
	at /usr/share/code/resources/app/out/vs/workbench/services/extensions/node/extensionHostProcess.js:572:295
	at /usr/share/code/resources/app/out/vs/workbench/services/extensions/node/extensionHostProcess.js:52:363
	at new Promise (<anonymous>)
	at Object.t.asPromise (/usr/share/code/resources/app/out/vs/workbench/services/extensions/node/extensionHostProcess.js:52:335)
	at O.provideLinks (/usr/share/code/resources/app/out/vs/workbench/services/extensions/node/extensionHostProcess.js:572:266)
	at /usr/share/code/resources/app/out/vs/workbench/services/extensions/node/extensionHostProcess.js:584:853
	at H._withAdapter (/usr/share/code/resources/app/out/vs/workbench/services/extensions/node/extensionHostProcess.js:576:901)
	at H.$provideDocumentLinks (/usr/share/code/resources/app/out/vs/workbench/services/extensions/node/extensionHostProcess.js:584:831)
	at f._doInvokeHandler (/usr/share/code/resources/app/out/vs/workbench/services/extensions/node/extensionHostProcess.js:646:285)
	at f._invokeHandler (/usr/share/code/resources/app/out/vs/workbench/services/extensions/node/extensionHostProcess.js:645:999)
	at f._receiveRequest (/usr/share/code/resources/app/out/vs/workbench/services/extensions/node/extensionHostProcess.js:644:613)
	at f._receiveOneMessage (/usr/share/code/resources/app/out/vs/workbench/services/extensions/node/extensionHostProcess.js:643:477)
	at /usr/share/code/resources/app/out/vs/workbench/services/extensions/node/extensionHostProcess.js:641:754
	at l.fire (/usr/share/code/resources/app/out/vs/workbench/services/extensions/node/extensionHostProcess.js:47:207)
	at _.fire (/usr/share/code/resources/app/out/vs/workbench/services/extensions/node/extensionHostProcess.js:187:274)
	at /usr/share/code/resources/app/out/vs/workbench/services/extensions/node/extensionHostProcess.js:798:285
	at l.fire (/usr/share/code/resources/app/out/vs/workbench/services/extensions/node/extensionHostProcess.js:47:207)
	at _.fire (/usr/share/code/resources/app/out/vs/workbench/services/extensions/node/extensionHostProcess.js:187:274)
	at t.PersistentProtocol._receiveMessage (/usr/share/code/resources/app/out/vs/workbench/services/extensions/node/extensionHostProcess.js:191:629)
	at /usr/share/code/resources/app/out/vs/workbench/services/extensions/node/extensionHostProcess.js:188:824
	at l.fire (/usr/share/code/resources/app/out/vs/workbench/services/extensions/node/extensionHostProcess.js:47:207)
	at f.acceptChunk (/usr/share/code/resources/app/out/vs/workbench/services/extensions/node/extensionHostProcess.js:184:737)
	at /usr/share/code/resources/app/out/vs/workbench/services/extensions/node/extensionHostProcess.js:184:89
	at Socket.t (/usr/share/code/resources/app/out/vs/workbench/services/extensions/node/extensionHostProcess.js:193:68)
	at Socket.emit (events.js:200:13)
	at addChunk (_stream_readable.js:294:12)
	at readableAddChunk (_stream_readable.js:275:11)
	at Socket.Readable.push (_stream_readable.js:210:10)
	at Pipe.onStreamRead (internal/stream_base_commons.js:166:17)
[2021-04-20 14:50:28.827] [exthost] [error] [stef-k.laravel-goto-controller] provider FAILED
[2021-04-20 14:50:28.827] [exthost] [error] TypeError: Cannot read property 'substring' of undefined
	at LinkProvider.provideDocumentLinks (/root/.vscode/extensions/stef-k.laravel-goto-controller-0.0.12/out/link.js:42:69)
	at /usr/share/code/resources/app/out/vs/workbench/services/extensions/node/extensionHostProcess.js:572:295
	at /usr/share/code/resources/app/out/vs/workbench/services/extensions/node/extensionHostProcess.js:52:363
	at new Promise (<anonymous>)
	at Object.t.asPromise (/usr/share/code/resources/app/out/vs/workbench/services/extensions/node/extensionHostProcess.js:52:335)
	at O.provideLinks (/usr/share/code/resources/app/out/vs/workbench/services/extensions/node/extensionHostProcess.js:572:266)
	at /usr/share/code/resources/app/out/vs/workbench/services/extensions/node/extensionHostProcess.js:584:853
	at H._withAdapter (/usr/share/code/resources/app/out/vs/workbench/services/extensions/node/extensionHostProcess.js:576:901)
	at H.$provideDocumentLinks (/usr/share/code/resources/app/out/vs/workbench/services/extensions/node/extensionHostProcess.js:584:831)
	at f._doInvokeHandler (/usr/share/code/resources/app/out/vs/workbench/services/extensions/node/extensionHostProcess.js:646:285)
	at f._invokeHandler (/usr/share/code/resources/app/out/vs/workbench/services/extensions/node/extensionHostProcess.js:645:999)
	at f._receiveRequest (/usr/share/code/resources/app/out/vs/workbench/services/extensions/node/extensionHostProcess.js:644:613)
	at f._receiveOneMessage (/usr/share/code/resources/app/out/vs/workbench/services/extensions/node/extensionHostProcess.js:643:477)
	at /usr/share/code/resources/app/out/vs/workbench/services/extensions/node/extensionHostProcess.js:641:754
	at l.fire (/usr/share/code/resources/app/out/vs/workbench/services/extensions/node/extensionHostProcess.js:47:207)
	at _.fire (/usr/share/code/resources/app/out/vs/workbench/services/extensions/node/extensionHostProcess.js:187:274)
	at /usr/share/code/resources/app/out/vs/workbench/services/extensions/node/extensionHostProcess.js:798:285
	at l.fire (/usr/share/code/resources/app/out/vs/workbench/services/extensions/node/extensionHostProcess.js:47:207)
	at _.fire (/usr/share/code/resources/app/out/vs/workbench/services/extensions/node/extensionHostProcess.js:187:274)
	at t.PersistentProtocol._receiveMessage (/usr/share/code/resources/app/out/vs/workbench/services/extensions/node/extensionHostProcess.js:191:629)
	at /usr/share/code/resources/app/out/vs/workbench/services/extensions/node/extensionHostProcess.js:188:824
	at l.fire (/usr/share/code/resources/app/out/vs/workbench/services/extensions/node/extensionHostProcess.js:47:207)
	at f.acceptChunk (/usr/share/code/resources/app/out/vs/workbench/services/extensions/node/extensionHostProcess.js:184:737)
	at /usr/share/code/resources/app/out/vs/workbench/services/extensions/node/extensionHostProcess.js:184:89
	at Socket.t (/usr/share/code/resources/app/out/vs/workbench/services/extensions/node/extensionHostProcess.js:193:68)
	at Socket.emit (events.js:200:13)
	at addChunk (_stream_readable.js:294:12)
	at readableAddChunk (_stream_readable.js:275:11)
	at Socket.Readable.push (_stream_readable.js:210:10)
	at Pipe.onStreamRead (internal/stream_base_commons.js:166:17)
[2021-04-20 14:50:31.997] [exthost] [error] [stef-k.laravel-goto-controller] provider FAILED
[2021-04-20 14:50:31.997] [exthost] [error] TypeError: Cannot read property 'substring' of undefined
	at LinkProvider.provideDocumentLinks (/root/.vscode/extensions/stef-k.laravel-goto-controller-0.0.12/out/link.js:42:69)
	at /usr/share/code/resources/app/out/vs/workbench/services/extensions/node/extensionHostProcess.js:572:295
	at /usr/share/code/resources/app/out/vs/workbench/services/extensions/node/extensionHostProcess.js:52:363
	at new Promise (<anonymous>)
	at Object.t.asPromise (/usr/share/code/resources/app/out/vs/workbench/services/extensions/node/extensionHostProcess.js:52:335)
	at O.provideLinks (/usr/share/code/resources/app/out/vs/workbench/services/extensions/node/extensionHostProcess.js:572:266)
	at /usr/share/code/resources/app/out/vs/workbench/services/extensions/node/extensionHostProcess.js:584:853
	at H._withAdapter (/usr/share/code/resources/app/out/vs/workbench/services/extensions/node/extensionHostProcess.js:576:901)
	at H.$provideDocumentLinks (/usr/share/code/resources/app/out/vs/workbench/services/extensions/node/extensionHostProcess.js:584:831)
	at f._doInvokeHandler (/usr/share/code/resources/app/out/vs/workbench/services/extensions/node/extensionHostProcess.js:646:285)
	at f._invokeHandler (/usr/share/code/resources/app/out/vs/workbench/services/extensions/node/extensionHostProcess.js:645:999)
	at f._receiveRequest (/usr/share/code/resources/app/out/vs/workbench/services/extensions/node/extensionHostProcess.js:644:613)
	at f._receiveOneMessage (/usr/share/code/resources/app/out/vs/workbench/services/extensions/node/extensionHostProcess.js:643:477)
	at /usr/share/code/resources/app/out/vs/workbench/services/extensions/node/extensionHostProcess.js:641:754
	at l.fire (/usr/share/code/resources/app/out/vs/workbench/services/extensions/node/extensionHostProcess.js:47:207)
	at _.fire (/usr/share/code/resources/app/out/vs/workbench/services/extensions/node/extensionHostProcess.js:187:274)
	at /usr/share/code/resources/app/out/vs/workbench/services/extensions/node/extensionHostProcess.js:798:285
	at l.fire (/usr/share/code/resources/app/out/vs/workbench/services/extensions/node/extensionHostProcess.js:47:207)
	at _.fire (/usr/share/code/resources/app/out/vs/workbench/services/extensions/node/extensionHostProcess.js:187:274)
	at t.PersistentProtocol._receiveMessage (/usr/share/code/resources/app/out/vs/workbench/services/extensions/node/extensionHostProcess.js:191:629)
	at /usr/share/code/resources/app/out/vs/workbench/services/extensions/node/extensionHostProcess.js:188:824
	at l.fire (/usr/share/code/resources/app/out/vs/workbench/services/extensions/node/extensionHostProcess.js:47:207)
	at f.acceptChunk (/usr/share/code/resources/app/out/vs/workbench/services/extensions/node/extensionHostProcess.js:184:737)
	at /usr/share/code/resources/app/out/vs/workbench/services/extensions/node/extensionHostProcess.js:184:89
	at Socket.t (/usr/share/code/resources/app/out/vs/workbench/services/extensions/node/extensionHostProcess.js:193:68)
	at Socket.emit (events.js:200:13)
	at addChunk (_stream_readable.js:294:12)
	at readableAddChunk (_stream_readable.js:275:11)
	at Socket.Readable.push (_stream_readable.js:210:10)
	at Pipe.onStreamRead (internal/stream_base_commons.js:166:17)
[2021-04-20 14:50:47.203] [exthost] [error] [stef-k.laravel-goto-controller] provider FAILED
[2021-04-20 14:50:47.203] [exthost] [error] TypeError: Cannot read property 'substring' of undefined
	at LinkProvider.provideDocumentLinks (/root/.vscode/extensions/stef-k.laravel-goto-controller-0.0.12/out/link.js:42:69)
	at /usr/share/code/resources/app/out/vs/workbench/services/extensions/node/extensionHostProcess.js:572:295
	at /usr/share/code/resources/app/out/vs/workbench/services/extensions/node/extensionHostProcess.js:52:363
	at new Promise (<anonymous>)
	at Object.t.asPromise (/usr/share/code/resources/app/out/vs/workbench/services/extensions/node/extensionHostProcess.js:52:335)
	at O.provideLinks (/usr/share/code/resources/app/out/vs/workbench/services/extensions/node/extensionHostProcess.js:572:266)
	at /usr/share/code/resources/app/out/vs/workbench/services/extensions/node/extensionHostProcess.js:584:853
	at H._withAdapter (/usr/share/code/resources/app/out/vs/workbench/services/extensions/node/extensionHostProcess.js:576:901)
	at H.$provideDocumentLinks (/usr/share/code/resources/app/out/vs/workbench/services/extensions/node/extensionHostProcess.js:584:831)
	at f._doInvokeHandler (/usr/share/code/resources/app/out/vs/workbench/services/extensions/node/extensionHostProcess.js:646:285)
	at f._invokeHandler (/usr/share/code/resources/app/out/vs/workbench/services/extensions/node/extensionHostProcess.js:645:999)
	at f._receiveRequest (/usr/share/code/resources/app/out/vs/workbench/services/extensions/node/extensionHostProcess.js:644:613)
	at f._receiveOneMessage (/usr/share/code/resources/app/out/vs/workbench/services/extensions/node/extensionHostProcess.js:643:477)
	at /usr/share/code/resources/app/out/vs/workbench/services/extensions/node/extensionHostProcess.js:641:754
	at l.fire (/usr/share/code/resources/app/out/vs/workbench/services/extensions/node/extensionHostProcess.js:47:207)
	at _.fire (/usr/share/code/resources/app/out/vs/workbench/services/extensions/node/extensionHostProcess.js:187:274)
	at /usr/share/code/resources/app/out/vs/workbench/services/extensions/node/extensionHostProcess.js:798:285
	at l.fire (/usr/share/code/resources/app/out/vs/workbench/services/extensions/node/extensionHostProcess.js:47:207)
	at _.fire (/usr/share/code/resources/app/out/vs/workbench/services/extensions/node/extensionHostProcess.js:187:274)
	at t.PersistentProtocol._receiveMessage (/usr/share/code/resources/app/out/vs/workbench/services/extensions/node/extensionHostProcess.js:191:629)
	at /usr/share/code/resources/app/out/vs/workbench/services/extensions/node/extensionHostProcess.js:188:824
	at l.fire (/usr/share/code/resources/app/out/vs/workbench/services/extensions/node/extensionHostProcess.js:47:207)
	at f.acceptChunk (/usr/share/code/resources/app/out/vs/workbench/services/extensions/node/extensionHostProcess.js:184:737)
	at /usr/share/code/resources/app/out/vs/workbench/services/extensions/node/extensionHostProcess.js:184:89
	at Socket.t (/usr/share/code/resources/app/out/vs/workbench/services/extensions/node/extensionHostProcess.js:193:68)
	at Socket.emit (events.js:200:13)
	at addChunk (_stream_readable.js:294:12)
	at readableAddChunk (_stream_readable.js:275:11)
	at Socket.Readable.push (_stream_readable.js:210:10)
	at Pipe.onStreamRead (internal/stream_base_commons.js:166:17)
