Looking for git in: git
Using git  from git
> git rev-parse --show-toplevel
> git rev-parse --git-dir
Open repository: /opt/lampp/htdocs/laravel_flutter
> git status -z -u
> git show :app/Models/Tag.php
> git show :app/Http/Resources/PostWithTagResource.php
> git check-ignore -v -z --stdin
> git symbolic-ref --short HEAD
> git rev-parse main
> git rev-parse --symbolic-full-name main@{u}
> git rev-list --left-right main...refs/remotes/origin/main
> git show :app/Models/Tag.php
> git show :app/Http/Resources/PostWithTagResource.php
> git for-each-ref --format %(refname) %(objectname) --sort -committerdate
> git remote --verbose
> git config --get commit.template
> git show :app/Http/Controllers/PostController.php
> git check-ignore -v -z --stdin
> git show :routes/api.php
> git check-ignore -v -z --stdin
> git check-ignore -v -z --stdin
> git check-ignore -v -z --stdin
> git show :app/Http/Middleware/JwtMiddleware.php
> git show :routes/api.php
> git check-ignore -v -z --stdin
> git show :database/migrations/2021_04_19_092813_create_posts_table.php
> git check-ignore -v -z --stdin
> git show :app/Http/Middleware/JwtMiddleware.php
> git check-ignore -v -z --stdin
> git show :vendor/tymon/jwt-auth/src/Facades/JWTAuth.php
> git ls-files --stage -- vendor/tymon/jwt-auth/src/Facades/
> git show :vendor/tymon/jwt-auth/src/Facades/JWTFactory.php
> git ls-files --stage -- vendor/tymon/jwt-auth/src/Facades/
> git show :vendor/tymon/jwt-auth/src/Facades/JWTProvider.php
> git ls-files --stage -- vendor/tymon/jwt-auth/src/Facades/
> git show :vendor/tymon/jwt-auth/src/JWT.php
> git ls-files --stage -- vendor/tymon/jwt-auth/src/
> git show :vendor/tymon/jwt-auth/src/JWTAuth.php
> git ls-files --stage -- vendor/tymon/jwt-auth/src/
> git show :vendor/tymon/jwt-auth/src/JWTGuard.php
> git ls-files --stage -- vendor/tymon/jwt-auth/src/
> git show :app/Http/Middleware/JwtMiddleware.php
> git show :vendor/tymon/jwt-auth/src/Exceptions/TokenExpiredException.php
> git ls-files --stage -- vendor/tymon/jwt-auth/src/Exceptions/
> git check-ignore -v -z --stdin
> git show :app/Http/Middleware/JwtMiddleware.php
> git status -z -u
> git show :app/Http/Middleware/JwtMiddleware.php
> git symbolic-ref --short HEAD
> git rev-parse main
> git rev-parse --symbolic-full-name main@{u}
> git rev-list --left-right main...refs/remotes/origin/main
> git for-each-ref --format %(refname) %(objectname) --sort -committerdate
> git remote --verbose
> git config --get commit.template
> git show :app/Http/Middleware/JwtMiddleware.php
> git status -z -u
> git symbolic-ref --short HEAD
> git rev-parse main
> git rev-parse --symbolic-full-name main@{u}
> git rev-list --left-right main...refs/remotes/origin/main
> git for-each-ref --format %(refname) %(objectname) --sort -committerdate
> git remote --verbose
> git config --get commit.template
> git status -z -u
> git symbolic-ref --short HEAD
> git rev-parse main
> git rev-parse --symbolic-full-name main@{u}
> git rev-list --left-right main...refs/remotes/origin/main
> git for-each-ref --format %(refname) %(objectname) --sort -committerdate
> git remote --verbose
> git config --get commit.template
> git show :app/Http/Middleware/JwtMiddleware.php
> git show :app/Http/Middleware/JwtMiddleware.php
> git status -z -u
> git symbolic-ref --short HEAD
> git rev-parse main
> git rev-parse --symbolic-full-name main@{u}
> git rev-list --left-right main...refs/remotes/origin/main
> git for-each-ref --format %(refname) %(objectname) --sort -committerdate
> git remote --verbose
> git config --get commit.template
> git show :app/Http/Middleware/JwtMiddleware.php
> git status -z -u
> git symbolic-ref --short HEAD
> git rev-parse main
> git rev-parse --symbolic-full-name main@{u}
> git rev-list --left-right main...refs/remotes/origin/main
> git for-each-ref --format %(refname) %(objectname) --sort -committerdate
> git remote --verbose
> git config --get commit.template
> git show :app/Http/Middleware/JwtMiddleware.php
> git status -z -u
> git symbolic-ref --short HEAD
> git rev-parse main
> git rev-parse --symbolic-full-name main@{u}
> git rev-list --left-right main...refs/remotes/origin/main
> git for-each-ref --format %(refname) %(objectname) --sort -committerdate
> git remote --verbose
> git config --get commit.template
> git status -z -u
> git symbolic-ref --short HEAD
> git rev-parse main
> git rev-parse --symbolic-full-name main@{u}
> git rev-list --left-right main...refs/remotes/origin/main
> git for-each-ref --format %(refname) %(objectname) --sort -committerdate
> git remote --verbose
> git config --get commit.template
