Initializing document watcher...
laravel_flutter/app/Http/Controllers/AuthController.php: {"insertSpaces":true,"tabSize":4}
laravel_flutter/app/Http/Controllers/AuthController.php: Using EditorConfig core...
app/Http/Controllers/AuthController.php: setEndOfLine(LF)
app/Http/Controllers/AuthController.php: editor.action.trimTrailingWhitespace
laravel_flutter/app/Http/Controllers/AuthController.php: Using EditorConfig core...
app/Http/Controllers/AuthController.php: setEndOfLine(LF)
app/Http/Controllers/AuthController.php: editor.action.trimTrailingWhitespace
laravel_flutter/app/Http/Controllers/AuthController.php: Using EditorConfig core...
app/Http/Controllers/AuthController.php: setEndOfLine(LF)
app/Http/Controllers/AuthController.php: editor.action.trimTrailingWhitespace
laravel_flutter/app/Http/Controllers/AuthController.php: Using EditorConfig core...
app/Http/Controllers/AuthController.php: setEndOfLine(LF)
app/Http/Controllers/AuthController.php: editor.action.trimTrailingWhitespace
laravel_flutter/app/Http/Controllers/AuthController.php: Using EditorConfig core...
app/Http/Controllers/AuthController.php: setEndOfLine(LF)
app/Http/Controllers/AuthController.php: editor.action.trimTrailingWhitespace
laravel_flutter/app/Http/Controllers/AuthController.php: Using EditorConfig core...
app/Http/Controllers/AuthController.php: setEndOfLine(LF)
app/Http/Controllers/AuthController.php: editor.action.trimTrailingWhitespace
laravel_flutter/app/Http/Controllers/AuthController.php: Using EditorConfig core...
app/Http/Controllers/AuthController.php: setEndOfLine(LF)
app/Http/Controllers/AuthController.php: editor.action.trimTrailingWhitespace
laravel_flutter/app/Http/Controllers/AuthController.php: Using EditorConfig core...
app/Http/Controllers/AuthController.php: setEndOfLine(LF)
app/Http/Controllers/AuthController.php: editor.action.trimTrailingWhitespace
laravel_flutter/app/Http/Controllers/AuthController.php: Using EditorConfig core...
app/Http/Controllers/AuthController.php: setEndOfLine(LF)
app/Http/Controllers/AuthController.php: editor.action.trimTrailingWhitespace
laravel_flutter/app/Http/Controllers/AuthController.php: Using EditorConfig core...
app/Http/Controllers/AuthController.php: setEndOfLine(LF)
app/Http/Controllers/AuthController.php: editor.action.trimTrailingWhitespace
laravel_flutter/app/Http/Controllers/AuthController.php: Using EditorConfig core...
app/Http/Controllers/AuthController.php: setEndOfLine(LF)
app/Http/Controllers/AuthController.php: editor.action.trimTrailingWhitespace
laravel_flutter/app/Http/Controllers/AuthController.php: Using EditorConfig core...
app/Http/Controllers/AuthController.php: setEndOfLine(LF)
app/Http/Controllers/AuthController.php: editor.action.trimTrailingWhitespace
laravel_flutter/app/Http/Controllers/AuthController.php: Using EditorConfig core...
app/Http/Controllers/AuthController.php: setEndOfLine(LF)
app/Http/Controllers/AuthController.php: editor.action.trimTrailingWhitespace
laravel_flutter/app/Http/Controllers/AuthController.php: Using EditorConfig core...
app/Http/Controllers/AuthController.php: setEndOfLine(LF)
app/Http/Controllers/AuthController.php: editor.action.trimTrailingWhitespace
laravel_flutter/app/Http/Controllers/AuthController.php: Using EditorConfig core...
app/Http/Controllers/AuthController.php: setEndOfLine(LF)
app/Http/Controllers/AuthController.php: editor.action.trimTrailingWhitespace
laravel_flutter/app/Http/Controllers/AuthController.php: Using EditorConfig core...
app/Http/Controllers/AuthController.php: setEndOfLine(LF)
app/Http/Controllers/AuthController.php: editor.action.trimTrailingWhitespace
laravel_flutter/app/Http/Controllers/AuthController.php: Using EditorConfig core...
app/Http/Controllers/AuthController.php: setEndOfLine(LF)
app/Http/Controllers/AuthController.php: editor.action.trimTrailingWhitespace
laravel_flutter/app/Http/Controllers/AuthController.php: Using EditorConfig core...
app/Http/Controllers/AuthController.php: setEndOfLine(LF)
app/Http/Controllers/AuthController.php: editor.action.trimTrailingWhitespace
laravel_flutter/app/Http/Controllers/AuthController.php: Using EditorConfig core...
app/Http/Controllers/AuthController.php: setEndOfLine(LF)
app/Http/Controllers/AuthController.php: editor.action.trimTrailingWhitespace
laravel_flutter/app/Http/Controllers/AuthController.php: Using EditorConfig core...
app/Http/Controllers/AuthController.php: setEndOfLine(LF)
app/Http/Controllers/AuthController.php: editor.action.trimTrailingWhitespace
laravel_flutter/app/Http/Controllers/AuthController.php: Using EditorConfig core...
app/Http/Controllers/AuthController.php: setEndOfLine(LF)
app/Http/Controllers/AuthController.php: editor.action.trimTrailingWhitespace
laravel_flutter/app/Http/Controllers/AuthController.php: Using EditorConfig core...
app/Http/Controllers/AuthController.php: setEndOfLine(LF)
app/Http/Controllers/AuthController.php: editor.action.trimTrailingWhitespace
laravel_flutter/app/Http/Controllers/AuthController.php: Using EditorConfig core...
app/Http/Controllers/AuthController.php: setEndOfLine(LF)
app/Http/Controllers/AuthController.php: editor.action.trimTrailingWhitespace
laravel_flutter/app/Http/Controllers/AuthController.php: Using EditorConfig core...
app/Http/Controllers/AuthController.php: setEndOfLine(LF)
app/Http/Controllers/AuthController.php: editor.action.trimTrailingWhitespace
laravel_flutter/app/Http/Controllers/AuthController.php: Using EditorConfig core...
app/Http/Controllers/AuthController.php: setEndOfLine(LF)
app/Http/Controllers/AuthController.php: editor.action.trimTrailingWhitespace
laravel_flutter/app/Http/Controllers/AuthController.php: Using EditorConfig core...
app/Http/Controllers/AuthController.php: setEndOfLine(LF)
app/Http/Controllers/AuthController.php: editor.action.trimTrailingWhitespace
laravel_flutter/app/Http/Controllers/AuthController.php: Using EditorConfig core...
app/Http/Controllers/AuthController.php: setEndOfLine(LF)
app/Http/Controllers/AuthController.php: editor.action.trimTrailingWhitespace
laravel_flutter/app/Http/Controllers/AuthController.php: Using EditorConfig core...
app/Http/Controllers/AuthController.php: setEndOfLine(LF)
app/Http/Controllers/AuthController.php: editor.action.trimTrailingWhitespace
laravel_flutter/app/Http/Controllers/AuthController.php: Using EditorConfig core...
app/Http/Controllers/AuthController.php: setEndOfLine(LF)
app/Http/Controllers/AuthController.php: editor.action.trimTrailingWhitespace
laravel_flutter/app/Http/Controllers/AuthController.php: Using EditorConfig core...
app/Http/Controllers/AuthController.php: setEndOfLine(LF)
app/Http/Controllers/AuthController.php: editor.action.trimTrailingWhitespace
laravel_flutter/app/Http/Controllers/AuthController.php: Using EditorConfig core...
app/Http/Controllers/AuthController.php: setEndOfLine(LF)
app/Http/Controllers/AuthController.php: editor.action.trimTrailingWhitespace
laravel_flutter/app/Http/Resources/PostResource.php: {"insertSpaces":true,"tabSize":4}
