[2021-04-28 09:12:00.293] [renderer1] [error] Error: [File Watcher (chokidar)] Inotify limit reached (ENOSPC)
[2021-04-28 09:12:00.359] [renderer1] [error] [File Watcher (chokidar)] Inotify limit reached (ENOSPC)
[2021-04-28 14:52:40.335] [renderer1] [error] Cannot read property 'substring' of undefined: TypeError: Cannot read property 'substring' of undefined
	at LinkProvider.provideDocumentLinks (/root/.vscode/extensions/stef-k.laravel-goto-controller-0.0.12/out/link.js:42:69)
	at /usr/share/code/resources/app/out/vs/workbench/services/extensions/node/extensionHostProcess.js:572:295
	at /usr/share/code/resources/app/out/vs/workbench/services/extensions/node/extensionHostProcess.js:52:363
	at new Promise (<anonymous>)
	at Object.t.asPromise (/usr/share/code/resources/app/out/vs/workbench/services/extensions/node/extensionHostProcess.js:52:335)
	at O.provideLinks (/usr/share/code/resources/app/out/vs/workbench/services/extensions/node/extensionHostProcess.js:572:266)
	at /usr/share/code/resources/app/out/vs/workbench/services/extensions/node/extensionHostProcess.js:584:853
	at H._withAdapter (/usr/share/code/resources/app/out/vs/workbench/services/extensions/node/extensionHostProcess.js:576:901)
	at H.$provideDocumentLinks (/usr/share/code/resources/app/out/vs/workbench/services/extensions/node/extensionHostProcess.js:584:831)
	at f._doInvokeHandler (/usr/share/code/resources/app/out/vs/workbench/services/extensions/node/extensionHostProcess.js:646:285)
	at f._invokeHandler (/usr/share/code/resources/app/out/vs/workbench/services/extensions/node/extensionHostProcess.js:645:999)
	at f._receiveRequest (/usr/share/code/resources/app/out/vs/workbench/services/extensions/node/extensionHostProcess.js:644:613)
	at f._receiveOneMessage (/usr/share/code/resources/app/out/vs/workbench/services/extensions/node/extensionHostProcess.js:643:477)
	at /usr/share/code/resources/app/out/vs/workbench/services/extensions/node/extensionHostProcess.js:641:754
	at l.fire (/usr/share/code/resources/app/out/vs/workbench/services/extensions/node/extensionHostProcess.js:47:207)
	at _.fire (/usr/share/code/resources/app/out/vs/workbench/services/extensions/node/extensionHostProcess.js:187:274)
	at /usr/share/code/resources/app/out/vs/workbench/services/extensions/node/extensionHostProcess.js:798:285
	at l.fire (/usr/share/code/resources/app/out/vs/workbench/services/extensions/node/extensionHostProcess.js:47:207)
	at _.fire (/usr/share/code/resources/app/out/vs/workbench/services/extensions/node/extensionHostProcess.js:187:274)
	at t.PersistentProtocol._receiveMessage (/usr/share/code/resources/app/out/vs/workbench/services/extensions/node/extensionHostProcess.js:191:629)
	at /usr/share/code/resources/app/out/vs/workbench/services/extensions/node/extensionHostProcess.js:188:824
	at l.fire (/usr/share/code/resources/app/out/vs/workbench/services/extensions/node/extensionHostProcess.js:47:207)
	at f.acceptChunk (/usr/share/code/resources/app/out/vs/workbench/services/extensions/node/extensionHostProcess.js:184:737)
	at /usr/share/code/resources/app/out/vs/workbench/services/extensions/node/extensionHostProcess.js:184:89
	at Socket.t (/usr/share/code/resources/app/out/vs/workbench/services/extensions/node/extensionHostProcess.js:193:68)
	at Socket.emit (events.js:200:13)
	at addChunk (_stream_readable.js:294:12)
	at readableAddChunk (_stream_readable.js:275:11)
	at Socket.Readable.push (_stream_readable.js:210:10)
	at Pipe.onStreamRead (internal/stream_base_commons.js:166:17)
[2021-04-28 15:09:34.363] [renderer1] [error] Unable to read file (Error: File not found (/opt/lampp/htdocs/laravel_flutter/database/migrations/2021_04_28_135415_create_comment_with_posts_table.php)): Error: Unable to read file (Error: File not found (/opt/lampp/htdocs/laravel_flutter/database/migrations/2021_04_28_135415_create_comment_with_posts_table.php))
    at S.doReadAsFileStream (file:///usr/share/code/resources/app/out/vs/workbench/workbench.desktop.main.js:1559:715)
[2021-04-28 15:09:39.979] [renderer1] [error] Unable to read file (Error: File not found (/opt/lampp/htdocs/laravel_flutter/app/Models/CommentWithPost.php)): Error: Unable to read file (Error: File not found (/opt/lampp/htdocs/laravel_flutter/app/Models/CommentWithPost.php))
    at S.doReadAsFileStream (file:///usr/share/code/resources/app/out/vs/workbench/workbench.desktop.main.js:1559:715)
[2021-04-28 15:16:53.007] [renderer1] [error] Cannot read property 'substring' of undefined: TypeError: Cannot read property 'substring' of undefined
	at LinkProvider.provideDocumentLinks (/root/.vscode/extensions/stef-k.laravel-goto-controller-0.0.12/out/link.js:42:69)
	at /usr/share/code/resources/app/out/vs/workbench/services/extensions/node/extensionHostProcess.js:572:295
	at /usr/share/code/resources/app/out/vs/workbench/services/extensions/node/extensionHostProcess.js:52:363
	at new Promise (<anonymous>)
	at Object.t.asPromise (/usr/share/code/resources/app/out/vs/workbench/services/extensions/node/extensionHostProcess.js:52:335)
	at O.provideLinks (/usr/share/code/resources/app/out/vs/workbench/services/extensions/node/extensionHostProcess.js:572:266)
	at /usr/share/code/resources/app/out/vs/workbench/services/extensions/node/extensionHostProcess.js:584:853
	at H._withAdapter (/usr/share/code/resources/app/out/vs/workbench/services/extensions/node/extensionHostProcess.js:576:901)
	at H.$provideDocumentLinks (/usr/share/code/resources/app/out/vs/workbench/services/extensions/node/extensionHostProcess.js:584:831)
	at f._doInvokeHandler (/usr/share/code/resources/app/out/vs/workbench/services/extensions/node/extensionHostProcess.js:646:285)
	at f._invokeHandler (/usr/share/code/resources/app/out/vs/workbench/services/extensions/node/extensionHostProcess.js:645:999)
	at f._receiveRequest (/usr/share/code/resources/app/out/vs/workbench/services/extensions/node/extensionHostProcess.js:644:613)
	at f._receiveOneMessage (/usr/share/code/resources/app/out/vs/workbench/services/extensions/node/extensionHostProcess.js:643:477)
	at /usr/share/code/resources/app/out/vs/workbench/services/extensions/node/extensionHostProcess.js:641:754
	at l.fire (/usr/share/code/resources/app/out/vs/workbench/services/extensions/node/extensionHostProcess.js:47:207)
	at _.fire (/usr/share/code/resources/app/out/vs/workbench/services/extensions/node/extensionHostProcess.js:187:274)
	at /usr/share/code/resources/app/out/vs/workbench/services/extensions/node/extensionHostProcess.js:798:285
	at l.fire (/usr/share/code/resources/app/out/vs/workbench/services/extensions/node/extensionHostProcess.js:47:207)
	at _.fire (/usr/share/code/resources/app/out/vs/workbench/services/extensions/node/extensionHostProcess.js:187:274)
	at t.PersistentProtocol._receiveMessage (/usr/share/code/resources/app/out/vs/workbench/services/extensions/node/extensionHostProcess.js:191:629)
	at /usr/share/code/resources/app/out/vs/workbench/services/extensions/node/extensionHostProcess.js:188:824
	at l.fire (/usr/share/code/resources/app/out/vs/workbench/services/extensions/node/extensionHostProcess.js:47:207)
	at f.acceptChunk (/usr/share/code/resources/app/out/vs/workbench/services/extensions/node/extensionHostProcess.js:184:737)
	at /usr/share/code/resources/app/out/vs/workbench/services/extensions/node/extensionHostProcess.js:184:89
	at Socket.t (/usr/share/code/resources/app/out/vs/workbench/services/extensions/node/extensionHostProcess.js:193:68)
	at Socket.emit (events.js:200:13)
	at addChunk (_stream_readable.js:294:12)
	at readableAddChunk (_stream_readable.js:275:11)
	at Socket.Readable.push (_stream_readable.js:210:10)
	at Pipe.onStreamRead (internal/stream_base_commons.js:166:17)
[2021-04-28 15:17:01.543] [renderer1] [error] Cannot read property 'substring' of undefined: TypeError: Cannot read property 'substring' of undefined
	at LinkProvider.provideDocumentLinks (/root/.vscode/extensions/stef-k.laravel-goto-controller-0.0.12/out/link.js:42:69)
	at /usr/share/code/resources/app/out/vs/workbench/services/extensions/node/extensionHostProcess.js:572:295
	at /usr/share/code/resources/app/out/vs/workbench/services/extensions/node/extensionHostProcess.js:52:363
	at new Promise (<anonymous>)
	at Object.t.asPromise (/usr/share/code/resources/app/out/vs/workbench/services/extensions/node/extensionHostProcess.js:52:335)
	at O.provideLinks (/usr/share/code/resources/app/out/vs/workbench/services/extensions/node/extensionHostProcess.js:572:266)
	at /usr/share/code/resources/app/out/vs/workbench/services/extensions/node/extensionHostProcess.js:584:853
	at H._withAdapter (/usr/share/code/resources/app/out/vs/workbench/services/extensions/node/extensionHostProcess.js:576:901)
	at H.$provideDocumentLinks (/usr/share/code/resources/app/out/vs/workbench/services/extensions/node/extensionHostProcess.js:584:831)
	at f._doInvokeHandler (/usr/share/code/resources/app/out/vs/workbench/services/extensions/node/extensionHostProcess.js:646:285)
	at f._invokeHandler (/usr/share/code/resources/app/out/vs/workbench/services/extensions/node/extensionHostProcess.js:645:999)
	at f._receiveRequest (/usr/share/code/resources/app/out/vs/workbench/services/extensions/node/extensionHostProcess.js:644:613)
	at f._receiveOneMessage (/usr/share/code/resources/app/out/vs/workbench/services/extensions/node/extensionHostProcess.js:643:477)
	at /usr/share/code/resources/app/out/vs/workbench/services/extensions/node/extensionHostProcess.js:641:754
	at l.fire (/usr/share/code/resources/app/out/vs/workbench/services/extensions/node/extensionHostProcess.js:47:207)
	at _.fire (/usr/share/code/resources/app/out/vs/workbench/services/extensions/node/extensionHostProcess.js:187:274)
	at /usr/share/code/resources/app/out/vs/workbench/services/extensions/node/extensionHostProcess.js:798:285
	at l.fire (/usr/share/code/resources/app/out/vs/workbench/services/extensions/node/extensionHostProcess.js:47:207)
	at _.fire (/usr/share/code/resources/app/out/vs/workbench/services/extensions/node/extensionHostProcess.js:187:274)
	at t.PersistentProtocol._receiveMessage (/usr/share/code/resources/app/out/vs/workbench/services/extensions/node/extensionHostProcess.js:191:629)
	at /usr/share/code/resources/app/out/vs/workbench/services/extensions/node/extensionHostProcess.js:188:824
	at l.fire (/usr/share/code/resources/app/out/vs/workbench/services/extensions/node/extensionHostProcess.js:47:207)
	at f.acceptChunk (/usr/share/code/resources/app/out/vs/workbench/services/extensions/node/extensionHostProcess.js:184:737)
	at /usr/share/code/resources/app/out/vs/workbench/services/extensions/node/extensionHostProcess.js:184:89
	at Socket.t (/usr/share/code/resources/app/out/vs/workbench/services/extensions/node/extensionHostProcess.js:193:68)
	at Socket.emit (events.js:200:13)
	at addChunk (_stream_readable.js:294:12)
	at readableAddChunk (_stream_readable.js:275:11)
	at Socket.Readable.push (_stream_readable.js:210:10)
	at Pipe.onStreamRead (internal/stream_base_commons.js:166:17)
[2021-04-28 15:17:02.725] [renderer1] [error] Cannot read property 'substring' of undefined: TypeError: Cannot read property 'substring' of undefined
	at LinkProvider.provideDocumentLinks (/root/.vscode/extensions/stef-k.laravel-goto-controller-0.0.12/out/link.js:42:69)
	at /usr/share/code/resources/app/out/vs/workbench/services/extensions/node/extensionHostProcess.js:572:295
	at /usr/share/code/resources/app/out/vs/workbench/services/extensions/node/extensionHostProcess.js:52:363
	at new Promise (<anonymous>)
	at Object.t.asPromise (/usr/share/code/resources/app/out/vs/workbench/services/extensions/node/extensionHostProcess.js:52:335)
	at O.provideLinks (/usr/share/code/resources/app/out/vs/workbench/services/extensions/node/extensionHostProcess.js:572:266)
	at /usr/share/code/resources/app/out/vs/workbench/services/extensions/node/extensionHostProcess.js:584:853
	at H._withAdapter (/usr/share/code/resources/app/out/vs/workbench/services/extensions/node/extensionHostProcess.js:576:901)
	at H.$provideDocumentLinks (/usr/share/code/resources/app/out/vs/workbench/services/extensions/node/extensionHostProcess.js:584:831)
	at f._doInvokeHandler (/usr/share/code/resources/app/out/vs/workbench/services/extensions/node/extensionHostProcess.js:646:285)
	at f._invokeHandler (/usr/share/code/resources/app/out/vs/workbench/services/extensions/node/extensionHostProcess.js:645:999)
	at f._receiveRequest (/usr/share/code/resources/app/out/vs/workbench/services/extensions/node/extensionHostProcess.js:644:613)
	at f._receiveOneMessage (/usr/share/code/resources/app/out/vs/workbench/services/extensions/node/extensionHostProcess.js:643:477)
	at /usr/share/code/resources/app/out/vs/workbench/services/extensions/node/extensionHostProcess.js:641:754
	at l.fire (/usr/share/code/resources/app/out/vs/workbench/services/extensions/node/extensionHostProcess.js:47:207)
	at _.fire (/usr/share/code/resources/app/out/vs/workbench/services/extensions/node/extensionHostProcess.js:187:274)
	at /usr/share/code/resources/app/out/vs/workbench/services/extensions/node/extensionHostProcess.js:798:285
	at l.fire (/usr/share/code/resources/app/out/vs/workbench/services/extensions/node/extensionHostProcess.js:47:207)
	at _.fire (/usr/share/code/resources/app/out/vs/workbench/services/extensions/node/extensionHostProcess.js:187:274)
	at t.PersistentProtocol._receiveMessage (/usr/share/code/resources/app/out/vs/workbench/services/extensions/node/extensionHostProcess.js:191:629)
	at /usr/share/code/resources/app/out/vs/workbench/services/extensions/node/extensionHostProcess.js:188:824
	at l.fire (/usr/share/code/resources/app/out/vs/workbench/services/extensions/node/extensionHostProcess.js:47:207)
	at f.acceptChunk (/usr/share/code/resources/app/out/vs/workbench/services/extensions/node/extensionHostProcess.js:184:737)
	at /usr/share/code/resources/app/out/vs/workbench/services/extensions/node/extensionHostProcess.js:184:89
	at Socket.t (/usr/share/code/resources/app/out/vs/workbench/services/extensions/node/extensionHostProcess.js:193:68)
	at Socket.emit (events.js:200:13)
	at addChunk (_stream_readable.js:294:12)
	at readableAddChunk (_stream_readable.js:275:11)
	at Socket.Readable.push (_stream_readable.js:210:10)
	at Pipe.onStreamRead (internal/stream_base_commons.js:166:17)
[2021-04-28 15:17:04.803] [renderer1] [error] Cannot read property 'substring' of undefined: TypeError: Cannot read property 'substring' of undefined
	at LinkProvider.provideDocumentLinks (/root/.vscode/extensions/stef-k.laravel-goto-controller-0.0.12/out/link.js:42:69)
	at /usr/share/code/resources/app/out/vs/workbench/services/extensions/node/extensionHostProcess.js:572:295
	at /usr/share/code/resources/app/out/vs/workbench/services/extensions/node/extensionHostProcess.js:52:363
	at new Promise (<anonymous>)
	at Object.t.asPromise (/usr/share/code/resources/app/out/vs/workbench/services/extensions/node/extensionHostProcess.js:52:335)
	at O.provideLinks (/usr/share/code/resources/app/out/vs/workbench/services/extensions/node/extensionHostProcess.js:572:266)
	at /usr/share/code/resources/app/out/vs/workbench/services/extensions/node/extensionHostProcess.js:584:853
	at H._withAdapter (/usr/share/code/resources/app/out/vs/workbench/services/extensions/node/extensionHostProcess.js:576:901)
	at H.$provideDocumentLinks (/usr/share/code/resources/app/out/vs/workbench/services/extensions/node/extensionHostProcess.js:584:831)
	at f._doInvokeHandler (/usr/share/code/resources/app/out/vs/workbench/services/extensions/node/extensionHostProcess.js:646:285)
	at f._invokeHandler (/usr/share/code/resources/app/out/vs/workbench/services/extensions/node/extensionHostProcess.js:645:999)
	at f._receiveRequest (/usr/share/code/resources/app/out/vs/workbench/services/extensions/node/extensionHostProcess.js:644:613)
	at f._receiveOneMessage (/usr/share/code/resources/app/out/vs/workbench/services/extensions/node/extensionHostProcess.js:643:477)
	at /usr/share/code/resources/app/out/vs/workbench/services/extensions/node/extensionHostProcess.js:641:754
	at l.fire (/usr/share/code/resources/app/out/vs/workbench/services/extensions/node/extensionHostProcess.js:47:207)
	at _.fire (/usr/share/code/resources/app/out/vs/workbench/services/extensions/node/extensionHostProcess.js:187:274)
	at /usr/share/code/resources/app/out/vs/workbench/services/extensions/node/extensionHostProcess.js:798:285
	at l.fire (/usr/share/code/resources/app/out/vs/workbench/services/extensions/node/extensionHostProcess.js:47:207)
	at _.fire (/usr/share/code/resources/app/out/vs/workbench/services/extensions/node/extensionHostProcess.js:187:274)
	at t.PersistentProtocol._receiveMessage (/usr/share/code/resources/app/out/vs/workbench/services/extensions/node/extensionHostProcess.js:191:629)
	at /usr/share/code/resources/app/out/vs/workbench/services/extensions/node/extensionHostProcess.js:188:824
	at l.fire (/usr/share/code/resources/app/out/vs/workbench/services/extensions/node/extensionHostProcess.js:47:207)
	at f.acceptChunk (/usr/share/code/resources/app/out/vs/workbench/services/extensions/node/extensionHostProcess.js:184:737)
	at /usr/share/code/resources/app/out/vs/workbench/services/extensions/node/extensionHostProcess.js:184:89
	at Socket.t (/usr/share/code/resources/app/out/vs/workbench/services/extensions/node/extensionHostProcess.js:193:68)
	at Socket.emit (events.js:200:13)
	at addChunk (_stream_readable.js:294:12)
	at readableAddChunk (_stream_readable.js:275:11)
	at Socket.Readable.push (_stream_readable.js:210:10)
	at Pipe.onStreamRead (internal/stream_base_commons.js:166:17)
[2021-04-28 15:17:06.105] [renderer1] [error] Cannot read property 'substring' of undefined: TypeError: Cannot read property 'substring' of undefined
	at LinkProvider.provideDocumentLinks (/root/.vscode/extensions/stef-k.laravel-goto-controller-0.0.12/out/link.js:42:69)
	at /usr/share/code/resources/app/out/vs/workbench/services/extensions/node/extensionHostProcess.js:572:295
	at /usr/share/code/resources/app/out/vs/workbench/services/extensions/node/extensionHostProcess.js:52:363
	at new Promise (<anonymous>)
	at Object.t.asPromise (/usr/share/code/resources/app/out/vs/workbench/services/extensions/node/extensionHostProcess.js:52:335)
	at O.provideLinks (/usr/share/code/resources/app/out/vs/workbench/services/extensions/node/extensionHostProcess.js:572:266)
	at /usr/share/code/resources/app/out/vs/workbench/services/extensions/node/extensionHostProcess.js:584:853
	at H._withAdapter (/usr/share/code/resources/app/out/vs/workbench/services/extensions/node/extensionHostProcess.js:576:901)
	at H.$provideDocumentLinks (/usr/share/code/resources/app/out/vs/workbench/services/extensions/node/extensionHostProcess.js:584:831)
	at f._doInvokeHandler (/usr/share/code/resources/app/out/vs/workbench/services/extensions/node/extensionHostProcess.js:646:285)
	at f._invokeHandler (/usr/share/code/resources/app/out/vs/workbench/services/extensions/node/extensionHostProcess.js:645:999)
	at f._receiveRequest (/usr/share/code/resources/app/out/vs/workbench/services/extensions/node/extensionHostProcess.js:644:613)
	at f._receiveOneMessage (/usr/share/code/resources/app/out/vs/workbench/services/extensions/node/extensionHostProcess.js:643:477)
	at /usr/share/code/resources/app/out/vs/workbench/services/extensions/node/extensionHostProcess.js:641:754
	at l.fire (/usr/share/code/resources/app/out/vs/workbench/services/extensions/node/extensionHostProcess.js:47:207)
	at _.fire (/usr/share/code/resources/app/out/vs/workbench/services/extensions/node/extensionHostProcess.js:187:274)
	at /usr/share/code/resources/app/out/vs/workbench/services/extensions/node/extensionHostProcess.js:798:285
	at l.fire (/usr/share/code/resources/app/out/vs/workbench/services/extensions/node/extensionHostProcess.js:47:207)
	at _.fire (/usr/share/code/resources/app/out/vs/workbench/services/extensions/node/extensionHostProcess.js:187:274)
	at t.PersistentProtocol._receiveMessage (/usr/share/code/resources/app/out/vs/workbench/services/extensions/node/extensionHostProcess.js:191:629)
	at /usr/share/code/resources/app/out/vs/workbench/services/extensions/node/extensionHostProcess.js:188:824
	at l.fire (/usr/share/code/resources/app/out/vs/workbench/services/extensions/node/extensionHostProcess.js:47:207)
	at f.acceptChunk (/usr/share/code/resources/app/out/vs/workbench/services/extensions/node/extensionHostProcess.js:184:737)
	at /usr/share/code/resources/app/out/vs/workbench/services/extensions/node/extensionHostProcess.js:184:89
	at Socket.t (/usr/share/code/resources/app/out/vs/workbench/services/extensions/node/extensionHostProcess.js:193:68)
	at Socket.emit (events.js:200:13)
	at addChunk (_stream_readable.js:294:12)
	at readableAddChunk (_stream_readable.js:275:11)
	at Socket.Readable.push (_stream_readable.js:210:10)
	at Pipe.onStreamRead (internal/stream_base_commons.js:166:17)
[2021-04-28 15:17:07.439] [renderer1] [error] Cannot read property 'substring' of undefined: TypeError: Cannot read property 'substring' of undefined
	at LinkProvider.provideDocumentLinks (/root/.vscode/extensions/stef-k.laravel-goto-controller-0.0.12/out/link.js:42:69)
	at /usr/share/code/resources/app/out/vs/workbench/services/extensions/node/extensionHostProcess.js:572:295
	at /usr/share/code/resources/app/out/vs/workbench/services/extensions/node/extensionHostProcess.js:52:363
	at new Promise (<anonymous>)
	at Object.t.asPromise (/usr/share/code/resources/app/out/vs/workbench/services/extensions/node/extensionHostProcess.js:52:335)
	at O.provideLinks (/usr/share/code/resources/app/out/vs/workbench/services/extensions/node/extensionHostProcess.js:572:266)
	at /usr/share/code/resources/app/out/vs/workbench/services/extensions/node/extensionHostProcess.js:584:853
	at H._withAdapter (/usr/share/code/resources/app/out/vs/workbench/services/extensions/node/extensionHostProcess.js:576:901)
	at H.$provideDocumentLinks (/usr/share/code/resources/app/out/vs/workbench/services/extensions/node/extensionHostProcess.js:584:831)
	at f._doInvokeHandler (/usr/share/code/resources/app/out/vs/workbench/services/extensions/node/extensionHostProcess.js:646:285)
	at f._invokeHandler (/usr/share/code/resources/app/out/vs/workbench/services/extensions/node/extensionHostProcess.js:645:999)
	at f._receiveRequest (/usr/share/code/resources/app/out/vs/workbench/services/extensions/node/extensionHostProcess.js:644:613)
	at f._receiveOneMessage (/usr/share/code/resources/app/out/vs/workbench/services/extensions/node/extensionHostProcess.js:643:477)
	at /usr/share/code/resources/app/out/vs/workbench/services/extensions/node/extensionHostProcess.js:641:754
	at l.fire (/usr/share/code/resources/app/out/vs/workbench/services/extensions/node/extensionHostProcess.js:47:207)
	at _.fire (/usr/share/code/resources/app/out/vs/workbench/services/extensions/node/extensionHostProcess.js:187:274)
	at /usr/share/code/resources/app/out/vs/workbench/services/extensions/node/extensionHostProcess.js:798:285
	at l.fire (/usr/share/code/resources/app/out/vs/workbench/services/extensions/node/extensionHostProcess.js:47:207)
	at _.fire (/usr/share/code/resources/app/out/vs/workbench/services/extensions/node/extensionHostProcess.js:187:274)
	at t.PersistentProtocol._receiveMessage (/usr/share/code/resources/app/out/vs/workbench/services/extensions/node/extensionHostProcess.js:191:629)
	at /usr/share/code/resources/app/out/vs/workbench/services/extensions/node/extensionHostProcess.js:188:824
	at l.fire (/usr/share/code/resources/app/out/vs/workbench/services/extensions/node/extensionHostProcess.js:47:207)
	at f.acceptChunk (/usr/share/code/resources/app/out/vs/workbench/services/extensions/node/extensionHostProcess.js:184:737)
	at /usr/share/code/resources/app/out/vs/workbench/services/extensions/node/extensionHostProcess.js:184:89
	at Socket.t (/usr/share/code/resources/app/out/vs/workbench/services/extensions/node/extensionHostProcess.js:193:68)
	at Socket.emit (events.js:200:13)
	at addChunk (_stream_readable.js:294:12)
	at readableAddChunk (_stream_readable.js:275:11)
	at Socket.Readable.push (_stream_readable.js:210:10)
	at Pipe.onStreamRead (internal/stream_base_commons.js:166:17)
[2021-04-28 15:17:08.505] [renderer1] [error] Cannot read property 'substring' of undefined: TypeError: Cannot read property 'substring' of undefined
	at LinkProvider.provideDocumentLinks (/root/.vscode/extensions/stef-k.laravel-goto-controller-0.0.12/out/link.js:42:69)
	at /usr/share/code/resources/app/out/vs/workbench/services/extensions/node/extensionHostProcess.js:572:295
	at /usr/share/code/resources/app/out/vs/workbench/services/extensions/node/extensionHostProcess.js:52:363
	at new Promise (<anonymous>)
	at Object.t.asPromise (/usr/share/code/resources/app/out/vs/workbench/services/extensions/node/extensionHostProcess.js:52:335)
	at O.provideLinks (/usr/share/code/resources/app/out/vs/workbench/services/extensions/node/extensionHostProcess.js:572:266)
	at /usr/share/code/resources/app/out/vs/workbench/services/extensions/node/extensionHostProcess.js:584:853
	at H._withAdapter (/usr/share/code/resources/app/out/vs/workbench/services/extensions/node/extensionHostProcess.js:576:901)
	at H.$provideDocumentLinks (/usr/share/code/resources/app/out/vs/workbench/services/extensions/node/extensionHostProcess.js:584:831)
	at f._doInvokeHandler (/usr/share/code/resources/app/out/vs/workbench/services/extensions/node/extensionHostProcess.js:646:285)
	at f._invokeHandler (/usr/share/code/resources/app/out/vs/workbench/services/extensions/node/extensionHostProcess.js:645:999)
	at f._receiveRequest (/usr/share/code/resources/app/out/vs/workbench/services/extensions/node/extensionHostProcess.js:644:613)
	at f._receiveOneMessage (/usr/share/code/resources/app/out/vs/workbench/services/extensions/node/extensionHostProcess.js:643:477)
	at /usr/share/code/resources/app/out/vs/workbench/services/extensions/node/extensionHostProcess.js:641:754
	at l.fire (/usr/share/code/resources/app/out/vs/workbench/services/extensions/node/extensionHostProcess.js:47:207)
	at _.fire (/usr/share/code/resources/app/out/vs/workbench/services/extensions/node/extensionHostProcess.js:187:274)
	at /usr/share/code/resources/app/out/vs/workbench/services/extensions/node/extensionHostProcess.js:798:285
	at l.fire (/usr/share/code/resources/app/out/vs/workbench/services/extensions/node/extensionHostProcess.js:47:207)
	at _.fire (/usr/share/code/resources/app/out/vs/workbench/services/extensions/node/extensionHostProcess.js:187:274)
	at t.PersistentProtocol._receiveMessage (/usr/share/code/resources/app/out/vs/workbench/services/extensions/node/extensionHostProcess.js:191:629)
	at /usr/share/code/resources/app/out/vs/workbench/services/extensions/node/extensionHostProcess.js:188:824
	at l.fire (/usr/share/code/resources/app/out/vs/workbench/services/extensions/node/extensionHostProcess.js:47:207)
	at f.acceptChunk (/usr/share/code/resources/app/out/vs/workbench/services/extensions/node/extensionHostProcess.js:184:737)
	at /usr/share/code/resources/app/out/vs/workbench/services/extensions/node/extensionHostProcess.js:184:89
	at Socket.t (/usr/share/code/resources/app/out/vs/workbench/services/extensions/node/extensionHostProcess.js:193:68)
	at Socket.emit (events.js:200:13)
	at addChunk (_stream_readable.js:294:12)
	at readableAddChunk (_stream_readable.js:275:11)
	at Socket.Readable.push (_stream_readable.js:210:10)
	at Pipe.onStreamRead (internal/stream_base_commons.js:166:17)
