Looking for git in: git
Using git 2.7.4 from git
> git rev-parse --show-toplevel
> git rev-parse --git-dir
Open repository: /opt/lampp/htdocs/laravel_flutter
> git status -z -u
> git check-ignore -v -z --stdin
> git symbolic-ref --short HEAD
> git rev-parse main
> git rev-parse --symbolic-full-name main@{u}
> git rev-list --left-right main...refs/remotes/origin/main
> git for-each-ref --format %(refname) %(objectname) --sort -committerdate
> git remote --verbose
> git config --get commit.template
> git check-ignore -v -z --stdin
> git check-ignore -v -z --stdin
> git check-ignore -v -z --stdin
> git check-ignore -v -z --stdin
> git check-ignore -v -z --stdin
> git show :database/seeders/PostSeeder.php
> git ls-files --stage -- database/seeders/
> git status -z -u
> git show :database/seeders/TagSeeder.php
> git symbolic-ref --short HEAD
> git rev-parse main
> git rev-parse --symbolic-full-name main@{u}
> git rev-list --left-right main...refs/remotes/origin/main
> git for-each-ref --format %(refname) %(objectname) --sort -committerdate
> git remote --verbose
> git config --get commit.template
> git show :database/seeders/PostSeeder.php
> git ls-files --stage -- database/seeders/
> git show :database/seeders/DatabaseSeeder.php
> git show :database/seeders/TagSeeder.php
> git check-ignore -v -z --stdin
> git show :database/migrations/2021_04_19_092813_create_posts_table.php
> git status -z -u
> git symbolic-ref --short HEAD
> git rev-parse main
> git rev-parse --symbolic-full-name main@{u}
> git rev-list --left-right main...refs/remotes/origin/main
> git for-each-ref --format %(refname) %(objectname) --sort -committerdate
> git remote --verbose
> git config --get commit.template
> git show :database/seeders/PostSeeder.php
> git ls-files --stage -- database/seeders/
> git show :database/seeders/UserSeeder.php
> git check-ignore -v -z --stdin
> git status -z -u
> git show :database/seeders/UserSeeder.php
> git symbolic-ref --short HEAD
> git rev-parse main
> git rev-parse --symbolic-full-name main@{u}
> git rev-list --left-right main...refs/remotes/origin/main
> git for-each-ref --format %(refname) %(objectname) --sort -committerdate
> git remote --verbose
> git config --get commit.template
> git show :database/migrations/2021_04_20_130040_create_departements_table.php
> git show :database/migrations/2021_04_19_131852_create_comments_table.php
> git show :database/migrations/2021_04_19_093111_create_user_with_tags_table.php
> git show :database/migrations/2021_04_19_093011_create_tags_table.php
> git show :database/migrations/2021_04_20_130040_create_departements_table.php
> git show :database/migrations/2021_04_19_093247_create_post_with_tags_table.php
> git check-ignore -v -z --stdin
> git show :database/seeders/PostSeeder.php
> git show :database/seeders/DepartementSeeder.php
> git ls-files --stage -- database/seeders/
> git show :database/seeders/TagSeeder.php
> git show :database/seeders/DepartementSeeder.php
> git ls-files --stage -- database/seeders/
> git show :database/migrations/2021_04_20_130040_create_departements_table.php
> git show :database/seeders/DatabaseSeeder.php
> git show :database/seeders/DepartementSeeder.php
> git ls-files --stage -- database/seeders/
> git check-ignore -v -z --stdin
> git show :app/Models/Departement.php
> git show :app/Models/Tag.php
> git show :app/Models/Departement.php
> git show :app/Models/PostWithTag.php
> git show :app/Models/Tag.php
> git show :app/Models/Departement.php
> git show :database/seeders/DepartementSeeder.php
> git ls-files --stage -- database/seeders/
> git show :app/Models/Departement.php
> git status -z -u
> git symbolic-ref --short HEAD
> git rev-parse main
> git rev-parse --symbolic-full-name main@{u}
> git rev-list --left-right main...refs/remotes/origin/main
> git for-each-ref --format %(refname) %(objectname) --sort -committerdate
> git remote --verbose
> git show :app/Models/Departement.php
> git config --get commit.template
> git show :app/Models/Departement.php
> git status -z -u
> git symbolic-ref --short HEAD
> git rev-parse main
> git rev-parse --symbolic-full-name main@{u}
> git rev-list --left-right main...refs/remotes/origin/main
> git for-each-ref --format %(refname) %(objectname) --sort -committerdate
> git remote --verbose
> git config --get commit.template
> git show :database/migrations/2021_04_20_130040_create_departements_table.php
> git show :database/seeders/DatabaseSeeder.php
> git show :database/migrations/2021_04_19_092813_create_posts_table.php
> git show :database/migrations/2021_04_19_093011_create_tags_table.php
> git show :database/migrations/2021_04_19_093111_create_user_with_tags_table.php
> git show :database/migrations/2021_04_19_093011_create_tags_table.php
> git show :database/migrations/2014_10_12_000000_create_users_table.php
> git show :database/migrations/2021_04_20_130040_create_departements_table.php
> git show :database/seeders/TagSeeder.php
> git check-ignore -v -z --stdin
> git show :database/seeders/UserSeeder.php
> git show :database/migrations/2014_10_12_000000_create_users_table.php
> git show :database/migrations/2013_04_20_130040_create_departements_table.php
> git ls-files --stage -- database/migrations/
> git show :database/seeders/UserSeeder.php
> git show :database/seeders/DatabaseSeeder.php
> git show :database/seeders/TagSeeder.php
> git show :database/seeders/DatabaseSeeder.php
> git show :database/seeders/UserSeeder.php
> git show :database/seeders/TagSeeder.php
> git show :database/seeders/DatabaseSeeder.php
> git show :database/seeders/DepartementSeeder.php
> git show :database/seeders/UserSeeder.php
> git show :app/Models/Departement.php
> git show :database/seeders/TagSeeder.php
> git check-ignore -v -z --stdin
> git show :app/Models/Tag.php
> git check-ignore -v -z --stdin
> git check-ignore -v -z --stdin
> git check-ignore -v -z --stdin
> git check-ignore -v -z --stdin
> git check-ignore -v -z --stdin
> git show :app/Http/Resources/TagResource.php
> git show :app/Http/Controllers/TagController.php
> git status -z -u
> git symbolic-ref --short HEAD
> git rev-parse main
> git rev-parse --symbolic-full-name main@{u}
> git rev-list --left-right main...refs/remotes/origin/main
> git for-each-ref --format %(refname) %(objectname) --sort -committerdate
> git remote --verbose
> git show :app/Http/Controllers/TagController.php
> git config --get commit.template
> git status -z -u
> git symbolic-ref --short HEAD
> git rev-parse main
> git rev-parse --symbolic-full-name main@{u}
> git rev-list --left-right main...refs/remotes/origin/main
> git for-each-ref --format %(refname) %(objectname) --sort -committerdate
> git remote --verbose
> git config --get commit.template
> git show :app/Http/Controllers/TagController.php
> git status -z -u
> git symbolic-ref --short HEAD
> git rev-parse main
> git rev-parse --symbolic-full-name main@{u}
> git rev-list --left-right main...refs/remotes/origin/main
> git for-each-ref --format %(refname) %(objectname) --sort -committerdate
> git remote --verbose
> git config --get commit.template
> git show :app/Http/Controllers/TagController.php
> git show :app/Http/Controllers/DepartementController.php
> git show :app/Http/Controllers/TagController.php
> git show :app/Http/Controllers/DepartementController.php
> git show :app/Http/Controllers/TagController.php
> git show :app/Http/Controllers/DepartementController.php
> git check-ignore -v -z --stdin
> git show :app/Http/Resources/DepartementResource.php
> git ls-files --stage -- app/Http/Resources/
> git show :app/Http/Controllers/DepartementController.php
> git show :app/Http/Resources/DepartementResource.php
> git ls-files --stage -- app/Http/Resources/
> git show :app/Http/Resources/CommentResource.php
> git show :app/Http/Resources/TagResource.php
> git show :app/Http/Resources/DepartementResource.php
> git ls-files --stage -- app/Http/Resources/
> git status -z -u
> git symbolic-ref --short HEAD
> git rev-parse main
> git rev-parse --symbolic-full-name main@{u}
> git rev-list --left-right main...refs/remotes/origin/main
> git for-each-ref --format %(refname) %(objectname) --sort -committerdate
> git remote --verbose
> git config --get commit.template
> git show :app/Http/Controllers/AuthController.php
> git show :app/Http/Controllers/DepartementController.php
> git show :database/migrations/2019_08_19_000000_create_failed_jobs_table.php
> git show :database/migrations/2021_04_19_093111_create_user_with_tags_table.php
> git show :database/seeders/PostSeeder.php
> git show :database/seeders/DepartementSeeder.php
> git show :database/seeders/DatabaseSeeder.php
> git show :routes/api.php
> git show :app/Http/Controllers/AuthController.php
> git show :app/Http/Resources/PostResource.php
> git show :app/Http/Controllers/PostController.php
> git show :routes/api.php
