Initializing document watcher...
laravel_flutter/database/migrations/2014_10_12_000000_create_users_table.php: {"insertSpaces":true,"tabSize":4}
laravel_flutter/database/migrations/2014_10_12_000000_create_users_table.php: {"insertSpaces":true,"tabSize":4}
laravel_flutter/database/migrations/2014_10_12_000000_create_users_table.php: {"insertSpaces":true,"tabSize":4}
laravel_flutter/database/migrations/2014_10_12_000000_create_users_table.php: {"insertSpaces":true,"tabSize":4}
laravel_flutter/database/seeders/CommentSeeder.php: {"insertSpaces":true,"tabSize":4}
laravel_flutter/database/seeders/DatabaseSeeder.php: {"insertSpaces":true,"tabSize":4}
laravel_flutter/database/seeders/DepartementSeeder.php: {"insertSpaces":true,"tabSize":4}
laravel_flutter/database/seeders/CommentSeeder.php: {"insertSpaces":true,"tabSize":4}
laravel_flutter/database/seeders/CommentSeeder.php: {"insertSpaces":true,"tabSize":4}
laravel_flutter/database/migrations/2021_04_28_135415_create_comment_with_posts_table.php: {"insertSpaces":true,"tabSize":4}
laravel_flutter/database/migrations/2021_04_19_131852_create_comments_table.php: {"insertSpaces":true,"tabSize":4}
laravel_flutter/database/migrations/2021_04_28_135415_create_comment_with_posts_table.php: {"insertSpaces":true,"tabSize":4}
laravel_flutter/database/migrations/2021_04_19_093247_create_post_with_tags_table.php: {"insertSpaces":true,"tabSize":4}
laravel_flutter/database/migrations/2021_04_28_135415_create_comment_with_posts_table.php: {"insertSpaces":true,"tabSize":4}
laravel_flutter/database/migrations/2021_04_28_135415_create_comment_with_posts_table.php: Using EditorConfig core...
database/migrations/2021_04_28_135415_create_comment_with_posts_table.php: setEndOfLine(LF)
database/migrations/2021_04_28_135415_create_comment_with_posts_table.php: editor.action.trimTrailingWhitespace
laravel_flutter/database/migrations/2021_04_28_135415_create_comment_with_posts_table.php: Using EditorConfig core...
database/migrations/2021_04_28_135415_create_comment_with_posts_table.php: setEndOfLine(LF)
database/migrations/2021_04_28_135415_create_comment_with_posts_table.php: editor.action.trimTrailingWhitespace
laravel_flutter/database/migrations/2021_04_28_135415_create_comment_with_posts_table.php: Using EditorConfig core...
database/migrations/2021_04_28_135415_create_comment_with_posts_table.php: setEndOfLine(LF)
database/migrations/2021_04_28_135415_create_comment_with_posts_table.php: editor.action.trimTrailingWhitespace
laravel_flutter/database/migrations/2021_04_28_135415_create_comment_with_posts_table.php: Using EditorConfig core...
database/migrations/2021_04_28_135415_create_comment_with_posts_table.php: setEndOfLine(LF)
database/migrations/2021_04_28_135415_create_comment_with_posts_table.php: editor.action.trimTrailingWhitespace
laravel_flutter/database/migrations/2021_04_28_135415_create_comment_with_posts_table.php: Using EditorConfig core...
database/migrations/2021_04_28_135415_create_comment_with_posts_table.php: setEndOfLine(LF)
database/migrations/2021_04_28_135415_create_comment_with_posts_table.php: editor.action.trimTrailingWhitespace
laravel_flutter/database/migrations/2021_04_28_135415_create_comment_with_posts_table.php: Using EditorConfig core...
database/migrations/2021_04_28_135415_create_comment_with_posts_table.php: setEndOfLine(LF)
database/migrations/2021_04_28_135415_create_comment_with_posts_table.php: editor.action.trimTrailingWhitespace
laravel_flutter/database/migrations/2021_04_28_135415_create_comment_with_posts_table.php: Using EditorConfig core...
database/migrations/2021_04_28_135415_create_comment_with_posts_table.php: setEndOfLine(LF)
database/migrations/2021_04_28_135415_create_comment_with_posts_table.php: editor.action.trimTrailingWhitespace
laravel_flutter/database/migrations/2021_04_28_135415_create_comment_with_posts_table.php: Using EditorConfig core...
database/migrations/2021_04_28_135415_create_comment_with_posts_table.php: setEndOfLine(LF)
database/migrations/2021_04_28_135415_create_comment_with_posts_table.php: editor.action.trimTrailingWhitespace
laravel_flutter/database/migrations/2021_04_28_135415_create_comment_with_posts_table.php: Using EditorConfig core...
database/migrations/2021_04_28_135415_create_comment_with_posts_table.php: setEndOfLine(LF)
database/migrations/2021_04_28_135415_create_comment_with_posts_table.php: editor.action.trimTrailingWhitespace
laravel_flutter/database/migrations/2021_04_28_135415_create_comment_with_posts_table.php: Using EditorConfig core...
database/migrations/2021_04_28_135415_create_comment_with_posts_table.php: setEndOfLine(LF)
database/migrations/2021_04_28_135415_create_comment_with_posts_table.php: editor.action.trimTrailingWhitespace
laravel_flutter/database/migrations/2021_04_28_135415_create_comment_with_posts_table.php: Using EditorConfig core...
database/migrations/2021_04_28_135415_create_comment_with_posts_table.php: setEndOfLine(LF)
database/migrations/2021_04_28_135415_create_comment_with_posts_table.php: editor.action.trimTrailingWhitespace
laravel_flutter/database/migrations/2021_04_28_135415_create_comment_with_posts_table.php: Using EditorConfig core...
database/migrations/2021_04_28_135415_create_comment_with_posts_table.php: setEndOfLine(LF)
database/migrations/2021_04_28_135415_create_comment_with_posts_table.php: editor.action.trimTrailingWhitespace
laravel_flutter/database/migrations/2021_04_28_135415_create_comment_with_posts_table.php: Using EditorConfig core...
database/migrations/2021_04_28_135415_create_comment_with_posts_table.php: setEndOfLine(LF)
database/migrations/2021_04_28_135415_create_comment_with_posts_table.php: editor.action.trimTrailingWhitespace
laravel_flutter/database/migrations/2021_04_19_131852_create_comments_table.php: {"insertSpaces":true,"tabSize":4}
laravel_flutter/database/migrations/2021_04_28_135415_create_comment_with_posts_table.php: {"insertSpaces":true,"tabSize":4}
laravel_flutter/database/migrations/2021_04_19_131852_create_comments_table.php: {"insertSpaces":true,"tabSize":4}
laravel_flutter/database/migrations/2021_04_19_131852_create_comments_table.php: {"insertSpaces":true,"tabSize":4}
laravel_flutter/database/migrations/2021_04_19_131852_create_comments_table.php: {"insertSpaces":true,"tabSize":4}
laravel_flutter/database/migrations/2021_04_28_135415_create_comment_with_posts_table.php: {"insertSpaces":true,"tabSize":4}
laravel_flutter/database/seeders/CommentSeeder.php: {"insertSpaces":true,"tabSize":4}
laravel_flutter/database/seeders/DepartementSeeder.php: {"insertSpaces":true,"tabSize":4}
laravel_flutter/database/seeders/CommentSeeder.php: {"insertSpaces":true,"tabSize":4}
laravel_flutter/database/seeders/CommentSeeder.php: Using EditorConfig core...
database/seeders/CommentSeeder.php: setEndOfLine(LF)
database/seeders/CommentSeeder.php: editor.action.trimTrailingWhitespace
laravel_flutter/database/seeders/CommentSeeder.php: Using EditorConfig core...
database/seeders/CommentSeeder.php: setEndOfLine(LF)
database/seeders/CommentSeeder.php: editor.action.trimTrailingWhitespace
laravel_flutter/database/seeders/CommentSeeder.php: Using EditorConfig core...
database/seeders/CommentSeeder.php: setEndOfLine(LF)
database/seeders/CommentSeeder.php: editor.action.trimTrailingWhitespace
laravel_flutter/database/seeders/CommentSeeder.php: Using EditorConfig core...
database/seeders/CommentSeeder.php: setEndOfLine(LF)
database/seeders/CommentSeeder.php: editor.action.trimTrailingWhitespace
laravel_flutter/database/migrations/2021_04_28_135415_create_comment_with_posts_table.php: {"insertSpaces":true,"tabSize":4}
laravel_flutter/database/seeders/CommentSeeder.php: {"insertSpaces":true,"tabSize":4}
laravel_flutter/database/seeders/CommentSeeder.php: Using EditorConfig core...
database/seeders/CommentSeeder.php: setEndOfLine(LF)
database/seeders/CommentSeeder.php: editor.action.trimTrailingWhitespace
laravel_flutter/database/migrations/2021_04_28_135415_create_comment_with_posts_table.php: {"insertSpaces":true,"tabSize":4}
laravel_flutter/database/migrations/2021_04_28_135415_create_comment_with_posts_table.php: {"insertSpaces":true,"tabSize":4}
laravel_flutter/database/seeders/CommentSeeder.php: {"insertSpaces":true,"tabSize":4}
laravel_flutter/database/migrations/2021_04_28_135415_create_comment_with_posts_table.php: {"insertSpaces":true,"tabSize":4}
laravel_flutter/database/seeders/CommentSeeder.php: {"insertSpaces":true,"tabSize":4}
laravel_flutter/database/seeders/CommentSeeder.php: Using EditorConfig core...
database/seeders/CommentSeeder.php: setEndOfLine(LF)
database/seeders/CommentSeeder.php: editor.action.trimTrailingWhitespace
laravel_flutter/database/migrations/2021_04_28_135415_create_comment_with_posts_table.php: {"insertSpaces":true,"tabSize":4}
laravel_flutter/database/migrations/2021_04_28_135415_create_comment_with_posts_table.php: Using EditorConfig core...
database/migrations/2021_04_28_135415_create_comment_with_posts_table.php: setEndOfLine(LF)
database/migrations/2021_04_28_135415_create_comment_with_posts_table.php: editor.action.trimTrailingWhitespace
laravel_flutter/database/migrations/2021_04_28_135415_create_comment_with_posts_table.php: Using EditorConfig core...
database/migrations/2021_04_28_135415_create_comment_with_posts_table.php: setEndOfLine(LF)
database/migrations/2021_04_28_135415_create_comment_with_posts_table.php: editor.action.trimTrailingWhitespace
laravel_flutter/database/seeders/CommentSeeder.php: {"insertSpaces":true,"tabSize":4}
laravel_flutter/database/seeders/CommentSeeder.php: Using EditorConfig core...
database/seeders/CommentSeeder.php: setEndOfLine(LF)
database/seeders/CommentSeeder.php: editor.action.trimTrailingWhitespace
laravel_flutter/database/seeders/CommentSeeder.php: Using EditorConfig core...
database/seeders/CommentSeeder.php: setEndOfLine(LF)
database/seeders/CommentSeeder.php: editor.action.trimTrailingWhitespace
laravel_flutter/database/migrations/2021_04_28_135415_create_comment_with_posts_table.php: {"insertSpaces":true,"tabSize":4}
laravel_flutter/database/seeders/CommentSeeder.php: {"insertSpaces":true,"tabSize":4}
laravel_flutter/database/seeders/CommentSeeder.php: Using EditorConfig core...
database/seeders/CommentSeeder.php: setEndOfLine(LF)
database/seeders/CommentSeeder.php: editor.action.trimTrailingWhitespace
laravel_flutter/database/seeders/CommentSeeder.php: Using EditorConfig core...
database/seeders/CommentSeeder.php: setEndOfLine(LF)
database/seeders/CommentSeeder.php: editor.action.trimTrailingWhitespace
laravel_flutter/database/seeders/CommentSeeder.php: Using EditorConfig core...
database/seeders/CommentSeeder.php: setEndOfLine(LF)
database/seeders/CommentSeeder.php: editor.action.trimTrailingWhitespace
laravel_flutter/database/seeders/CommentSeeder.php: Using EditorConfig core...
database/seeders/CommentSeeder.php: setEndOfLine(LF)
database/seeders/CommentSeeder.php: editor.action.trimTrailingWhitespace
laravel_flutter/database/seeders/CommentSeeder.php: Using EditorConfig core...
database/seeders/CommentSeeder.php: setEndOfLine(LF)
database/seeders/CommentSeeder.php: editor.action.trimTrailingWhitespace
laravel_flutter/database/seeders/CommentSeeder.php: Using EditorConfig core...
database/seeders/CommentSeeder.php: setEndOfLine(LF)
database/seeders/CommentSeeder.php: editor.action.trimTrailingWhitespace
laravel_flutter/database/seeders/CommentSeeder.php: Using EditorConfig core...
database/seeders/CommentSeeder.php: setEndOfLine(LF)
database/seeders/CommentSeeder.php: editor.action.trimTrailingWhitespace
laravel_flutter/database/seeders/CommentSeeder.php: Using EditorConfig core...
database/seeders/CommentSeeder.php: setEndOfLine(LF)
database/seeders/CommentSeeder.php: editor.action.trimTrailingWhitespace
laravel_flutter/database/seeders/DepartementSeeder.php: {"insertSpaces":true,"tabSize":4}
laravel_flutter/database/seeders/CommentSeeder.php: {"insertSpaces":true,"tabSize":4}
laravel_flutter/database/seeders/CommentSeeder.php: Using EditorConfig core...
database/seeders/CommentSeeder.php: setEndOfLine(LF)
database/seeders/CommentSeeder.php: editor.action.trimTrailingWhitespace
laravel_flutter/database/seeders/CommentSeeder.php: Using EditorConfig core...
database/seeders/CommentSeeder.php: setEndOfLine(LF)
database/seeders/CommentSeeder.php: editor.action.trimTrailingWhitespace
laravel_flutter/database/migrations/2021_04_28_135415_create_comment_with_posts_table.php: {"insertSpaces":true,"tabSize":4}
laravel_flutter/database/migrations/2021_04_19_131852_create_comments_table.php: {"insertSpaces":true,"tabSize":4}
laravel_flutter/database/seeders/CommentSeeder.php: {"insertSpaces":true,"tabSize":4}
laravel_flutter/database/seeders/CommentSeeder.php: Using EditorConfig core...
database/seeders/CommentSeeder.php: setEndOfLine(LF)
database/seeders/CommentSeeder.php: editor.action.trimTrailingWhitespace
laravel_flutter/database/migrations/2021_04_19_131852_create_comments_table.php: {"insertSpaces":true,"tabSize":4}
laravel_flutter/database/migrations/2021_04_28_135415_create_comment_with_posts_table.php: {"insertSpaces":true,"tabSize":4}
No more open editors.
laravel_flutter/database/migrations/2021_04_19_131852_create_comments_table.php: {"insertSpaces":true,"tabSize":4}
laravel_flutter/app/Models/CommentWithPost.php: {"insertSpaces":true,"tabSize":4}
No more open editors.
laravel_flutter/database/migrations/2021_04_19_131852_create_comments_table.php: {"insertSpaces":true,"tabSize":4}
laravel_flutter/database/seeders/CommentSeeder.php: {"insertSpaces":true,"tabSize":4}
laravel_flutter/database/seeders/CommentSeeder.php: Using EditorConfig core...
database/seeders/CommentSeeder.php: setEndOfLine(LF)
database/seeders/CommentSeeder.php: editor.action.trimTrailingWhitespace
laravel_flutter/database/migrations/2021_04_19_131852_create_comments_table.php: {"insertSpaces":true,"tabSize":4}
laravel_flutter/database/seeders/CommentSeeder.php: {"insertSpaces":true,"tabSize":4}
laravel_flutter/database/seeders/CommentSeeder.php: Using EditorConfig core...
database/seeders/CommentSeeder.php: setEndOfLine(LF)
database/seeders/CommentSeeder.php: editor.action.trimTrailingWhitespace
laravel_flutter/database/seeders/CommentSeeder.php: Using EditorConfig core...
database/seeders/CommentSeeder.php: setEndOfLine(LF)
database/seeders/CommentSeeder.php: editor.action.trimTrailingWhitespace
laravel_flutter/database/seeders/CommentSeeder.php: Using EditorConfig core...
database/seeders/CommentSeeder.php: setEndOfLine(LF)
database/seeders/CommentSeeder.php: editor.action.trimTrailingWhitespace
laravel_flutter/database/seeders/CommentSeeder.php: Using EditorConfig core...
database/seeders/CommentSeeder.php: setEndOfLine(LF)
database/seeders/CommentSeeder.php: editor.action.trimTrailingWhitespace
laravel_flutter/database/seeders/CommentSeeder.php: Using EditorConfig core...
database/seeders/CommentSeeder.php: setEndOfLine(LF)
database/seeders/CommentSeeder.php: editor.action.trimTrailingWhitespace
laravel_flutter/database/migrations/2021_04_19_131852_create_comments_table.php: {"insertSpaces":true,"tabSize":4}
laravel_flutter/database/seeders/CommentSeeder.php: {"insertSpaces":true,"tabSize":4}
laravel_flutter/database/seeders/CommentSeeder.php: Using EditorConfig core...
database/seeders/CommentSeeder.php: setEndOfLine(LF)
database/seeders/CommentSeeder.php: editor.action.trimTrailingWhitespace
laravel_flutter/database/seeders/CommentSeeder.php: Using EditorConfig core...
database/seeders/CommentSeeder.php: setEndOfLine(LF)
database/seeders/CommentSeeder.php: editor.action.trimTrailingWhitespace
laravel_flutter/database/seeders/CommentSeeder.php: Using EditorConfig core...
database/seeders/CommentSeeder.php: setEndOfLine(LF)
database/seeders/CommentSeeder.php: editor.action.trimTrailingWhitespace
laravel_flutter/database/seeders/CommentSeeder.php: Using EditorConfig core...
database/seeders/CommentSeeder.php: setEndOfLine(LF)
database/seeders/CommentSeeder.php: editor.action.trimTrailingWhitespace
laravel_flutter/database/seeders/CommentSeeder.php: Using EditorConfig core...
database/seeders/CommentSeeder.php: setEndOfLine(LF)
database/seeders/CommentSeeder.php: editor.action.trimTrailingWhitespace
laravel_flutter/database/seeders/CommentSeeder.php: Using EditorConfig core...
database/seeders/CommentSeeder.php: setEndOfLine(LF)
database/seeders/CommentSeeder.php: editor.action.trimTrailingWhitespace
laravel_flutter/database/seeders/CommentSeeder.php: Using EditorConfig core...
database/seeders/CommentSeeder.php: setEndOfLine(LF)
database/seeders/CommentSeeder.php: editor.action.trimTrailingWhitespace
laravel_flutter/database/seeders/CommentSeeder.php: Using EditorConfig core...
database/seeders/CommentSeeder.php: setEndOfLine(LF)
database/seeders/CommentSeeder.php: editor.action.trimTrailingWhitespace
laravel_flutter/database/seeders/CommentSeeder.php: Using EditorConfig core...
database/seeders/CommentSeeder.php: setEndOfLine(LF)
database/seeders/CommentSeeder.php: editor.action.trimTrailingWhitespace
laravel_flutter/database/seeders/CommentSeeder.php: Using EditorConfig core...
database/seeders/CommentSeeder.php: setEndOfLine(LF)
database/seeders/CommentSeeder.php: editor.action.trimTrailingWhitespace
laravel_flutter/database/seeders/CommentSeeder.php: Using EditorConfig core...
database/seeders/CommentSeeder.php: setEndOfLine(LF)
database/seeders/CommentSeeder.php: editor.action.trimTrailingWhitespace
laravel_flutter/database/seeders/CommentSeeder.php: Using EditorConfig core...
database/seeders/CommentSeeder.php: setEndOfLine(LF)
database/seeders/CommentSeeder.php: editor.action.trimTrailingWhitespace
laravel_flutter/database/seeders/CommentSeeder.php: Using EditorConfig core...
database/seeders/CommentSeeder.php: setEndOfLine(LF)
database/seeders/CommentSeeder.php: editor.action.trimTrailingWhitespace
laravel_flutter/database/seeders/CommentSeeder.php: Using EditorConfig core...
database/seeders/CommentSeeder.php: setEndOfLine(LF)
database/seeders/CommentSeeder.php: editor.action.trimTrailingWhitespace
laravel_flutter/database/seeders/CommentSeeder.php: Using EditorConfig core...
database/seeders/CommentSeeder.php: setEndOfLine(LF)
database/seeders/CommentSeeder.php: editor.action.trimTrailingWhitespace
laravel_flutter/database/seeders/CommentSeeder.php: Using EditorConfig core...
database/seeders/CommentSeeder.php: setEndOfLine(LF)
database/seeders/CommentSeeder.php: editor.action.trimTrailingWhitespace
laravel_flutter/database/seeders/CommentSeeder.php: Using EditorConfig core...
database/seeders/CommentSeeder.php: setEndOfLine(LF)
database/seeders/CommentSeeder.php: editor.action.trimTrailingWhitespace
laravel_flutter/database/seeders/CommentSeeder.php: Using EditorConfig core...
database/seeders/CommentSeeder.php: setEndOfLine(LF)
database/seeders/CommentSeeder.php: editor.action.trimTrailingWhitespace
laravel_flutter/database/seeders/CommentSeeder.php: Using EditorConfig core...
database/seeders/CommentSeeder.php: setEndOfLine(LF)
database/seeders/CommentSeeder.php: editor.action.trimTrailingWhitespace
laravel_flutter/database/seeders/CommentSeeder.php: Using EditorConfig core...
database/seeders/CommentSeeder.php: setEndOfLine(LF)
database/seeders/CommentSeeder.php: editor.action.trimTrailingWhitespace
laravel_flutter/database/seeders/CommentSeeder.php: Using EditorConfig core...
database/seeders/CommentSeeder.php: setEndOfLine(LF)
database/seeders/CommentSeeder.php: editor.action.trimTrailingWhitespace
laravel_flutter/database/seeders/CommentSeeder.php: Using EditorConfig core...
database/seeders/CommentSeeder.php: setEndOfLine(LF)
database/seeders/CommentSeeder.php: editor.action.trimTrailingWhitespace
laravel_flutter/database/seeders/CommentSeeder.php: Using EditorConfig core...
database/seeders/CommentSeeder.php: setEndOfLine(LF)
database/seeders/CommentSeeder.php: editor.action.trimTrailingWhitespace
laravel_flutter/database/seeders/CommentSeeder.php: Using EditorConfig core...
database/seeders/CommentSeeder.php: setEndOfLine(LF)
database/seeders/CommentSeeder.php: editor.action.trimTrailingWhitespace
laravel_flutter/database/seeders/CommentSeeder.php: Using EditorConfig core...
database/seeders/CommentSeeder.php: setEndOfLine(LF)
database/seeders/CommentSeeder.php: editor.action.trimTrailingWhitespace
laravel_flutter/database/seeders/CommentSeeder.php: Using EditorConfig core...
database/seeders/CommentSeeder.php: setEndOfLine(LF)
database/seeders/CommentSeeder.php: editor.action.trimTrailingWhitespace
laravel_flutter/database/seeders/CommentSeeder.php: Using EditorConfig core...
database/seeders/CommentSeeder.php: setEndOfLine(LF)
database/seeders/CommentSeeder.php: editor.action.trimTrailingWhitespace
laravel_flutter/database/seeders/CommentSeeder.php: Using EditorConfig core...
database/seeders/CommentSeeder.php: setEndOfLine(LF)
database/seeders/CommentSeeder.php: editor.action.trimTrailingWhitespace
laravel_flutter/database/seeders/CommentSeeder.php: Using EditorConfig core...
database/seeders/CommentSeeder.php: setEndOfLine(LF)
database/seeders/CommentSeeder.php: editor.action.trimTrailingWhitespace
laravel_flutter/database/seeders/CommentSeeder.php: Using EditorConfig core...
database/seeders/CommentSeeder.php: setEndOfLine(LF)
database/seeders/CommentSeeder.php: editor.action.trimTrailingWhitespace
laravel_flutter/database/seeders/CommentSeeder.php: Using EditorConfig core...
database/seeders/CommentSeeder.php: setEndOfLine(LF)
database/seeders/CommentSeeder.php: editor.action.trimTrailingWhitespace
laravel_flutter/database/seeders/CommentSeeder.php: Using EditorConfig core...
database/seeders/CommentSeeder.php: setEndOfLine(LF)
database/seeders/CommentSeeder.php: editor.action.trimTrailingWhitespace
laravel_flutter/database/seeders/CommentSeeder.php: Using EditorConfig core...
database/seeders/CommentSeeder.php: setEndOfLine(LF)
database/seeders/CommentSeeder.php: editor.action.trimTrailingWhitespace
laravel_flutter/database/seeders/CommentSeeder.php: Using EditorConfig core...
database/seeders/CommentSeeder.php: setEndOfLine(LF)
database/seeders/CommentSeeder.php: editor.action.trimTrailingWhitespace
laravel_flutter/database/seeders/CommentSeeder.php: Using EditorConfig core...
database/seeders/CommentSeeder.php: setEndOfLine(LF)
database/seeders/CommentSeeder.php: editor.action.trimTrailingWhitespace
laravel_flutter/database/seeders/CommentSeeder.php: Using EditorConfig core...
database/seeders/CommentSeeder.php: setEndOfLine(LF)
database/seeders/CommentSeeder.php: editor.action.trimTrailingWhitespace
laravel_flutter/database/seeders/CommentSeeder.php: Using EditorConfig core...
database/seeders/CommentSeeder.php: setEndOfLine(LF)
database/seeders/CommentSeeder.php: editor.action.trimTrailingWhitespace
laravel_flutter/database/seeders/CommentSeeder.php: Using EditorConfig core...
database/seeders/CommentSeeder.php: setEndOfLine(LF)
database/seeders/CommentSeeder.php: editor.action.trimTrailingWhitespace
laravel_flutter/database/seeders/CommentSeeder.php: Using EditorConfig core...
database/seeders/CommentSeeder.php: setEndOfLine(LF)
database/seeders/CommentSeeder.php: editor.action.trimTrailingWhitespace
laravel_flutter/database/seeders/CommentSeeder.php: Using EditorConfig core...
database/seeders/CommentSeeder.php: setEndOfLine(LF)
database/seeders/CommentSeeder.php: editor.action.trimTrailingWhitespace
laravel_flutter/database/seeders/CommentSeeder.php: Using EditorConfig core...
database/seeders/CommentSeeder.php: setEndOfLine(LF)
database/seeders/CommentSeeder.php: editor.action.trimTrailingWhitespace
laravel_flutter/database/seeders/CommentSeeder.php: Using EditorConfig core...
database/seeders/CommentSeeder.php: setEndOfLine(LF)
database/seeders/CommentSeeder.php: editor.action.trimTrailingWhitespace
laravel_flutter/database/seeders/CommentSeeder.php: Using EditorConfig core...
database/seeders/CommentSeeder.php: setEndOfLine(LF)
database/seeders/CommentSeeder.php: editor.action.trimTrailingWhitespace
laravel_flutter/database/seeders/CommentSeeder.php: Using EditorConfig core...
database/seeders/CommentSeeder.php: setEndOfLine(LF)
database/seeders/CommentSeeder.php: editor.action.trimTrailingWhitespace
laravel_flutter/database/seeders/CommentSeeder.php: Using EditorConfig core...
database/seeders/CommentSeeder.php: setEndOfLine(LF)
database/seeders/CommentSeeder.php: editor.action.trimTrailingWhitespace
laravel_flutter/database/seeders/CommentSeeder.php: Using EditorConfig core...
database/seeders/CommentSeeder.php: setEndOfLine(LF)
database/seeders/CommentSeeder.php: editor.action.trimTrailingWhitespace
laravel_flutter/database/seeders/CommentSeeder.php: Using EditorConfig core...
database/seeders/CommentSeeder.php: setEndOfLine(LF)
database/seeders/CommentSeeder.php: editor.action.trimTrailingWhitespace
laravel_flutter/database/seeders/CommentSeeder.php: Using EditorConfig core...
database/seeders/CommentSeeder.php: setEndOfLine(LF)
database/seeders/CommentSeeder.php: editor.action.trimTrailingWhitespace
laravel_flutter/database/seeders/CommentSeeder.php: Using EditorConfig core...
database/seeders/CommentSeeder.php: setEndOfLine(LF)
database/seeders/CommentSeeder.php: editor.action.trimTrailingWhitespace
laravel_flutter/database/seeders/CommentSeeder.php: Using EditorConfig core...
database/seeders/CommentSeeder.php: setEndOfLine(LF)
database/seeders/CommentSeeder.php: editor.action.trimTrailingWhitespace
laravel_flutter/database/seeders/CommentSeeder.php: Using EditorConfig core...
database/seeders/CommentSeeder.php: setEndOfLine(LF)
database/seeders/CommentSeeder.php: editor.action.trimTrailingWhitespace
laravel_flutter/database/seeders/CommentSeeder.php: {"insertSpaces":true,"tabSize":4}
laravel_flutter/database/seeders/DatabaseSeeder.php: {"insertSpaces":true,"tabSize":4}
laravel_flutter/database/seeders/DatabaseSeeder.php: Using EditorConfig core...
database/seeders/DatabaseSeeder.php: setEndOfLine(LF)
database/seeders/DatabaseSeeder.php: editor.action.trimTrailingWhitespace
laravel_flutter/database/seeders/DatabaseSeeder.php: Using EditorConfig core...
database/seeders/DatabaseSeeder.php: setEndOfLine(LF)
database/seeders/DatabaseSeeder.php: editor.action.trimTrailingWhitespace
laravel_flutter/database/seeders/DatabaseSeeder.php: Using EditorConfig core...
database/seeders/DatabaseSeeder.php: setEndOfLine(LF)
database/seeders/DatabaseSeeder.php: editor.action.trimTrailingWhitespace
laravel_flutter/database/seeders/DatabaseSeeder.php: Using EditorConfig core...
database/seeders/DatabaseSeeder.php: setEndOfLine(LF)
database/seeders/DatabaseSeeder.php: editor.action.trimTrailingWhitespace
laravel_flutter/database/seeders/DatabaseSeeder.php: {"insertSpaces":true,"tabSize":4}
laravel_flutter/database/seeders/DatabaseSeeder.php: {"insertSpaces":true,"tabSize":4}
laravel_flutter/database/seeders/CommentSeeder.php: {"insertSpaces":true,"tabSize":4}
laravel_flutter/database/seeders/CommentSeeder.php: Using EditorConfig core...
database/seeders/CommentSeeder.php: setEndOfLine(LF)
database/seeders/CommentSeeder.php: editor.action.trimTrailingWhitespace
laravel_flutter/database/seeders/CommentSeeder.php: Using EditorConfig core...
database/seeders/CommentSeeder.php: setEndOfLine(LF)
database/seeders/CommentSeeder.php: editor.action.trimTrailingWhitespace
laravel_flutter/database/seeders/CommentSeeder.php: Using EditorConfig core...
database/seeders/CommentSeeder.php: setEndOfLine(LF)
database/seeders/CommentSeeder.php: editor.action.trimTrailingWhitespace
laravel_flutter/database/seeders/CommentSeeder.php: Using EditorConfig core...
database/seeders/CommentSeeder.php: setEndOfLine(LF)
database/seeders/CommentSeeder.php: editor.action.trimTrailingWhitespace
laravel_flutter/database/seeders/CommentSeeder.php: Using EditorConfig core...
database/seeders/CommentSeeder.php: setEndOfLine(LF)
database/seeders/CommentSeeder.php: editor.action.trimTrailingWhitespace
laravel_flutter/database/seeders/CommentSeeder.php: Using EditorConfig core...
database/seeders/CommentSeeder.php: setEndOfLine(LF)
database/seeders/CommentSeeder.php: editor.action.trimTrailingWhitespace
laravel_flutter/database/seeders/CommentSeeder.php: Using EditorConfig core...
database/seeders/CommentSeeder.php: setEndOfLine(LF)
database/seeders/CommentSeeder.php: editor.action.trimTrailingWhitespace
laravel_flutter/database/seeders/CommentSeeder.php: Using EditorConfig core...
database/seeders/CommentSeeder.php: setEndOfLine(LF)
database/seeders/CommentSeeder.php: editor.action.trimTrailingWhitespace
laravel_flutter/database/seeders/CommentSeeder.php: Using EditorConfig core...
database/seeders/CommentSeeder.php: setEndOfLine(LF)
database/seeders/CommentSeeder.php: editor.action.trimTrailingWhitespace
laravel_flutter/database/seeders/CommentSeeder.php: Using EditorConfig core...
database/seeders/CommentSeeder.php: setEndOfLine(LF)
database/seeders/CommentSeeder.php: editor.action.trimTrailingWhitespace
laravel_flutter/database/seeders/CommentSeeder.php: Using EditorConfig core...
database/seeders/CommentSeeder.php: setEndOfLine(LF)
database/seeders/CommentSeeder.php: editor.action.trimTrailingWhitespace
laravel_flutter/database/seeders/CommentSeeder.php: Using EditorConfig core...
database/seeders/CommentSeeder.php: setEndOfLine(LF)
database/seeders/CommentSeeder.php: editor.action.trimTrailingWhitespace
laravel_flutter/database/seeders/CommentSeeder.php: Using EditorConfig core...
database/seeders/CommentSeeder.php: setEndOfLine(LF)
database/seeders/CommentSeeder.php: editor.action.trimTrailingWhitespace
laravel_flutter/database/seeders/CommentSeeder.php: Using EditorConfig core...
database/seeders/CommentSeeder.php: setEndOfLine(LF)
database/seeders/CommentSeeder.php: editor.action.trimTrailingWhitespace
laravel_flutter/database/seeders/CommentSeeder.php: {"insertSpaces":true,"tabSize":4}
laravel_flutter/database/seeders/CommentSeeder.php: Using EditorConfig core...
database/seeders/CommentSeeder.php: setEndOfLine(LF)
database/seeders/CommentSeeder.php: editor.action.trimTrailingWhitespace
laravel_flutter/database/seeders/CommentSeeder.php: Using EditorConfig core...
database/seeders/CommentSeeder.php: setEndOfLine(LF)
database/seeders/CommentSeeder.php: editor.action.trimTrailingWhitespace
laravel_flutter/database/seeders/CommentSeeder.php: Using EditorConfig core...
database/seeders/CommentSeeder.php: setEndOfLine(LF)
database/seeders/CommentSeeder.php: editor.action.trimTrailingWhitespace
laravel_flutter/database/seeders/CommentSeeder.php: {"insertSpaces":true,"tabSize":4}
laravel_flutter/database/seeders/CommentSeeder.php: {"insertSpaces":true,"tabSize":4}
laravel_flutter/app/Http/Controllers/CommentController.php: {"insertSpaces":true,"tabSize":4}
laravel_flutter/app/Http/Controllers/PostWithTagController.php: {"insertSpaces":true,"tabSize":4}
laravel_flutter/app/Http/Controllers/CommentController.php: {"insertSpaces":true,"tabSize":4}
laravel_flutter/app/Http/Controllers/CommentController.php: Using EditorConfig core...
app/Http/Controllers/CommentController.php: setEndOfLine(LF)
app/Http/Controllers/CommentController.php: editor.action.trimTrailingWhitespace
laravel_flutter/app/Http/Controllers/CommentController.php: Using EditorConfig core...
app/Http/Controllers/CommentController.php: setEndOfLine(LF)
app/Http/Controllers/CommentController.php: editor.action.trimTrailingWhitespace
laravel_flutter/app/Http/Controllers/CommentController.php: Using EditorConfig core...
app/Http/Controllers/CommentController.php: setEndOfLine(LF)
app/Http/Controllers/CommentController.php: editor.action.trimTrailingWhitespace
laravel_flutter/app/Http/Controllers/CommentController.php: Using EditorConfig core...
app/Http/Controllers/CommentController.php: setEndOfLine(LF)
app/Http/Controllers/CommentController.php: editor.action.trimTrailingWhitespace
laravel_flutter/app/Http/Controllers/CommentController.php: Using EditorConfig core...
app/Http/Controllers/CommentController.php: setEndOfLine(LF)
app/Http/Controllers/CommentController.php: editor.action.trimTrailingWhitespace
laravel_flutter/app/Http/Controllers/CommentController.php: Using EditorConfig core...
app/Http/Controllers/CommentController.php: setEndOfLine(LF)
app/Http/Controllers/CommentController.php: editor.action.trimTrailingWhitespace
laravel_flutter/app/Http/Controllers/PostWithTagController.php: {"insertSpaces":true,"tabSize":4}
laravel_flutter/app/Http/Controllers/PostWithTagController.php: Using EditorConfig core...
app/Http/Controllers/PostWithTagController.php: setEndOfLine(LF)
app/Http/Controllers/PostWithTagController.php: editor.action.trimTrailingWhitespace
laravel_flutter/app/Http/Controllers/CommentController.php: {"insertSpaces":true,"tabSize":4}
laravel_flutter/app/Http/Controllers/CommentController.php: {"insertSpaces":true,"tabSize":4}
laravel_flutter/app/Http/Controllers/CommentController.php: Using EditorConfig core...
app/Http/Controllers/CommentController.php: setEndOfLine(LF)
app/Http/Controllers/CommentController.php: editor.action.trimTrailingWhitespace
laravel_flutter/app/Http/Controllers/CommentController.php: Using EditorConfig core...
app/Http/Controllers/CommentController.php: setEndOfLine(LF)
app/Http/Controllers/CommentController.php: editor.action.trimTrailingWhitespace
laravel_flutter/app/Http/Resources/CommentResource.php: {"insertSpaces":true,"tabSize":4}
laravel_flutter/database/migrations/2021_04_19_131852_create_comments_table.php: {"insertSpaces":true,"tabSize":4}
laravel_flutter/app/Http/Resources/CommentResource.php: {"insertSpaces":true,"tabSize":4}
laravel_flutter/app/Http/Resources/CommentResource.php: {"insertSpaces":true,"tabSize":4}
laravel_flutter/app/Http/Resources/CommentResource.php: Using EditorConfig core...
app/Http/Resources/CommentResource.php: setEndOfLine(LF)
app/Http/Resources/CommentResource.php: editor.action.trimTrailingWhitespace
laravel_flutter/app/Http/Resources/CommentResource.php: Using EditorConfig core...
app/Http/Resources/CommentResource.php: setEndOfLine(LF)
app/Http/Resources/CommentResource.php: editor.action.trimTrailingWhitespace
laravel_flutter/app/Http/Resources/CommentResource.php: Using EditorConfig core...
app/Http/Resources/CommentResource.php: setEndOfLine(LF)
app/Http/Resources/CommentResource.php: editor.action.trimTrailingWhitespace
laravel_flutter/app/Http/Resources/CommentResource.php: Using EditorConfig core...
app/Http/Resources/CommentResource.php: setEndOfLine(LF)
app/Http/Resources/CommentResource.php: editor.action.trimTrailingWhitespace
laravel_flutter/app/Http/Resources/CommentResource.php: Using EditorConfig core...
app/Http/Resources/CommentResource.php: setEndOfLine(LF)
app/Http/Resources/CommentResource.php: editor.action.trimTrailingWhitespace
laravel_flutter/app/Http/Resources/CommentResource.php: Using EditorConfig core...
app/Http/Resources/CommentResource.php: setEndOfLine(LF)
app/Http/Resources/CommentResource.php: editor.action.trimTrailingWhitespace
laravel_flutter/app/Http/Resources/CommentResource.php: Using EditorConfig core...
app/Http/Resources/CommentResource.php: setEndOfLine(LF)
app/Http/Resources/CommentResource.php: editor.action.trimTrailingWhitespace
laravel_flutter/app/Http/Resources/CommentResource.php: Using EditorConfig core...
app/Http/Resources/CommentResource.php: setEndOfLine(LF)
app/Http/Resources/CommentResource.php: editor.action.trimTrailingWhitespace
laravel_flutter/app/Http/Controllers/CommentController.php: {"insertSpaces":true,"tabSize":4}
laravel_flutter/routes/api.php: {"insertSpaces":true,"tabSize":4}
laravel_flutter/routes/api.php: Using EditorConfig core...
routes/api.php: setEndOfLine(LF)
routes/api.php: editor.action.trimTrailingWhitespace
laravel_flutter/routes/api.php: Using EditorConfig core...
routes/api.php: setEndOfLine(LF)
routes/api.php: editor.action.trimTrailingWhitespace
laravel_flutter/routes/api.php: Using EditorConfig core...
routes/api.php: setEndOfLine(LF)
routes/api.php: editor.action.trimTrailingWhitespace
laravel_flutter/routes/api.php: Using EditorConfig core...
routes/api.php: setEndOfLine(LF)
routes/api.php: editor.action.trimTrailingWhitespace
laravel_flutter/app/Http/Controllers/CommentController.php: {"insertSpaces":true,"tabSize":4}
laravel_flutter/routes/api.php: {"insertSpaces":true,"tabSize":4}
laravel_flutter/routes/api.php: Using EditorConfig core...
routes/api.php: setEndOfLine(LF)
routes/api.php: editor.action.trimTrailingWhitespace
laravel_flutter/routes/api.php: Using EditorConfig core...
routes/api.php: setEndOfLine(LF)
routes/api.php: editor.action.trimTrailingWhitespace
laravel_flutter/routes/api.php: Using EditorConfig core...
routes/api.php: setEndOfLine(LF)
routes/api.php: editor.action.trimTrailingWhitespace
laravel_flutter/database/seeders/CommentSeeder.php: {"insertSpaces":true,"tabSize":4}
laravel_flutter/database/seeders/CommentSeeder.php: {"insertSpaces":true,"tabSize":4}
laravel_flutter/app/Models/Comment.php: {"insertSpaces":true,"tabSize":4}
laravel_flutter/database/migrations/2021_04_19_131852_create_comments_table.php: {"insertSpaces":true,"tabSize":4}
laravel_flutter/app/Models/Post.php: {"insertSpaces":true,"tabSize":4}
laravel_flutter/app/Models/PostWithTag.php: {"insertSpaces":true,"tabSize":4}
laravel_flutter/app/Models/Post.php: {"insertSpaces":true,"tabSize":4}
laravel_flutter/app/Models/User.php: {"insertSpaces":true,"tabSize":4}
laravel_flutter/app/Http/Resources/PostResource.php: {"insertSpaces":true,"tabSize":4}
laravel_flutter/app/Models/Comment.php: {"insertSpaces":true,"tabSize":4}
laravel_flutter/app/Http/Resources/CommentResource.php: {"insertSpaces":true,"tabSize":4}
laravel_flutter/app/Http/Resources/PostResource.php: {"insertSpaces":true,"tabSize":4}
laravel_flutter/app/Http/Resources/CommentResource.php: {"insertSpaces":true,"tabSize":4}
laravel_flutter/app/Http/Resources/CommentResource.php: Using EditorConfig core...
app/Http/Resources/CommentResource.php: setEndOfLine(LF)
app/Http/Resources/CommentResource.php: editor.action.trimTrailingWhitespace
laravel_flutter/app/Http/Resources/CommentResource.php: Using EditorConfig core...
app/Http/Resources/CommentResource.php: setEndOfLine(LF)
app/Http/Resources/CommentResource.php: editor.action.trimTrailingWhitespace
laravel_flutter/app/Http/Resources/CommentResource.php: {"insertSpaces":true,"tabSize":4}
