Initializing document watcher...
laravel_flutter/database/seeders/UserSeeder.php: Using EditorConfig core...
database/seeders/UserSeeder.php: setEndOfLine(LF)
database/seeders/UserSeeder.php: editor.action.trimTrailingWhitespace
laravel_flutter/database/seeders/UserSeeder.php: Using EditorConfig core...
database/seeders/UserSeeder.php: setEndOfLine(LF)
database/seeders/UserSeeder.php: editor.action.trimTrailingWhitespace
laravel_flutter/database/seeders/UserSeeder.php: Using EditorConfig core...
database/seeders/UserSeeder.php: setEndOfLine(LF)
database/seeders/UserSeeder.php: editor.action.trimTrailingWhitespace
laravel_flutter/database/seeders/UserSeeder.php: Using EditorConfig core...
database/seeders/UserSeeder.php: setEndOfLine(LF)
database/seeders/UserSeeder.php: editor.action.trimTrailingWhitespace
laravel_flutter/database/seeders/UserSeeder.php: Using EditorConfig core...
database/seeders/UserSeeder.php: setEndOfLine(LF)
database/seeders/UserSeeder.php: editor.action.trimTrailingWhitespace
laravel_flutter/database/seeders/UserSeeder.php: Using EditorConfig core...
database/seeders/UserSeeder.php: setEndOfLine(LF)
database/seeders/UserSeeder.php: editor.action.trimTrailingWhitespace
laravel_flutter/database/seeders/UserSeeder.php: Using EditorConfig core...
database/seeders/UserSeeder.php: setEndOfLine(LF)
database/seeders/UserSeeder.php: editor.action.trimTrailingWhitespace
laravel_flutter/database/seeders/UserSeeder.php: Using EditorConfig core...
database/seeders/UserSeeder.php: setEndOfLine(LF)
database/seeders/UserSeeder.php: editor.action.trimTrailingWhitespace
laravel_flutter/database/seeders/UserSeeder.php: Using EditorConfig core...
database/seeders/UserSeeder.php: setEndOfLine(LF)
database/seeders/UserSeeder.php: editor.action.trimTrailingWhitespace
laravel_flutter/database/seeders/PostSeeder.php: {"insertSpaces":true,"tabSize":4}
laravel_flutter/database/seeders/PostSeeder.php: Using EditorConfig core...
database/seeders/PostSeeder.php: setEndOfLine(LF)
database/seeders/PostSeeder.php: editor.action.trimTrailingWhitespace
laravel_flutter/database/seeders/PostSeeder.php: Using EditorConfig core...
database/seeders/PostSeeder.php: setEndOfLine(LF)
database/seeders/PostSeeder.php: editor.action.trimTrailingWhitespace
laravel_flutter/database/seeders/PostSeeder.php: Using EditorConfig core...
database/seeders/PostSeeder.php: setEndOfLine(LF)
database/seeders/PostSeeder.php: editor.action.trimTrailingWhitespace
laravel_flutter/database/seeders/PostSeeder.php: Using EditorConfig core...
database/seeders/PostSeeder.php: setEndOfLine(LF)
database/seeders/PostSeeder.php: editor.action.trimTrailingWhitespace
laravel_flutter/database/seeders/PostSeeder.php: Using EditorConfig core...
database/seeders/PostSeeder.php: setEndOfLine(LF)
database/seeders/PostSeeder.php: editor.action.trimTrailingWhitespace
laravel_flutter/database/seeders/PostSeeder.php: Using EditorConfig core...
database/seeders/PostSeeder.php: setEndOfLine(LF)
database/seeders/PostSeeder.php: editor.action.trimTrailingWhitespace
laravel_flutter/database/seeders/PostSeeder.php: Using EditorConfig core...
database/seeders/PostSeeder.php: setEndOfLine(LF)
database/seeders/PostSeeder.php: editor.action.trimTrailingWhitespace
laravel_flutter/database/seeders/PostSeeder.php: Using EditorConfig core...
database/seeders/PostSeeder.php: setEndOfLine(LF)
database/seeders/PostSeeder.php: editor.action.trimTrailingWhitespace
laravel_flutter/database/seeders/PostSeeder.php: Using EditorConfig core...
database/seeders/PostSeeder.php: setEndOfLine(LF)
database/seeders/PostSeeder.php: editor.action.trimTrailingWhitespace
laravel_flutter/database/seeders/PostSeeder.php: Using EditorConfig core...
database/seeders/PostSeeder.php: setEndOfLine(LF)
database/seeders/PostSeeder.php: editor.action.trimTrailingWhitespace
laravel_flutter/database/seeders/PostSeeder.php: Using EditorConfig core...
database/seeders/PostSeeder.php: setEndOfLine(LF)
database/seeders/PostSeeder.php: editor.action.trimTrailingWhitespace
laravel_flutter/database/seeders/PostSeeder.php: Using EditorConfig core...
database/seeders/PostSeeder.php: setEndOfLine(LF)
database/seeders/PostSeeder.php: editor.action.trimTrailingWhitespace
laravel_flutter/database/seeders/PostSeeder.php: Using EditorConfig core...
database/seeders/PostSeeder.php: setEndOfLine(LF)
database/seeders/PostSeeder.php: editor.action.trimTrailingWhitespace
laravel_flutter/database/seeders/UserSeeder.php: {"insertSpaces":true,"tabSize":4}
laravel_flutter/database/seeders/PostSeeder.php: {"insertSpaces":true,"tabSize":4}
laravel_flutter/database/seeders/PostSeeder.php: Using EditorConfig core...
database/seeders/PostSeeder.php: setEndOfLine(LF)
database/seeders/PostSeeder.php: editor.action.trimTrailingWhitespace
laravel_flutter/database/seeders/PostSeeder.php: Using EditorConfig core...
database/seeders/PostSeeder.php: setEndOfLine(LF)
database/seeders/PostSeeder.php: editor.action.trimTrailingWhitespace
laravel_flutter/database/seeders/PostSeeder.php: Using EditorConfig core...
database/seeders/PostSeeder.php: setEndOfLine(LF)
database/seeders/PostSeeder.php: editor.action.trimTrailingWhitespace
laravel_flutter/database/seeders/PostSeeder.php: Using EditorConfig core...
database/seeders/PostSeeder.php: setEndOfLine(LF)
database/seeders/PostSeeder.php: editor.action.trimTrailingWhitespace
laravel_flutter/database/seeders/PostSeeder.php: Using EditorConfig core...
database/seeders/PostSeeder.php: setEndOfLine(LF)
database/seeders/PostSeeder.php: editor.action.trimTrailingWhitespace
laravel_flutter/database/seeders/PostSeeder.php: Using EditorConfig core...
database/seeders/PostSeeder.php: setEndOfLine(LF)
database/seeders/PostSeeder.php: editor.action.trimTrailingWhitespace
laravel_flutter/database/seeders/PostSeeder.php: Using EditorConfig core...
database/seeders/PostSeeder.php: setEndOfLine(LF)
database/seeders/PostSeeder.php: editor.action.trimTrailingWhitespace
laravel_flutter/database/seeders/PostSeeder.php: Using EditorConfig core...
database/seeders/PostSeeder.php: setEndOfLine(LF)
database/seeders/PostSeeder.php: editor.action.trimTrailingWhitespace
laravel_flutter/database/seeders/PostSeeder.php: Using EditorConfig core...
database/seeders/PostSeeder.php: setEndOfLine(LF)
database/seeders/PostSeeder.php: editor.action.trimTrailingWhitespace
laravel_flutter/database/seeders/PostSeeder.php: Using EditorConfig core...
database/seeders/PostSeeder.php: setEndOfLine(LF)
database/seeders/PostSeeder.php: editor.action.trimTrailingWhitespace
laravel_flutter/database/seeders/PostSeeder.php: Using EditorConfig core...
database/seeders/PostSeeder.php: setEndOfLine(LF)
database/seeders/PostSeeder.php: editor.action.trimTrailingWhitespace
laravel_flutter/database/seeders/PostSeeder.php: Using EditorConfig core...
database/seeders/PostSeeder.php: setEndOfLine(LF)
database/seeders/PostSeeder.php: editor.action.trimTrailingWhitespace
laravel_flutter/database/migrations/2021_04_19_092813_create_posts_table.php: {"insertSpaces":true,"tabSize":4}
