Looking for git in: git
Using git 2.7.4 from git
> git rev-parse --show-toplevel
> git rev-parse --git-dir
Open repository: /opt/lampp/htdocs/laravel_flutter
> git status -z -u
> git show :app/Http/Resources/CommentResource.php
> git show :app/Http/Resources/PostResource.php
> git check-ignore -v -z --stdin
> git symbolic-ref --short HEAD
> git rev-parse main
> git rev-parse --symbolic-full-name main@{u}
> git rev-list --left-right main...refs/remotes/origin/main
> git for-each-ref --format %(refname) %(objectname) --sort -committerdate
> git remote --verbose
> git show :app/Http/Resources/CommentResource.php
> git show :app/Http/Resources/PostResource.php
> git config --get commit.template
> git show :app/Http/Controllers/AuthController.php
> git show :app/Http/Controllers/DepartementController.php
> git show :app/Http/Controllers/AuthController.php
> git show :app/Http/Controllers/DepartementController.php
> git show :app/Http/Controllers/PostWithTagController.php
> git show :app/Http/Controllers/PostController.php
> git show :app/Http/Controllers/TagController.php
> git check-ignore -v -z --stdin
> git show :app/Models/User.php
> git check-ignore -v -z --stdin
> git show :app/Http/Controllers/AuthController.php
> git check-ignore -v -z --stdin
> git check-ignore -v -z --stdin
> git show :routes/api.php
> git show :app/Http/Controllers/AuthController.php
> git show :routes/api.php
> git check-ignore -v -z --stdin
> git show :app/Http/Controllers/AuthController.php
> git check-ignore -v -z --stdin
> git show :app/Http/Middleware/JwtMiddleware.php
> git show :app/Http/Controllers/AuthController.php
