Initializing document watcher...
laravel_flutter/app/Http/Controllers/AuthController.php: {"insertSpaces":true,"tabSize":4}
laravel_flutter/app/Http/Controllers/DepartementController.php: {"insertSpaces":true,"tabSize":4}
laravel_flutter/app/Http/Controllers/AuthController.php: {"insertSpaces":true,"tabSize":4}
laravel_flutter/app/Http/Controllers/AuthController.php: Using EditorConfig core...
app/Http/Controllers/AuthController.php: setEndOfLine(LF)
app/Http/Controllers/AuthController.php: editor.action.trimTrailingWhitespace
laravel_flutter/app/Http/Controllers/AuthController.php: Using EditorConfig core...
app/Http/Controllers/AuthController.php: setEndOfLine(LF)
app/Http/Controllers/AuthController.php: editor.action.trimTrailingWhitespace
laravel_flutter/app/Http/Controllers/AuthController.php: Using EditorConfig core...
app/Http/Controllers/AuthController.php: setEndOfLine(LF)
app/Http/Controllers/AuthController.php: editor.action.trimTrailingWhitespace
laravel_flutter/app/Http/Controllers/AuthController.php: Using EditorConfig core...
app/Http/Controllers/AuthController.php: setEndOfLine(LF)
app/Http/Controllers/AuthController.php: editor.action.trimTrailingWhitespace
laravel_flutter/app/Http/Controllers/AuthController.php: Using EditorConfig core...
app/Http/Controllers/AuthController.php: setEndOfLine(LF)
app/Http/Controllers/AuthController.php: editor.action.trimTrailingWhitespace
laravel_flutter/app/Http/Controllers/AuthController.php: Using EditorConfig core...
app/Http/Controllers/AuthController.php: setEndOfLine(LF)
app/Http/Controllers/AuthController.php: editor.action.trimTrailingWhitespace
laravel_flutter/app/Http/Controllers/AuthController.php: Using EditorConfig core...
app/Http/Controllers/AuthController.php: setEndOfLine(LF)
app/Http/Controllers/AuthController.php: editor.action.trimTrailingWhitespace
laravel_flutter/app/Http/Controllers/AuthController.php: Using EditorConfig core...
app/Http/Controllers/AuthController.php: setEndOfLine(LF)
app/Http/Controllers/AuthController.php: editor.action.trimTrailingWhitespace
laravel_flutter/app/Http/Controllers/AuthController.php: Using EditorConfig core...
app/Http/Controllers/AuthController.php: setEndOfLine(LF)
app/Http/Controllers/AuthController.php: editor.action.trimTrailingWhitespace
laravel_flutter/app/Http/Controllers/DepartementController.php: {"insertSpaces":true,"tabSize":4}
laravel_flutter/app/Http/Controllers/PostWithTagController.php: {"insertSpaces":true,"tabSize":4}
laravel_flutter/app/Http/Controllers/PostController.php: {"insertSpaces":true,"tabSize":4}
laravel_flutter/app/Http/Controllers/TagController.php: {"insertSpaces":true,"tabSize":4}
laravel_flutter/app/Models/User.php: {"insertSpaces":true,"tabSize":4}
laravel_flutter/app/Http/Controllers/AuthController.php: {"insertSpaces":true,"tabSize":4}
laravel_flutter/app/Http/Controllers/AuthController.php: Using EditorConfig core...
app/Http/Controllers/AuthController.php: setEndOfLine(LF)
app/Http/Controllers/AuthController.php: editor.action.trimTrailingWhitespace
laravel_flutter/app/Http/Controllers/AuthController.php: Using EditorConfig core...
app/Http/Controllers/AuthController.php: setEndOfLine(LF)
app/Http/Controllers/AuthController.php: editor.action.trimTrailingWhitespace
laravel_flutter/app/Http/Controllers/AuthController.php: Using EditorConfig core...
app/Http/Controllers/AuthController.php: setEndOfLine(LF)
app/Http/Controllers/AuthController.php: editor.action.trimTrailingWhitespace
laravel_flutter/app/Http/Controllers/AuthController.php: Using EditorConfig core...
app/Http/Controllers/AuthController.php: setEndOfLine(LF)
app/Http/Controllers/AuthController.php: editor.action.trimTrailingWhitespace
laravel_flutter/app/Http/Controllers/AuthController.php: Using EditorConfig core...
app/Http/Controllers/AuthController.php: setEndOfLine(LF)
app/Http/Controllers/AuthController.php: editor.action.trimTrailingWhitespace
laravel_flutter/app/Http/Controllers/AuthController.php: Using EditorConfig core...
app/Http/Controllers/AuthController.php: setEndOfLine(LF)
app/Http/Controllers/AuthController.php: editor.action.trimTrailingWhitespace
laravel_flutter/app/Http/Controllers/AuthController.php: Using EditorConfig core...
app/Http/Controllers/AuthController.php: setEndOfLine(LF)
app/Http/Controllers/AuthController.php: editor.action.trimTrailingWhitespace
laravel_flutter/app/Http/Controllers/AuthController.php: Using EditorConfig core...
app/Http/Controllers/AuthController.php: setEndOfLine(LF)
app/Http/Controllers/AuthController.php: editor.action.trimTrailingWhitespace
laravel_flutter/app/Http/Controllers/AuthController.php: Using EditorConfig core...
app/Http/Controllers/AuthController.php: setEndOfLine(LF)
app/Http/Controllers/AuthController.php: editor.action.trimTrailingWhitespace
laravel_flutter/app/Http/Controllers/AuthController.php: Using EditorConfig core...
app/Http/Controllers/AuthController.php: setEndOfLine(LF)
app/Http/Controllers/AuthController.php: editor.action.trimTrailingWhitespace
laravel_flutter/app/Http/Controllers/AuthController.php: Using EditorConfig core...
app/Http/Controllers/AuthController.php: setEndOfLine(LF)
app/Http/Controllers/AuthController.php: editor.action.trimTrailingWhitespace
laravel_flutter/app/Http/Controllers/AuthController.php: Using EditorConfig core...
app/Http/Controllers/AuthController.php: setEndOfLine(LF)
app/Http/Controllers/AuthController.php: editor.action.trimTrailingWhitespace
laravel_flutter/app/Http/Controllers/AuthController.php: Using EditorConfig core...
app/Http/Controllers/AuthController.php: setEndOfLine(LF)
app/Http/Controllers/AuthController.php: editor.action.trimTrailingWhitespace
laravel_flutter/app/Http/Controllers/AuthController.php: Using EditorConfig core...
app/Http/Controllers/AuthController.php: setEndOfLine(LF)
app/Http/Controllers/AuthController.php: editor.action.trimTrailingWhitespace
laravel_flutter/app/Http/Controllers/AuthController.php: Using EditorConfig core...
app/Http/Controllers/AuthController.php: setEndOfLine(LF)
app/Http/Controllers/AuthController.php: editor.action.trimTrailingWhitespace
laravel_flutter/app/Http/Controllers/AuthController.php: Using EditorConfig core...
app/Http/Controllers/AuthController.php: setEndOfLine(LF)
app/Http/Controllers/AuthController.php: editor.action.trimTrailingWhitespace
laravel_flutter/app/Http/Controllers/AuthController.php: Using EditorConfig core...
app/Http/Controllers/AuthController.php: setEndOfLine(LF)
app/Http/Controllers/AuthController.php: editor.action.trimTrailingWhitespace
laravel_flutter/app/Http/Controllers/AuthController.php: Using EditorConfig core...
app/Http/Controllers/AuthController.php: setEndOfLine(LF)
app/Http/Controllers/AuthController.php: editor.action.trimTrailingWhitespace
laravel_flutter/app/Http/Controllers/AuthController.php: Using EditorConfig core...
app/Http/Controllers/AuthController.php: setEndOfLine(LF)
app/Http/Controllers/AuthController.php: editor.action.trimTrailingWhitespace
laravel_flutter/app/Http/Controllers/AuthController.php: Using EditorConfig core...
app/Http/Controllers/AuthController.php: setEndOfLine(LF)
app/Http/Controllers/AuthController.php: editor.action.trimTrailingWhitespace
laravel_flutter/routes/api.php: {"insertSpaces":true,"tabSize":4}
laravel_flutter/routes/api.php: Using EditorConfig core...
routes/api.php: setEndOfLine(LF)
routes/api.php: editor.action.trimTrailingWhitespace
laravel_flutter/routes/api.php: Using EditorConfig core...
routes/api.php: setEndOfLine(LF)
routes/api.php: editor.action.trimTrailingWhitespace
laravel_flutter/routes/api.php: Using EditorConfig core...
routes/api.php: setEndOfLine(LF)
routes/api.php: editor.action.trimTrailingWhitespace
laravel_flutter/routes/api.php: Using EditorConfig core...
routes/api.php: setEndOfLine(LF)
routes/api.php: editor.action.trimTrailingWhitespace
laravel_flutter/routes/api.php: Using EditorConfig core...
routes/api.php: setEndOfLine(LF)
routes/api.php: editor.action.trimTrailingWhitespace
laravel_flutter/app/Http/Controllers/AuthController.php: {"insertSpaces":true,"tabSize":4}
laravel_flutter/app/Http/Controllers/AuthController.php: {"insertSpaces":true,"tabSize":4}
laravel_flutter/routes/api.php: {"insertSpaces":true,"tabSize":4}
laravel_flutter/routes/api.php: {"insertSpaces":true,"tabSize":4}
laravel_flutter/app/Http/Controllers/AuthController.php: {"insertSpaces":true,"tabSize":4}
laravel_flutter/app/Http/Controllers/AuthController.php: Using EditorConfig core...
app/Http/Controllers/AuthController.php: setEndOfLine(LF)
app/Http/Controllers/AuthController.php: editor.action.trimTrailingWhitespace
laravel_flutter/app/Http/Controllers/AuthController.php: Using EditorConfig core...
app/Http/Controllers/AuthController.php: setEndOfLine(LF)
app/Http/Controllers/AuthController.php: editor.action.trimTrailingWhitespace
laravel_flutter/app/Http/Controllers/AuthController.php: {"insertSpaces":true,"tabSize":4}
laravel_flutter/app/Http/Controllers/AuthController.php: {"insertSpaces":true,"tabSize":4}
laravel_flutter/app/Http/Middleware/JwtMiddleware.php: {"insertSpaces":true,"tabSize":4}
laravel_flutter/app/Http/Controllers/AuthController.php: {"insertSpaces":true,"tabSize":4}
laravel_flutter/app/Http/Controllers/AuthController.php: Using EditorConfig core...
app/Http/Controllers/AuthController.php: setEndOfLine(LF)
app/Http/Controllers/AuthController.php: editor.action.trimTrailingWhitespace
laravel_flutter/app/Http/Controllers/AuthController.php: Using EditorConfig core...
app/Http/Controllers/AuthController.php: setEndOfLine(LF)
app/Http/Controllers/AuthController.php: editor.action.trimTrailingWhitespace
laravel_flutter/app/Http/Controllers/AuthController.php: Using EditorConfig core...
app/Http/Controllers/AuthController.php: setEndOfLine(LF)
app/Http/Controllers/AuthController.php: editor.action.trimTrailingWhitespace
laravel_flutter/app/Http/Controllers/AuthController.php: Using EditorConfig core...
app/Http/Controllers/AuthController.php: setEndOfLine(LF)
app/Http/Controllers/AuthController.php: editor.action.trimTrailingWhitespace
laravel_flutter/app/Http/Controllers/AuthController.php: Using EditorConfig core...
app/Http/Controllers/AuthController.php: setEndOfLine(LF)
app/Http/Controllers/AuthController.php: editor.action.trimTrailingWhitespace
laravel_flutter/app/Http/Controllers/AuthController.php: Using EditorConfig core...
app/Http/Controllers/AuthController.php: setEndOfLine(LF)
app/Http/Controllers/AuthController.php: editor.action.trimTrailingWhitespace
laravel_flutter/app/Http/Controllers/AuthController.php: Using EditorConfig core...
app/Http/Controllers/AuthController.php: setEndOfLine(LF)
app/Http/Controllers/AuthController.php: editor.action.trimTrailingWhitespace
laravel_flutter/app/Http/Controllers/AuthController.php: Using EditorConfig core...
app/Http/Controllers/AuthController.php: setEndOfLine(LF)
app/Http/Controllers/AuthController.php: editor.action.trimTrailingWhitespace
laravel_flutter/app/Http/Controllers/AuthController.php: Using EditorConfig core...
app/Http/Controllers/AuthController.php: setEndOfLine(LF)
app/Http/Controllers/AuthController.php: editor.action.trimTrailingWhitespace
laravel_flutter/app/Http/Controllers/AuthController.php: Using EditorConfig core...
app/Http/Controllers/AuthController.php: setEndOfLine(LF)
app/Http/Controllers/AuthController.php: editor.action.trimTrailingWhitespace
laravel_flutter/app/Http/Controllers/AuthController.php: Using EditorConfig core...
app/Http/Controllers/AuthController.php: setEndOfLine(LF)
app/Http/Controllers/AuthController.php: editor.action.trimTrailingWhitespace
laravel_flutter/app/Http/Controllers/AuthController.php: Using EditorConfig core...
app/Http/Controllers/AuthController.php: setEndOfLine(LF)
app/Http/Controllers/AuthController.php: editor.action.trimTrailingWhitespace
laravel_flutter/app/Http/Controllers/AuthController.php: Using EditorConfig core...
app/Http/Controllers/AuthController.php: setEndOfLine(LF)
app/Http/Controllers/AuthController.php: editor.action.trimTrailingWhitespace
laravel_flutter/app/Http/Controllers/AuthController.php: Using EditorConfig core...
app/Http/Controllers/AuthController.php: setEndOfLine(LF)
app/Http/Controllers/AuthController.php: editor.action.trimTrailingWhitespace
laravel_flutter/app/Http/Controllers/AuthController.php: Using EditorConfig core...
app/Http/Controllers/AuthController.php: setEndOfLine(LF)
app/Http/Controllers/AuthController.php: editor.action.trimTrailingWhitespace
